[2020-12-23 11:41:03 PM]  13 1 0 2 0 3 3 4 19 0 0 0 0 0 0 161 
[2020-12-23 11:41:05 PM]  13 1 0 2 0 3 3 4 19 43 23 0 0 0 0 161 
[2020-12-23 11:41:08 PM]  13 1 0 2 0 3 3 4 19 39 23 0 0 0 0 161 
[2020-12-23 11:41:10 PM]  13 1 0 2 0 3 3 4 19 43 23 0 0 0 0 161 
[2020-12-23 11:41:12 PM]  13 1 0 2 0 3 3 4 19 42 23 0 0 0 0 161 
[2020-12-23 11:41:14 PM]  13 1 0 2 0 3 3 4 19 42 23 0 0 0 0 161 
[2020-12-23 11:41:18 PM]  13 1 0 2 0 3 3 4 19 42 23 0 0 0 0 161 
[2020-12-23 11:41:19 PM]  13 1 0 2 0 3 3 4 19 42 23 0 0 0 0 161 
[2020-12-23 11:41:21 PM]  13 1 0 2 0 3 3 4 19 42 23 0 0 0 0 161 
[2020-12-23 11:41:24 PM]  13 1 0 2 0 3 3 4 19 42 23 0 0 0 0 161 
[2020-12-23 11:41:26 PM]  13 1 0 2 0 3 3 4 19 42 23 0 0 0 0 161 
[2020-12-23 11:41:28 PM]  13 1 0 2 0 3 3 4 19 41 23 0 0 0 0 161 
[2020-12-23 11:41:30 PM]  13 1 0 2 0 3 3 4 19 41 23 0 0 0 0 161 
[2020-12-23 11:41:33 PM]  13 1 0 2 0 3 3 4 19 41 23 0 0 0 0 161 
[2020-12-23 11:41:35 PM]  13 1 0 2 0 3 3 4 19 41 23 0 0 0 0 161 
[2020-12-23 11:41:37 PM]  13 1 0 2 0 3 3 4 19 41 23 0 0 0 0 161 
[2020-12-23 11:41:39 PM]  13 1 0 2 0 3 3 4 19 41 23 0 0 0 0 161 
[2020-12-23 11:41:42 PM]  13 1 0 2 0 3 3 4 19 41 23 0 0 0 0 161 
[2020-12-23 11:41:44 PM]  13 1 0 2 0 3 3 4 19 41 23 0 0 0 0 161 
[2020-12-23 11:41:46 PM]  13 1 0 2 0 3 3 4 19 41 23 0 0 0 0 161 
[2020-12-23 11:41:47 PM]  13 1 0 2 0 3 2 4 44 20 25 0 0 0 0 161 
[2020-12-23 11:41:49 PM]  13 1 0 2 0 3 3 4 19 41 23 0 0 0 0 161 
[2020-12-23 11:41:49 PM]  13 1 0 2 0 3 2 4 44 20 25 0 0 0 0 161 
[2020-12-23 11:41:51 PM]  13 1 0 2 0 3 2 4 44 20 25 0 0 0 0 161 
[2020-12-23 11:41:51 PM]  13 1 0 2 0 3 3 4 19 41 23 0 0 0 0 161 
[2020-12-23 11:41:53 PM]  13 1 0 2 0 3 2 4 44 20 25 0 0 0 0 161 
[2020-12-23 11:41:53 PM]  13 1 0 2 0 3 3 4 19 41 23 0 0 0 0 161 
[2020-12-23 11:41:55 PM]  13 1 0 2 0 3 2 4 44 20 25 0 0 0 0 161 
[2020-12-23 11:41:55 PM]  13 1 0 2 0 3 3 4 19 41 23 0 0 0 0 161 
[2020-12-23 11:41:57 PM]  13 1 0 2 0 3 2 4 44 20 25 0 0 0 0 161 
[2020-12-23 11:41:58 PM]  13 1 0 2 0 3 3 4 19 41 23 0 0 0 0 161 
[2020-12-23 11:41:59 PM]  13 1 0 2 0 3 2 4 44 20 25 0 0 0 0 161 
[2020-12-23 11:42:00 PM]  13 1 0 2 0 3 2 4 19 41 23 0 0 0 0 161 
[2020-12-23 11:42:01 PM]  13 1 0 2 0 3 2 4 44 20 25 0 0 0 0 161 
[2020-12-23 11:42:02 PM]  13 1 0 2 0 3 3 4 19 41 23 0 0 0 0 161 
[2020-12-23 11:42:03 PM]  13 1 0 2 0 3 2 4 44 20 25 0 0 0 0 161 
[2020-12-23 11:42:04 PM]  13 1 0 2 0 3 3 4 19 41 23 0 0 0 0 161 
[2020-12-23 11:42:05 PM]  13 1 0 2 0 3 2 4 44 20 25 0 0 0 0 161 
[2020-12-23 11:42:07 PM]  13 1 0 2 0 3 3 4 19 41 23 0 0 0 0 161 
[2020-12-23 11:42:07 PM]  13 1 0 2 0 3 2 4 44 20 25 0 0 0 0 161 
[2020-12-23 11:42:09 PM]  13 1 0 2 0 3 2 4 44 20 25 0 0 0 0 161 
[2020-12-23 11:42:09 PM]  13 1 0 2 0 3 3 4 19 41 23 0 0 0 0 161 
[2020-12-23 11:42:11 PM]  13 1 0 2 0 3 2 4 44 20 25 0 0 0 0 161 
[2020-12-23 11:42:11 PM]  13 1 0 2 0 3 3 4 19 41 23 0 0 0 0 161 
[2020-12-23 11:42:13 PM]  13 1 0 2 0 3 2 4 44 20 25 0 0 0 0 161 
[2020-12-23 11:42:14 PM]  13 1 0 2 0 3 3 4 19 41 23 0 0 0 0 161 
[2020-12-23 11:42:15 PM]  13 1 0 2 0 3 2 4 44 20 25 0 0 0 0 161 
[2020-12-23 11:42:16 PM]  13 1 0 2 0 3 3 4 19 41 23 0 0 0 0 161 
[2020-12-23 11:42:17 PM]  13 1 0 2 0 3 2 4 44 20 25 0 0 0 0 161 
[2020-12-23 11:42:18 PM]  13 1 0 2 0 3 3 4 19 41 23 0 0 0 0 161 
[2020-12-23 11:42:19 PM]  13 1 0 2 0 3 2 4 44 20 25 0 0 0 0 161 
[2020-12-23 11:42:20 PM]  13 1 0 2 0 3 3 4 19 41 23 0 0 0 0 161 
[2020-12-23 11:42:21 PM]  13 1 0 2 0 3 2 4 44 20 25 0 0 0 0 161 
[2020-12-23 11:42:23 PM]  13 1 0 2 0 3 3 4 19 41 23 0 0 0 0 161 
[2020-12-23 11:42:23 PM]  13 1 0 2 0 3 2 4 44 20 25 0 0 0 0 161 
[2020-12-23 11:42:25 PM]  13 1 0 2 0 3 2 4 44 20 25 0 0 0 0 161 
[2020-12-23 11:42:25 PM]  13 1 0 2 0 3 3 4 19 41 23 0 0 0 0 161 
[2020-12-23 11:42:27 PM]  13 1 0 2 0 3 2 4 44 20 25 0 0 0 0 161 
[2020-12-23 11:42:27 PM]  13 1 0 2 0 3 3 4 19 41 23 0 0 0 0 161 
[2020-12-23 11:42:29 PM]  13 1 0 2 0 3 2 4 44 20 25 0 0 0 0 161 
[2020-12-23 11:42:29 PM]  13 1 0 2 0 3 3 4 19 41 23 0 0 0 0 161 
[2020-12-23 11:42:31 PM]  13 1 0 2 0 3 2 4 44 20 25 0 0 0 0 161 
[2020-12-23 11:42:32 PM]  13 1 0 2 0 3 3 4 19 41 23 0 0 0 0 161 
[2020-12-23 11:42:33 PM]  13 1 0 2 0 3 2 4 44 20 25 0 0 0 0 161 
[2020-12-23 11:42:34 PM]  13 1 0 2 0 3 3 4 19 41 23 0 0 0 0 161 
[2020-12-23 11:42:35 PM]  13 1 0 2 0 3 2 4 44 20 25 0 0 0 0 161 
[2020-12-23 11:42:36 PM]  13 1 0 2 0 3 3 4 19 41 23 0 0 0 0 161 
[2020-12-23 11:42:37 PM]  13 1 0 2 0 3 2 4 44 20 25 0 0 0 0 161 
[2020-12-23 11:42:39 PM]  13 1 0 2 0 3 3 4 19 41 23 0 0 0 0 161 
[2020-12-23 11:42:39 PM]  13 1 0 2 0 3 2 4 44 20 25 0 0 0 0 161 
[2020-12-23 11:42:41 PM]  13 1 0 2 0 3 2 4 44 20 25 0 0 0 0 161 
[2020-12-23 11:42:41 PM]  13 1 0 2 0 3 3 4 19 41 23 0 0 0 0 161 
[2020-12-23 11:42:43 PM]  13 1 0 2 0 3 2 4 44 20 25 0 0 0 0 161 
[2020-12-23 11:42:43 PM]  13 1 0 2 0 3 3 4 19 41 23 0 0 0 0 161 
[2020-12-23 11:42:45 PM]  13 1 0 2 0 3 2 4 44 20 25 0 0 0 0 161 
[2020-12-23 11:42:45 PM]  13 1 0 2 0 3 3 4 19 41 23 0 0 0 0 161 
[2020-12-23 11:42:47 PM]  13 1 0 2 0 3 2 4 44 20 25 0 0 0 0 161 
[2020-12-23 11:42:48 PM]  13 1 0 2 0 3 3 4 19 41 23 0 0 0 0 161 
[2020-12-23 11:42:49 PM]  13 1 0 2 0 3 2 4 44 20 25 0 0 0 0 161 
[2020-12-23 11:42:50 PM]  13 1 0 2 0 3 3 4 19 41 23 0 0 0 0 161 
[2020-12-23 11:42:51 PM]  13 1 0 2 0 3 2 4 44 20 25 0 0 0 0 161 
[2020-12-23 11:42:52 PM]  13 1 0 2 0 3 3 4 19 41 23 0 0 0 0 161 
[2020-12-23 11:42:53 PM]  13 1 0 2 0 3 2 4 44 20 25 0 0 0 0 161 
[2020-12-23 11:42:54 PM]  13 1 0 2 0 3 3 4 19 41 23 0 0 0 0 161 
[2020-12-23 11:42:55 PM]  13 1 0 2 0 3 2 4 44 20 25 0 0 0 0 161 
[2020-12-23 11:42:57 PM]  13 1 0 2 0 3 3 4 19 41 23 0 0 0 0 161 
[2020-12-23 11:42:57 PM]  13 1 0 2 0 3 2 4 44 20 25 0 0 0 0 161 
[2020-12-23 11:42:59 PM]  13 1 0 2 0 3 2 4 44 20 25 0 0 0 0 161 
[2020-12-23 11:42:59 PM]  13 1 0 2 0 3 3 4 19 41 23 0 0 0 0 161 
[2020-12-23 11:43:01 PM]  13 1 0 2 0 3 2 4 44 20 25 0 0 0 0 161 
[2020-12-23 11:43:01 PM]  13 1 0 2 0 3 3 4 19 41 23 0 0 0 0 161 
[2020-12-23 11:43:03 PM]  13 1 0 2 0 3 2 4 44 20 25 0 0 0 0 161 
[2020-12-23 11:43:04 PM]  13 1 0 2 0 3 3 4 19 41 23 0 0 0 0 161 
[2020-12-23 11:43:05 PM]  13 1 0 2 0 3 2 4 44 20 25 0 0 0 0 161 
[2020-12-23 11:43:06 PM]  13 1 0 2 0 3 3 4 19 41 23 0 0 0 0 161 
[2020-12-23 11:43:07 PM]  13 1 0 2 0 3 2 4 44 20 25 0 0 0 0 161 
[2020-12-23 11:43:08 PM]  13 1 0 2 0 3 3 4 19 41 23 0 0 0 0 161 
[2020-12-23 11:43:09 PM]  13 1 0 2 0 3 2 4 44 20 25 0 0 0 0 161 
[2020-12-23 11:43:10 PM]  13 1 0 2 0 3 3 4 19 41 23 0 0 0 0 161 
[2020-12-23 11:43:11 PM]  13 1 0 2 0 3 2 4 44 20 25 0 0 0 0 161 
[2020-12-23 11:43:13 PM]  13 1 0 2 0 3 3 4 19 41 23 0 0 0 0 161 
[2020-12-23 11:43:13 PM]  13 1 0 2 0 3 2 4 44 20 25 0 0 0 0 161 
[2020-12-23 11:43:15 PM]  13 1 0 2 0 3 2 4 44 20 25 0 0 0 0 161 
[2020-12-23 11:43:15 PM]  13 1 0 2 0 3 3 4 19 41 23 0 0 0 0 161 
[2020-12-23 11:43:17 PM]  13 1 0 2 0 3 2 4 44 20 25 0 0 0 0 161 
[2020-12-23 11:43:17 PM]  13 1 0 2 0 3 3 4 19 41 23 0 0 0 0 161 
[2020-12-23 11:43:19 PM]  13 1 0 2 0 3 2 4 44 20 25 0 0 0 0 161 
[2020-12-23 11:43:20 PM]  13 1 0 2 0 3 3 4 19 41 23 0 0 0 0 161 
[2020-12-23 11:43:21 PM]  13 1 0 2 0 3 2 4 44 20 25 0 0 0 0 161 
[2020-12-23 11:43:22 PM]  13 1 0 2 0 3 3 4 19 41 23 0 0 0 0 161 
[2020-12-23 11:43:23 PM]  13 1 0 2 0 3 2 4 44 20 25 0 0 0 0 161 
[2020-12-23 11:43:24 PM]  13 1 0 2 0 3 3 4 19 41 23 0 0 0 0 161 
[2020-12-23 11:43:25 PM]  13 1 0 2 0 3 2 4 44 20 25 0 0 0 0 161 
[2020-12-23 11:43:26 PM]  13 1 0 2 0 3 3 4 19 41 23 0 0 0 0 161 
[2020-12-23 11:43:27 PM]  13 1 0 2 0 3 2 4 44 20 25 0 0 0 0 161 
[2020-12-23 11:43:29 PM]  13 1 0 2 0 3 3 4 19 41 23 0 0 0 0 161 
[2020-12-23 11:43:29 PM]  13 1 0 2 0 3 2 4 44 20 25 0 0 0 0 161 
[2020-12-23 11:43:31 PM]  13 1 0 2 0 3 2 4 44 20 25 0 0 0 0 161 
[2020-12-23 11:43:31 PM]  13 1 0 2 0 3 3 4 19 41 23 0 0 0 0 161 
[2020-12-23 11:43:33 PM]  13 1 0 2 0 3 2 4 44 20 25 0 0 0 0 161 
[2020-12-23 11:43:33 PM]  13 1 0 2 0 3 3 4 19 41 23 0 0 0 0 161 
[2020-12-23 11:43:35 PM]  13 1 0 2 0 3 2 4 44 20 25 0 0 0 0 161 
[2020-12-23 11:43:35 PM]  13 1 0 2 0 3 3 4 19 41 23 0 0 0 0 161 
[2020-12-23 11:43:37 PM]  13 1 0 2 0 3 2 4 44 20 25 0 0 0 0 161 
[2020-12-23 11:43:38 PM]  13 1 0 2 0 3 3 4 19 41 23 0 0 0 0 161 
[2020-12-23 11:43:39 PM]  13 1 0 2 0 3 2 4 44 20 25 0 0 0 0 161 
[2020-12-23 11:43:40 PM]  13 1 0 2 0 3 3 4 19 41 23 0 0 0 0 161 
[2020-12-23 11:43:41 PM]  13 1 0 2 0 3 2 4 44 20 25 0 0 0 0 161 
[2020-12-23 11:43:42 PM]  13 1 0 2 0 3 3 4 19 41 23 0 0 0 0 161 
[2020-12-23 11:43:43 PM]  13 1 0 2 0 3 2 4 44 20 25 0 0 0 0 161 
[2020-12-23 11:43:45 PM]  13 1 0 2 0 3 3 4 19 41 23 0 0 0 0 161 
[2020-12-23 11:43:45 PM]  13 1 0 2 0 3 2 4 44 20 25 0 0 0 0 161 
[2020-12-23 11:43:47 PM]  13 1 0 2 0 3 2 4 44 20 25 0 0 0 0 161 
[2020-12-23 11:43:47 PM]  13 1 0 2 0 3 3 4 19 41 23 0 0 0 0 161 
[2020-12-23 11:43:49 PM]  13 1 0 2 0 3 2 4 44 20 25 0 0 0 0 161 
[2020-12-23 11:43:49 PM]  13 1 0 2 0 3 3 4 19 41 23 0 0 0 0 161 
[2020-12-23 11:43:51 PM]  13 1 0 2 0 3 2 4 44 20 25 0 0 0 0 161 
[2020-12-23 11:43:51 PM]  13 1 0 2 0 3 3 4 19 41 23 0 0 0 0 161 
[2020-12-23 11:43:53 PM]  13 1 0 2 0 3 2 4 44 20 25 0 0 0 0 161 
[2020-12-23 11:43:54 PM]  13 1 0 2 0 3 3 4 19 41 23 0 0 0 0 161 
[2020-12-23 11:43:55 PM]  13 1 0 2 0 3 2 4 44 20 25 0 0 0 0 161 
[2020-12-23 11:43:56 PM]  13 1 0 2 0 3 3 4 19 41 23 0 0 0 0 161 
[2020-12-23 11:43:57 PM]  13 1 0 2 0 3 2 4 44 20 25 0 0 0 0 161 
[2020-12-23 11:43:58 PM]  13 1 0 2 0 3 3 4 19 41 23 0 0 0 0 161 
[2020-12-23 11:43:59 PM]  13 1 0 2 0 3 2 4 44 20 25 0 0 0 0 161 
[2020-12-23 11:44:00 PM]  13 1 0 2 0 3 3 4 19 41 23 0 0 0 0 161 
[2020-12-23 11:44:01 PM]  13 1 0 2 0 3 2 4 44 20 25 0 0 0 0 161 
[2020-12-23 11:44:03 PM]  13 1 0 2 0 3 3 4 19 41 23 0 0 0 0 161 
[2020-12-23 11:44:03 PM]  13 1 0 2 0 3 2 4 44 20 25 0 0 0 0 161 
[2020-12-23 11:44:05 PM]  13 1 0 2 0 3 2 4 44 20 25 0 0 0 0 161 
[2020-12-23 11:44:05 PM]  13 1 0 2 0 3 2 4 19 41 23 0 0 0 0 161 
[2020-12-23 11:44:07 PM]  13 1 0 2 0 3 2 4 44 20 25 0 0 0 0 161 
[2020-12-23 11:44:07 PM]  13 1 0 2 0 3 3 4 19 41 23 0 0 0 0 161 
[2020-12-23 11:44:09 PM]  13 1 0 2 0 3 2 4 44 20 25 0 0 0 0 161 
[2020-12-23 11:44:10 PM]  13 1 0 2 0 3 3 4 19 41 23 0 0 0 0 161 
[2020-12-23 11:44:11 PM]  13 1 0 2 0 3 2 4 44 20 25 0 0 0 0 161 
[2020-12-23 11:44:12 PM]  13 1 0 2 0 3 2 4 19 41 23 0 0 0 0 161 
[2020-12-23 11:44:13 PM]  13 1 0 2 0 3 2 4 44 20 25 0 0 0 0 161 
[2020-12-23 11:44:14 PM]  13 1 0 2 0 3 3 4 19 41 23 0 0 0 0 161 
[2020-12-23 11:44:15 PM]  13 1 0 2 0 3 2 4 44 20 25 0 0 0 0 161 
[2020-12-23 11:44:16 PM]  13 1 0 2 0 3 3 4 19 41 23 0 0 0 0 161 
[2020-12-23 11:44:17 PM]  13 1 0 2 0 3 2 4 44 20 25 0 0 0 0 161 
[2020-12-23 11:44:19 PM]  13 1 0 2 0 3 3 4 19 41 23 0 0 0 0 161 
[2020-12-23 11:44:19 PM]  13 1 0 2 0 3 2 4 44 20 25 0 0 0 0 161 
[2020-12-23 11:44:21 PM]  13 1 0 2 0 3 2 4 44 20 25 0 0 0 0 161 
[2020-12-23 11:44:21 PM]  13 1 0 2 0 3 3 4 19 41 23 0 0 0 0 161 
[2020-12-23 11:44:23 PM]  13 1 0 2 0 3 2 4 44 20 25 0 0 0 0 161 
[2020-12-23 11:44:23 PM]  13 1 0 2 0 3 3 4 19 41 23 0 0 0 0 161 
[2020-12-23 11:44:25 PM]  13 1 0 2 0 3 2 4 44 20 25 0 0 0 0 161 
[2020-12-23 11:44:25 PM]  13 1 0 2 0 3 3 4 19 41 23 0 0 0 0 161 
[2020-12-23 11:44:27 PM]  13 1 0 2 0 3 2 4 44 20 25 0 0 0 0 161 
[2020-12-23 11:44:28 PM]  13 1 0 2 0 3 3 4 19 41 23 0 0 0 0 161 
[2020-12-23 11:44:29 PM]  13 1 0 2 0 3 2 4 44 20 25 0 0 0 0 161 
[2020-12-23 11:44:30 PM]  13 1 0 2 0 3 3 4 19 41 23 0 0 0 0 161 
[2020-12-23 11:44:31 PM]  13 1 0 2 0 3 2 4 44 20 25 0 0 0 0 161 
[2020-12-23 11:44:32 PM]  13 1 0 2 0 3 3 4 19 41 23 0 0 0 0 161 
[2020-12-23 11:44:33 PM]  13 1 0 2 0 3 2 4 44 20 25 0 0 0 0 161 
[2020-12-23 11:44:35 PM]  13 1 0 2 0 3 3 4 19 41 23 0 0 0 0 161 
[2020-12-23 11:44:35 PM]  13 1 0 2 0 3 2 4 44 20 25 0 0 0 0 161 
[2020-12-23 11:44:37 PM]  13 1 0 2 0 3 2 4 44 20 25 0 0 0 0 161 
[2020-12-23 11:44:37 PM]  13 1 0 2 0 3 3 4 19 41 23 0 0 0 0 161 
[2020-12-23 11:44:39 PM]  13 1 0 2 0 3 2 4 44 20 25 0 0 0 0 161 
[2020-12-23 11:44:39 PM]  13 1 0 2 0 3 3 4 19 41 23 0 0 0 0 161 
[2020-12-23 11:44:41 PM]  13 1 0 2 0 3 2 4 44 20 25 0 0 0 0 161 
[2020-12-23 11:44:41 PM]  13 1 0 2 0 3 3 4 19 41 23 0 0 0 0 161 
[2020-12-23 11:44:43 PM]  13 1 0 2 0 3 2 4 44 20 25 0 0 0 0 161 
[2020-12-23 11:44:44 PM]  13 1 0 2 0 3 3 4 19 41 23 0 0 0 0 161 
[2020-12-23 11:44:45 PM]  13 1 0 2 0 3 2 4 44 20 25 0 0 0 0 161 
[2020-12-23 11:44:46 PM]  13 1 0 2 0 3 3 4 19 41 23 0 0 0 0 161 
[2020-12-23 11:44:47 PM]  13 1 0 2 0 3 2 4 44 20 25 0 0 0 0 161 
[2020-12-23 11:44:48 PM]  13 1 0 2 0 3 3 4 19 41 23 0 0 0 0 161 
[2020-12-23 11:44:49 PM]  13 1 0 2 0 3 2 4 44 20 25 0 0 0 0 161 
[2020-12-23 11:44:50 PM]  13 1 0 2 0 3 3 4 19 41 23 0 0 0 0 161 
[2020-12-23 11:44:51 PM]  13 1 0 2 0 3 2 4 44 20 25 0 0 0 0 161 
[2020-12-23 11:44:53 PM]  13 1 0 2 0 3 3 4 19 41 23 0 0 0 0 161 
[2020-12-23 11:44:53 PM]  13 1 0 2 0 3 2 4 44 20 25 0 0 0 0 161 
[2020-12-23 11:44:55 PM]  13 1 0 2 0 3 2 4 44 20 25 0 0 0 0 161 
[2020-12-23 11:44:55 PM]  13 1 0 2 0 3 3 4 19 41 23 0 0 0 0 161 
[2020-12-23 11:44:57 PM]  13 1 0 2 0 3 2 4 44 20 25 0 0 0 0 161 
[2020-12-23 11:44:57 PM]  13 1 0 2 0 3 3 4 19 41 23 0 0 0 0 161 
[2020-12-23 11:44:59 PM]  13 1 0 2 0 3 2 4 44 20 25 0 0 0 0 161 
[2020-12-23 11:45:00 PM]  13 1 0 2 0 3 3 4 19 41 23 0 0 0 0 161 
[2020-12-23 11:45:01 PM]  13 1 0 2 0 3 2 4 44 20 25 0 0 0 0 161 
[2020-12-23 11:45:02 PM]  13 1 0 2 0 3 3 4 19 41 23 0 0 0 0 161 
[2020-12-23 11:45:03 PM]  13 1 0 2 0 3 2 4 44 20 25 0 0 0 0 161 
[2020-12-23 11:45:04 PM]  13 1 0 2 0 3 3 4 19 41 23 0 0 0 0 161 
[2020-12-23 11:45:05 PM]  13 1 0 2 0 3 2 4 44 20 25 0 0 0 0 161 
[2020-12-23 11:45:06 PM]  13 1 0 2 0 3 3 4 19 41 23 0 0 0 0 161 
[2020-12-23 11:45:07 PM]  13 1 0 2 0 3 2 4 44 20 25 0 0 0 0 161 
[2020-12-23 11:45:09 PM]  13 1 0 2 0 3 3 4 19 41 23 0 0 0 0 161 
[2020-12-23 11:45:09 PM]  13 1 0 2 0 3 2 4 44 20 25 0 0 0 0 161 
[2020-12-23 11:45:11 PM]  13 1 0 2 0 3 2 4 44 20 25 0 0 0 0 161 
[2020-12-23 11:45:11 PM]  13 1 0 2 0 3 3 4 19 41 23 0 0 0 0 161 
[2020-12-23 11:45:13 PM]  13 1 0 2 0 3 2 4 44 20 25 0 0 0 0 161 
[2020-12-23 11:45:13 PM]  13 1 0 2 0 3 3 4 19 41 23 0 0 0 0 161 
[2020-12-23 11:45:15 PM]  13 1 0 2 0 3 2 4 44 20 25 0 0 0 0 161 
[2020-12-23 11:45:15 PM]  13 1 0 2 0 3 3 4 19 41 23 0 0 0 0 161 
[2020-12-23 11:45:17 PM]  13 1 0 2 0 3 2 4 44 20 25 0 0 0 0 161 
[2020-12-23 11:45:18 PM]  13 1 0 2 0 3 3 4 19 41 23 0 0 0 0 161 
[2020-12-23 11:45:19 PM]  13 1 0 2 0 3 2 4 44 20 25 0 0 0 0 161 
[2020-12-23 11:45:20 PM]  13 1 0 2 0 3 3 4 19 41 23 0 0 0 0 161 
[2020-12-23 11:45:21 PM]  13 1 0 2 0 3 2 4 44 20 25 0 0 0 0 161 
[2020-12-23 11:45:22 PM]  13 1 0 2 0 3 3 4 19 41 23 0 0 0 0 161 
[2020-12-23 11:45:23 PM]  13 1 0 2 0 3 2 4 44 20 25 0 0 0 0 161 
[2020-12-23 11:45:25 PM]  13 1 0 2 0 3 3 4 19 41 23 0 0 0 0 161 
[2020-12-23 11:45:25 PM]  13 1 0 2 0 3 2 4 44 20 25 0 0 0 0 161 
[2020-12-23 11:45:27 PM]  13 1 0 2 0 3 2 4 44 20 25 0 0 0 0 161 
[2020-12-23 11:45:27 PM]  13 1 0 2 0 3 3 4 19 41 23 0 0 0 0 161 
[2020-12-23 11:45:29 PM]  13 1 0 2 0 3 2 4 44 20 25 0 0 0 0 161 
[2020-12-23 11:45:29 PM]  13 1 0 2 0 3 3 4 19 41 23 0 0 0 0 161 
[2020-12-23 11:45:31 PM]  13 1 0 2 0 3 2 4 44 20 25 0 0 0 0 161 
[2020-12-23 11:45:31 PM]  13 1 0 2 0 3 3 4 19 41 23 0 0 0 0 161 
[2020-12-23 11:45:33 PM]  13 1 0 2 0 3 2 4 44 20 25 0 0 0 0 161 
[2020-12-23 11:45:34 PM]  13 1 0 2 0 3 3 4 19 41 23 0 0 0 0 161 
[2020-12-23 11:45:35 PM]  13 1 0 2 0 3 2 4 44 20 25 0 0 0 0 161 
[2020-12-23 11:45:36 PM]  13 1 0 2 0 3 3 4 19 41 23 0 0 0 0 161 
[2020-12-23 11:45:37 PM]  13 1 0 2 0 3 2 4 44 20 25 0 0 0 0 161 
[2020-12-23 11:45:38 PM]  13 1 0 2 0 3 3 4 19 41 23 0 0 0 0 161 
[2020-12-23 11:45:39 PM]  13 1 0 2 0 3 2 4 44 20 25 0 0 0 0 161 
[2020-12-23 11:45:41 PM]  13 1 0 2 0 3 3 4 19 41 23 0 0 0 0 161 
[2020-12-23 11:45:41 PM]  13 1 0 2 0 3 2 4 44 20 25 0 0 0 0 161 
[2020-12-23 11:45:43 PM]  13 1 0 2 0 3 3 4 19 42 23 0 0 0 0 161 
[2020-12-23 11:45:43 PM]  13 1 0 2 0 3 2 4 44 20 25 0 0 0 0 161 
[2020-12-23 11:45:45 PM]  13 1 0 2 0 3 2 4 44 20 25 0 0 0 0 161 
[2020-12-23 11:45:45 PM]  13 1 0 2 0 3 3 4 19 42 23 0 0 0 0 161 
[2020-12-23 11:45:47 PM]  13 1 0 2 0 3 2 4 44 20 25 0 0 0 0 161 
[2020-12-23 11:45:47 PM]  13 1 0 2 0 3 3 4 19 42 23 0 0 0 0 161 
[2020-12-23 11:45:49 PM]  13 1 0 2 0 3 2 4 44 20 25 0 0 0 0 161 
[2020-12-23 11:45:50 PM]  13 1 0 2 0 3 3 4 19 42 23 0 0 0 0 161 
[2020-12-23 11:45:51 PM]  13 1 0 2 0 3 2 4 44 20 25 0 0 0 0 161 
[2020-12-23 11:45:52 PM]  13 1 0 2 0 3 3 4 19 42 23 0 0 0 0 161 
[2020-12-23 11:45:53 PM]  13 1 0 2 0 3 2 4 44 20 25 0 0 0 0 161 
[2020-12-23 11:45:54 PM]  13 1 0 2 0 3 3 4 19 42 23 0 0 0 0 161 
[2020-12-23 11:45:55 PM]  13 1 0 2 0 3 2 4 44 20 25 0 0 0 0 161 
[2020-12-23 11:45:56 PM]  13 1 0 2 0 3 3 4 19 41 23 0 0 0 0 161 
[2020-12-23 11:45:57 PM]  13 1 0 2 0 3 2 4 44 20 25 0 0 0 0 161 
[2020-12-23 11:45:59 PM]  13 1 0 2 0 3 3 4 19 42 23 0 0 0 0 161 
[2020-12-23 11:45:59 PM]  13 1 0 2 0 3 2 4 44 20 25 0 0 0 0 161 
[2020-12-23 11:46:01 PM]  13 1 0 2 0 3 2 4 44 20 25 0 0 0 0 161 
[2020-12-23 11:46:01 PM]  13 1 0 2 0 3 3 4 19 41 23 0 0 0 0 161 
[2020-12-23 11:46:03 PM]  13 1 0 2 0 3 2 4 44 20 25 0 0 0 0 161 
[2020-12-23 11:46:03 PM]  13 1 0 2 0 3 3 4 19 41 23 0 0 0 0 161 
[2020-12-23 11:46:05 PM]  13 1 0 2 0 3 2 4 44 20 25 0 0 0 0 161 
[2020-12-23 11:46:06 PM]  13 1 0 2 0 3 3 4 19 41 23 0 0 0 0 161 
[2020-12-23 11:46:07 PM]  13 1 0 2 0 3 2 4 44 20 25 0 0 0 0 161 
[2020-12-23 11:46:08 PM]  13 1 0 2 0 3 3 4 19 41 23 0 0 0 0 161 
[2020-12-23 11:46:09 PM]  13 1 0 2 0 3 2 4 44 20 25 0 0 0 0 161 
[2020-12-23 11:46:10 PM]  13 1 0 2 0 3 3 4 19 41 23 0 0 0 0 161 
[2020-12-23 11:46:11 PM]  13 1 0 2 0 3 2 4 44 20 25 0 0 0 0 161 
[2020-12-23 11:46:12 PM]  13 1 0 2 0 3 3 4 19 41 23 0 0 0 0 161 
[2020-12-23 11:46:13 PM]  13 1 0 2 0 3 2 4 44 20 25 0 0 0 0 161 
[2020-12-23 11:46:15 PM]  13 1 0 2 0 3 3 4 19 41 23 0 0 0 0 161 
[2020-12-23 11:46:15 PM]  13 1 0 2 0 3 2 4 44 20 25 0 0 0 0 161 
[2020-12-23 11:46:17 PM]  13 1 0 2 0 3 2 4 44 20 25 0 0 0 0 161 
[2020-12-23 11:46:17 PM]  13 1 0 2 0 3 3 4 19 41 23 0 0 0 0 161 
[2020-12-23 11:46:19 PM]  13 1 0 2 0 3 2 4 44 20 25 0 0 0 0 161 
[2020-12-23 11:46:19 PM]  13 1 0 2 0 3 3 4 19 41 23 0 0 0 0 161 
[2020-12-23 11:46:21 PM]  13 1 0 2 0 3 2 4 44 20 25 0 0 0 0 161 
[2020-12-23 11:46:21 PM]  13 1 0 2 0 3 3 4 19 41 23 0 0 0 0 161 
[2020-12-23 11:46:23 PM]  13 1 0 2 0 3 2 4 44 20 25 0 0 0 0 161 
[2020-12-23 11:46:24 PM]  13 1 0 2 0 3 3 4 19 41 23 0 0 0 0 161 
[2020-12-23 11:46:25 PM]  13 1 0 2 0 3 2 4 44 20 25 0 0 0 0 161 
[2020-12-23 11:46:26 PM]  13 1 0 2 0 3 3 4 19 41 23 0 0 0 0 161 
[2020-12-23 11:46:27 PM]  13 1 0 2 0 3 2 4 44 20 25 0 0 0 0 161 
[2020-12-23 11:46:28 PM]  13 1 0 2 0 3 3 4 19 41 23 0 0 0 0 161 
[2020-12-23 11:46:29 PM]  13 1 0 2 0 3 2 4 44 20 25 0 0 0 0 161 
[2020-12-23 11:46:31 PM]  13 1 0 2 0 3 3 4 19 41 23 0 0 0 0 161 
[2020-12-23 11:46:31 PM]  13 1 0 2 0 3 2 4 44 20 25 0 0 0 0 161 
[2020-12-23 11:46:33 PM]  13 1 0 2 0 3 2 4 44 20 25 0 0 0 0 161 
[2020-12-23 11:46:33 PM]  13 1 0 2 0 3 3 4 19 41 23 0 0 0 0 161 
[2020-12-23 11:46:35 PM]  13 1 0 2 0 3 2 4 44 20 25 0 0 0 0 161 
[2020-12-23 11:46:35 PM]  13 1 0 2 0 3 3 4 19 41 23 0 0 0 0 161 
[2020-12-23 11:46:37 PM]  13 1 0 2 0 3 2 4 44 20 25 0 0 0 0 161 
[2020-12-23 11:46:37 PM]  13 1 0 2 0 3 3 4 19 41 23 0 0 0 0 161 
[2020-12-23 11:46:39 PM]  13 1 0 2 0 3 2 4 44 20 25 0 0 0 0 161 
[2020-12-23 11:46:40 PM]  13 1 0 2 0 3 3 4 19 41 23 0 0 0 0 161 
[2020-12-23 11:46:41 PM]  13 1 0 2 0 3 2 4 44 20 25 0 0 0 0 161 
[2020-12-23 11:46:42 PM]  13 1 0 2 0 3 3 4 19 41 23 0 0 0 0 161 
[2020-12-23 11:46:43 PM]  13 1 0 2 0 3 2 4 44 20 25 0 0 0 0 161 
[2020-12-23 11:46:44 PM]  13 1 0 2 0 3 3 4 19 41 23 0 0 0 0 161 
[2020-12-23 11:46:45 PM]  13 1 0 2 0 3 2 4 44 20 25 0 0 0 0 161 
[2020-12-23 11:46:46 PM]  13 1 0 2 0 3 3 4 19 41 23 0 0 0 0 161 
[2020-12-23 11:46:47 PM]  13 1 0 2 0 3 2 4 44 20 25 0 0 0 0 161 
[2020-12-23 11:46:49 PM]  13 1 0 2 0 3 3 4 19 41 23 0 0 0 0 161 
[2020-12-23 11:46:49 PM]  13 1 0 2 0 3 2 4 44 20 25 0 0 0 0 161 
[2020-12-23 11:46:51 PM]  13 1 0 2 0 3 2 4 44 20 25 0 0 0 0 161 
[2020-12-23 11:46:51 PM]  13 1 0 2 0 3 3 4 19 41 23 0 0 0 0 161 
[2020-12-23 11:46:53 PM]  13 1 0 2 0 3 2 4 44 20 25 0 0 0 0 161 
[2020-12-23 11:46:53 PM]  13 1 0 2 0 3 3 4 19 41 23 0 0 0 0 161 
[2020-12-23 11:46:55 PM]  13 1 0 2 0 3 2 4 44 20 25 0 0 0 0 161 
[2020-12-23 11:46:56 PM]  13 1 0 2 0 3 3 4 19 41 23 0 0 0 0 161 
[2020-12-23 11:46:57 PM]  13 1 0 2 0 3 2 4 44 20 25 0 0 0 0 161 
[2020-12-23 11:46:58 PM]  13 1 0 2 0 3 3 4 19 41 23 0 0 0 0 161 
[2020-12-23 11:46:59 PM]  13 1 0 2 0 3 2 4 44 20 25 0 0 0 0 161 
[2020-12-23 11:47:00 PM]  13 1 0 2 0 3 3 4 19 41 23 0 0 0 0 161 
[2020-12-23 11:47:01 PM]  13 1 0 2 0 3 2 4 44 20 25 0 0 0 0 161 
[2020-12-23 11:47:02 PM]  13 1 0 2 0 3 3 4 19 41 23 0 0 0 0 161 
[2020-12-23 11:47:03 PM]  13 1 0 2 0 3 2 4 44 20 25 0 0 0 0 161 
[2020-12-23 11:47:05 PM]  13 1 0 2 0 3 3 4 19 41 23 0 0 0 0 161 
[2020-12-23 11:47:05 PM]  13 1 0 2 0 3 2 4 44 20 25 0 0 0 0 161 
[2020-12-23 11:47:07 PM]  13 1 0 2 0 3 2 4 44 20 25 0 0 0 0 161 
[2020-12-23 11:47:07 PM]  13 1 0 2 0 3 3 4 19 41 23 0 0 0 0 161 
[2020-12-23 11:47:09 PM]  13 1 0 2 0 3 2 4 44 20 25 0 0 0 0 161 
[2020-12-23 11:47:09 PM]  13 1 0 2 0 3 3 4 19 41 23 0 0 0 0 161 
[2020-12-23 11:47:11 PM]  13 1 0 2 0 3 2 4 44 20 25 0 0 0 0 161 
[2020-12-23 11:47:11 PM]  13 1 0 2 0 3 3 4 19 41 23 0 0 0 0 161 
[2020-12-23 11:47:13 PM]  13 1 0 2 0 3 2 4 44 20 25 0 0 0 0 161 
[2020-12-23 11:47:14 PM]  13 1 0 2 0 3 3 4 19 41 23 0 0 0 0 161 
[2020-12-23 11:47:15 PM]  13 1 0 2 0 3 2 4 44 20 25 0 0 0 0 161 
[2020-12-23 11:47:16 PM]  13 1 0 2 0 3 3 4 19 41 23 0 0 0 0 161 
[2020-12-23 11:47:17 PM]  13 1 0 2 0 3 2 4 44 20 25 0 0 0 0 161 
[2020-12-23 11:47:18 PM]  13 1 0 2 0 3 3 4 19 41 23 0 0 0 0 161 
[2020-12-23 11:47:19 PM]  13 1 0 2 0 3 2 4 44 20 25 0 0 0 0 161 
[2020-12-23 11:47:21 PM]  13 1 0 2 0 3 3 4 19 41 23 0 0 0 0 161 
[2020-12-23 11:47:21 PM]  13 1 0 2 0 3 2 4 44 20 25 0 0 0 0 161 
[2020-12-23 11:47:23 PM]  13 1 0 2 0 3 2 4 44 20 25 0 0 0 0 161 
[2020-12-23 11:47:23 PM]  13 1 0 2 0 3 3 4 19 41 23 0 0 0 0 161 
[2020-12-23 11:47:25 PM]  13 1 0 2 0 3 2 4 44 20 25 0 0 0 0 161 
[2020-12-23 11:47:25 PM]  13 1 0 2 0 3 3 4 19 41 23 0 0 0 0 161 
[2020-12-23 11:47:27 PM]  13 1 0 2 0 3 2 4 44 20 25 0 0 0 0 161 
[2020-12-23 11:47:27 PM]  13 1 0 2 0 3 3 4 19 42 23 0 0 0 0 161 
[2020-12-23 11:47:29 PM]  13 1 0 2 0 3 2 4 44 20 25 0 0 0 0 161 
[2020-12-23 11:47:30 PM]  13 1 0 2 0 3 3 4 19 42 23 0 0 0 0 161 
[2020-12-23 11:47:31 PM]  13 1 0 2 0 3 2 4 44 20 25 0 0 0 0 161 
[2020-12-23 11:47:32 PM]  13 1 0 2 0 3 3 4 19 42 23 0 0 0 0 161 
[2020-12-23 11:47:33 PM]  13 1 0 2 0 3 2 4 44 20 25 0 0 0 0 161 
[2020-12-23 11:47:34 PM]  13 1 0 2 0 3 3 4 19 42 23 0 0 0 0 161 
[2020-12-23 11:47:35 PM]  13 1 0 2 0 3 2 4 44 20 25 0 0 0 0 161 
[2020-12-23 11:47:36 PM]  13 1 0 2 0 3 3 4 19 42 23 0 0 0 0 161 
[2020-12-23 11:47:37 PM]  13 1 0 2 0 3 2 4 44 20 25 0 0 0 0 161 
[2020-12-23 11:47:39 PM]  13 1 0 2 0 3 3 4 19 42 23 0 0 0 0 161 
[2020-12-23 11:47:39 PM]  13 1 0 2 0 3 2 4 44 20 25 0 0 0 0 161 
[2020-12-23 11:47:41 PM]  13 1 1 2 1 3 2 4 88 20 25 0 0 0 0 161 
[2020-12-23 11:47:41 PM]  13 1 0 2 0 3 3 4 19 41 23 0 0 0 0 161 
[2020-12-23 11:47:43 PM]  13 1 1 2 1 3 2 4 88 20 25 0 0 0 0 161 
[2020-12-23 11:47:43 PM]  13 1 0 2 0 3 3 4 19 42 23 0 0 0 0 161 
[2020-12-23 11:47:45 PM]  13 1 1 2 1 3 2 4 88 20 25 0 0 0 0 161 
[2020-12-23 11:47:46 PM]  13 1 0 2 0 3 3 4 19 42 23 0 0 0 0 161 
[2020-12-23 11:47:47 PM]  13 1 1 2 1 3 2 4 88 20 25 0 0 0 0 161 
[2020-12-23 11:47:48 PM]  13 1 0 2 0 3 3 4 19 41 23 0 0 0 0 161 
[2020-12-23 11:47:49 PM]  13 1 1 2 1 3 2 4 88 20 25 0 0 0 0 161 
[2020-12-23 11:47:50 PM]  13 1 0 2 0 3 3 4 19 41 23 0 0 0 0 161 
[2020-12-23 11:47:51 PM]  13 1 1 2 1 3 2 4 88 20 25 0 0 0 0 161 
[2020-12-23 11:47:52 PM]  13 1 0 2 0 3 3 4 19 41 23 0 0 0 0 161 
[2020-12-23 11:47:53 PM]  13 1 1 2 1 3 2 4 88 20 25 0 0 0 0 161 
[2020-12-23 11:47:55 PM]  13 1 0 2 0 3 3 4 19 41 23 0 0 0 0 161 
[2020-12-23 11:47:55 PM]  13 1 1 2 1 3 2 4 88 20 25 0 0 0 0 161 
[2020-12-23 11:47:57 PM]  13 1 1 2 1 3 2 4 88 20 25 0 0 0 0 161 
[2020-12-23 11:47:57 PM]  13 1 0 2 0 3 3 4 19 41 23 0 0 0 0 161 
[2020-12-23 11:47:59 PM]  13 1 1 2 1 3 2 4 88 20 25 0 0 0 0 161 
[2020-12-23 11:47:59 PM]  13 1 0 2 0 3 3 4 19 41 23 0 0 0 0 161 
[2020-12-23 11:48:01 PM]  13 1 1 2 1 3 2 4 88 20 25 0 0 0 0 161 
[2020-12-23 11:48:01 PM]  13 1 0 2 0 3 3 4 19 41 23 0 0 0 0 161 
[2020-12-23 11:48:03 PM]  13 1 1 2 1 3 2 4 88 20 25 0 0 0 0 161 
[2020-12-23 11:48:04 PM]  13 1 0 2 0 3 3 4 19 41 23 0 0 0 0 161 
[2020-12-23 11:48:05 PM]  13 1 1 2 1 3 2 4 88 20 25 0 0 0 0 161 
[2020-12-23 11:48:06 PM]  13 1 0 2 0 3 3 4 19 41 23 0 0 0 0 161 
[2020-12-23 11:48:07 PM]  13 1 1 2 1 3 2 4 88 20 25 0 0 0 0 161 
[2020-12-23 11:48:08 PM]  13 1 0 2 0 3 3 4 19 41 23 0 0 0 0 161 
[2020-12-23 11:48:09 PM]  13 1 1 2 1 3 2 4 88 20 25 0 0 0 0 161 
[2020-12-23 11:48:11 PM]  13 1 0 2 0 3 3 4 19 41 23 0 0 0 0 161 
[2020-12-23 11:48:11 PM]  13 1 1 2 1 3 2 4 88 20 25 0 0 0 0 161 
[2020-12-23 11:48:13 PM]  13 1 1 2 1 3 2 4 88 20 25 0 0 0 0 161 
[2020-12-23 11:48:13 PM]  13 1 0 2 0 3 3 4 19 41 23 0 0 0 0 161 
[2020-12-23 11:48:15 PM]  13 1 1 2 1 3 2 4 88 20 25 0 0 0 0 161 
[2020-12-23 11:48:15 PM]  13 1 0 2 0 3 3 4 19 41 23 0 0 0 0 161 
[2020-12-23 11:48:17 PM]  13 1 1 2 1 3 2 4 88 20 25 0 0 0 0 161 
[2020-12-23 11:48:17 PM]  13 1 0 2 0 3 3 4 19 41 23 0 0 0 0 161 
[2020-12-23 11:48:19 PM]  13 1 1 2 1 3 2 4 88 20 25 0 0 0 0 161 
[2020-12-23 11:48:20 PM]  13 1 0 2 0 3 3 4 19 41 23 0 0 0 0 161 
[2020-12-23 11:48:21 PM]  13 1 1 2 1 3 2 4 88 20 25 0 0 0 0 161 
[2020-12-23 11:48:22 PM]  13 1 0 2 0 3 3 4 19 41 23 0 0 0 0 161 
[2020-12-23 11:48:23 PM]  13 1 1 2 1 3 2 4 88 20 25 0 0 0 0 161 
[2020-12-23 11:48:24 PM]  13 1 0 2 0 3 3 4 19 41 23 0 0 0 0 161 
[2020-12-23 11:48:25 PM]  13 1 1 2 1 3 2 4 88 20 25 0 0 0 0 161 
[2020-12-23 11:48:27 PM]  13 1 0 2 0 3 3 4 19 41 23 0 0 0 0 161 
[2020-12-23 11:48:27 PM]  13 1 1 2 1 3 2 4 88 20 25 0 0 0 0 161 
[2020-12-23 11:48:29 PM]  13 1 0 2 1 3 3 4 89 41 23 0 0 0 0 161 
[2020-12-23 11:48:29 PM]  13 1 1 2 1 3 2 4 88 20 25 0 0 0 0 161 
[2020-12-23 11:48:31 PM]  13 1 1 2 1 3 2 4 88 20 25 0 0 0 0 161 
[2020-12-23 11:48:31 PM]  13 1 0 2 1 3 3 4 89 41 23 0 0 0 0 161 
[2020-12-23 11:48:33 PM]  13 1 1 2 1 3 2 4 88 20 25 0 0 0 0 161 
[2020-12-23 11:48:33 PM]  13 1 0 2 1 3 3 4 89 41 23 0 0 0 0 161 
[2020-12-23 11:48:35 PM]  13 1 1 2 1 3 2 4 88 20 25 0 0 0 0 161 
[2020-12-23 11:48:36 PM]  13 1 0 2 1 3 3 4 89 41 23 0 0 0 0 161 
[2020-12-23 11:48:37 PM]  13 1 1 2 1 3 2 4 88 20 25 0 0 0 0 161 
[2020-12-23 11:48:38 PM]  13 1 0 2 1 3 3 4 89 41 23 0 0 0 0 161 
[2020-12-23 11:48:39 PM]  13 1 1 2 1 3 2 4 88 20 25 0 0 0 0 161 
[2020-12-23 11:48:40 PM]  13 1 0 2 1 3 3 4 89 41 23 0 0 0 0 161 
[2020-12-23 11:48:41 PM]  13 1 1 2 1 3 2 4 88 20 25 0 0 0 0 161 
[2020-12-23 11:48:42 PM]  13 1 0 2 1 3 3 4 89 41 23 0 0 0 0 161 
[2020-12-23 11:48:43 PM]  13 1 1 2 1 3 2 4 88 20 25 0 0 0 0 161 
[2020-12-23 11:48:45 PM]  13 1 0 2 1 3 3 4 89 41 23 0 0 0 0 161 
[2020-12-23 11:48:45 PM]  13 1 1 2 1 3 2 4 88 20 25 0 0 0 0 161 
[2020-12-23 11:48:47 PM]  13 1 1 2 1 3 2 4 88 20 25 0 0 0 0 161 
[2020-12-23 11:48:47 PM]  13 1 0 2 1 3 3 4 89 41 23 0 0 0 0 161 
[2020-12-23 11:48:49 PM]  13 1 1 2 1 3 2 4 88 20 25 0 0 0 0 161 
[2020-12-23 11:48:49 PM]  13 1 0 2 1 3 3 4 89 41 23 0 0 0 0 161 
[2020-12-23 11:48:51 PM]  13 1 1 2 1 3 2 4 88 20 25 0 0 0 0 161 
[2020-12-23 11:48:52 PM]  13 1 0 2 1 3 3 4 89 41 23 0 0 0 0 161 
[2020-12-23 11:48:53 PM]  13 1 1 2 1 3 2 4 88 20 25 0 0 0 0 161 
[2020-12-23 11:48:54 PM]  13 1 0 2 1 3 3 4 89 41 23 0 0 0 0 161 
[2020-12-23 11:48:55 PM]  13 1 1 2 1 3 2 4 88 20 25 0 0 0 0 161 
[2020-12-23 11:48:56 PM]  13 1 0 2 1 3 3 4 89 41 23 0 0 0 0 161 
[2020-12-23 11:48:57 PM]  13 1 1 2 1 3 2 4 88 20 25 0 0 0 0 161 
[2020-12-23 11:48:58 PM]  13 1 0 2 1 3 3 4 89 41 23 0 0 0 0 161 
[2020-12-23 11:48:59 PM]  13 1 1 2 1 3 2 4 88 20 25 0 0 0 0 161 
[2020-12-23 11:49:01 PM]  13 1 0 2 1 3 3 4 89 41 23 0 0 0 0 161 
[2020-12-23 11:49:01 PM]  13 1 1 2 1 3 2 4 88 20 25 0 0 0 0 161 
[2020-12-23 11:49:03 PM]  13 1 1 2 1 3 2 4 88 20 25 0 0 0 0 161 
[2020-12-23 11:49:03 PM]  13 1 0 2 1 3 3 4 89 41 23 0 0 0 0 161 
[2020-12-23 11:49:05 PM]  13 1 1 2 1 3 2 4 88 20 25 0 0 0 0 161 
[2020-12-23 11:49:05 PM]  13 1 0 2 1 3 3 4 89 41 23 0 0 0 0 161 
[2020-12-23 11:49:07 PM]  13 1 1 2 1 3 2 4 88 20 25 0 0 0 0 161 
[2020-12-23 11:49:07 PM]  13 1 0 2 1 3 2 4 89 41 23 0 0 0 0 161 
[2020-12-23 11:49:09 PM]  13 1 1 2 1 3 2 4 88 20 25 0 0 0 0 161 
[2020-12-23 11:49:10 PM]  13 1 0 2 1 3 3 4 89 41 23 0 0 0 0 161 
[2020-12-23 11:49:12 PM]  13 1 0 2 1 3 3 4 89 41 23 0 0 0 0 161 
[2020-12-23 11:50:11 PM]  13 1 0 2 1 3 3 4 89 0 0 0 0 0 0 161 
[2020-12-23 11:50:13 PM]  13 1 0 2 1 3 3 4 89 41 23 0 0 0 0 161 
[2020-12-23 11:50:16 PM]  13 1 0 2 1 3 3 4 89 38 23 0 0 0 0 161 
[2020-12-23 11:50:18 PM]  13 1 0 2 1 3 3 4 89 41 23 0 0 0 0 161 
[2020-12-23 11:50:20 PM]  13 1 1 2 1 3 2 4 88 20 25 0 0 0 0 161 
[2020-12-23 11:50:20 PM]  13 1 0 2 1 3 3 4 89 41 23 0 0 0 0 161 
[2020-12-23 11:50:22 PM]  13 1 1 2 1 3 2 4 88 20 25 0 0 0 0 161 
[2020-12-23 11:50:23 PM]  13 1 0 2 1 3 3 4 89 41 23 0 0 0 0 161 
[2020-12-23 11:50:24 PM]  13 1 1 2 1 3 2 4 88 20 25 0 0 0 0 161 
[2020-12-23 11:50:25 PM]  13 1 0 2 1 3 3 4 89 41 23 0 0 0 0 161 
[2020-12-23 11:50:26 PM]  13 1 1 2 1 3 2 4 88 20 25 0 0 0 0 161 
[2020-12-23 11:50:27 PM]  13 1 0 2 1 3 3 4 89 41 23 0 0 0 0 161 
[2020-12-23 11:50:28 PM]  13 1 1 2 1 3 2 4 88 20 25 0 0 0 0 161 
[2020-12-23 11:50:29 PM]  13 1 0 2 1 3 3 4 89 41 23 0 0 0 0 161 
[2020-12-23 11:50:30 PM]  13 1 1 2 1 3 2 4 88 20 25 0 0 0 0 161 
[2020-12-23 11:50:32 PM]  13 1 0 2 1 3 3 4 89 41 23 0 0 0 0 161 
[2020-12-23 11:50:32 PM]  13 1 1 2 1 3 2 4 88 20 25 0 0 0 0 161 
[2020-12-23 11:50:34 PM]  13 1 1 2 1 3 2 4 88 20 25 0 0 0 0 161 
[2020-12-23 11:50:34 PM]  13 1 0 2 1 3 3 4 89 41 23 0 0 0 0 161 
[2020-12-23 11:50:36 PM]  13 1 1 2 1 3 2 4 88 20 25 0 0 0 0 161 
[2020-12-23 11:50:36 PM]  13 1 0 2 1 3 3 4 89 41 23 0 0 0 0 161 
[2020-12-23 11:50:38 PM]  13 1 1 2 1 3 2 4 88 20 25 0 0 0 0 161 
[2020-12-23 11:50:38 PM]  13 1 0 2 1 3 3 4 89 41 23 0 0 0 0 161 
[2020-12-23 11:50:40 PM]  13 1 1 2 1 3 2 4 88 20 25 0 0 0 0 161 
[2020-12-23 11:50:41 PM]  13 1 0 2 1 3 3 4 89 41 23 0 0 0 0 161 
[2020-12-23 11:50:42 PM]  13 1 1 2 1 3 2 4 88 20 25 0 0 0 0 161 
[2020-12-23 11:50:43 PM]  13 1 0 2 1 3 3 4 89 41 23 0 0 0 0 161 
[2020-12-23 11:50:44 PM]  13 1 1 2 1 3 2 4 88 20 25 0 0 0 0 161 
[2020-12-23 11:50:45 PM]  13 1 0 2 1 3 3 4 89 41 23 0 0 0 0 161 
[2020-12-23 11:50:46 PM]  13 1 1 2 1 3 2 4 88 20 25 0 0 0 0 161 
[2020-12-23 11:50:48 PM]  13 1 0 2 1 3 3 4 89 41 23 0 0 0 0 161 
[2020-12-23 11:50:48 PM]  13 1 1 2 1 3 2 4 88 20 25 0 0 0 0 161 
[2020-12-23 11:50:50 PM]  13 1 1 2 1 3 2 4 88 20 25 0 0 0 0 161 
[2020-12-23 11:50:50 PM]  13 1 0 2 1 3 3 4 72 41 23 0 0 0 0 161 
[2020-12-23 11:50:52 PM]  13 1 1 2 1 3 2 4 88 20 25 0 0 0 0 161 
[2020-12-23 11:50:52 PM]  13 1 0 2 0 3 3 4 8 41 23 0 0 0 0 161 
[2020-12-23 11:50:54 PM]  13 1 1 2 1 3 2 4 88 20 25 0 0 0 0 161 
[2020-12-23 11:50:54 PM]  13 1 0 2 0 3 3 4 8 41 23 0 0 0 0 161 
[2020-12-23 11:50:56 PM]  13 1 1 2 1 3 2 4 88 20 25 0 0 0 0 161 
[2020-12-23 11:50:57 PM]  13 1 0 2 0 3 3 4 8 41 23 0 0 0 0 161 
[2020-12-23 11:50:58 PM]  13 1 1 2 1 3 2 4 88 20 25 0 0 0 0 161 
[2020-12-23 11:50:59 PM]  13 1 0 2 0 3 3 4 8 41 23 0 0 0 0 161 
[2020-12-23 11:51:00 PM]  13 1 1 2 1 3 2 4 88 20 25 0 0 0 0 161 
[2020-12-23 11:51:01 PM]  13 1 0 2 0 3 3 4 8 41 23 0 0 0 0 161 
[2020-12-23 11:51:02 PM]  13 1 1 2 1 3 2 4 88 20 25 0 0 0 0 161 
[2020-12-23 11:51:03 PM]  13 1 0 2 0 3 3 4 8 41 23 0 0 0 0 161 
[2020-12-23 11:51:04 PM]  13 1 0 2 0 3 2 4 44 20 25 0 0 0 0 161 
[2020-12-23 11:51:06 PM]  13 1 0 2 0 3 2 4 8 41 23 0 0 0 0 161 
[2020-12-23 11:51:06 PM]  13 1 0 2 0 3 2 4 44 20 25 0 0 0 0 161 
[2020-12-23 11:51:08 PM]  13 1 0 2 0 3 2 4 44 20 25 0 0 0 0 161 
[2020-12-23 11:51:08 PM]  13 1 0 2 0 3 2 4 8 41 23 0 0 0 0 161 
[2020-12-23 11:51:10 PM]  13 1 0 2 0 3 2 4 44 20 25 0 0 0 0 161 
[2020-12-23 11:51:10 PM]  13 1 0 2 0 3 3 4 8 41 23 0 0 0 0 161 
[2020-12-23 11:51:12 PM]  13 1 0 2 0 3 2 4 44 20 25 0 0 0 0 161 
[2020-12-23 11:51:13 PM]  13 1 0 2 0 3 3 4 8 41 23 0 0 0 0 161 
[2020-12-23 11:51:14 PM]  13 1 0 2 0 3 2 4 44 20 25 0 0 0 0 161 
[2020-12-23 11:51:15 PM]  13 1 0 2 0 3 3 4 8 41 23 0 0 0 0 161 
[2020-12-23 11:51:16 PM]  13 1 0 2 0 3 2 4 44 20 25 0 0 0 0 161 
[2020-12-23 11:51:17 PM]  13 1 0 2 0 3 3 4 8 41 23 0 0 0 0 161 
[2020-12-23 11:51:18 PM]  13 1 0 2 0 3 2 4 44 20 25 0 0 0 0 161 
[2020-12-23 11:51:19 PM]  13 1 0 2 0 3 3 4 8 41 23 0 0 0 0 161 
[2020-12-23 11:51:20 PM]  13 1 0 2 0 3 2 4 44 20 25 0 0 0 0 161 
[2020-12-23 11:51:22 PM]  13 1 0 2 0 3 3 4 8 41 23 0 0 0 0 161 
[2020-12-23 11:51:22 PM]  13 1 0 2 0 3 2 4 44 20 25 0 0 0 0 161 
[2020-12-23 11:51:24 PM]  13 1 0 2 0 3 2 4 44 20 25 0 0 0 0 161 
[2020-12-23 11:51:24 PM]  13 1 0 2 0 3 3 4 8 41 23 0 0 0 0 161 
[2020-12-23 11:51:26 PM]  13 1 0 2 0 3 2 4 44 20 25 0 0 0 0 161 
[2020-12-23 11:51:26 PM]  13 1 0 2 0 3 3 4 8 41 23 0 0 0 0 161 
[2020-12-23 11:51:28 PM]  13 1 0 2 0 3 2 4 44 20 25 0 0 0 0 161 
[2020-12-23 11:51:28 PM]  13 1 0 2 0 3 3 4 8 41 23 0 0 0 0 161 
[2020-12-23 11:51:30 PM]  13 1 0 2 0 3 2 4 44 20 25 0 0 0 0 161 
[2020-12-23 11:51:31 PM]  13 1 0 2 0 3 3 4 8 41 23 0 0 0 0 161 
[2020-12-23 11:51:32 PM]  13 1 0 2 0 3 2 4 44 20 25 0 0 0 0 161 
[2020-12-23 11:51:33 PM]  13 1 0 2 0 3 3 4 8 41 23 0 0 0 0 161 
[2020-12-23 11:51:34 PM]  13 1 0 2 0 3 2 4 44 20 25 0 0 0 0 161 
[2020-12-23 11:51:35 PM]  13 1 0 2 0 3 3 4 8 41 23 0 0 0 0 161 
[2020-12-23 11:51:36 PM]  13 1 0 2 0 3 2 4 44 20 25 0 0 0 0 161 
[2020-12-23 11:51:38 PM]  13 1 0 2 0 3 3 4 8 41 23 0 0 0 0 161 
[2020-12-23 11:51:38 PM]  13 1 0 2 0 3 2 4 44 20 25 0 0 0 0 161 
[2020-12-23 11:51:40 PM]  13 1 0 2 0 3 2 4 44 20 25 0 0 0 0 161 
[2020-12-23 11:51:40 PM]  13 1 0 2 0 3 3 4 8 41 23 0 0 0 0 161 
[2020-12-23 11:51:42 PM]  13 1 0 2 0 3 2 4 44 20 25 0 0 0 0 161 
[2020-12-23 11:51:42 PM]  13 1 0 2 0 3 3 4 8 41 23 0 0 0 0 161 
[2020-12-23 11:51:44 PM]  13 1 0 2 0 3 2 4 44 20 25 0 0 0 0 161 
[2020-12-23 11:51:44 PM]  13 1 0 2 0 3 3 4 8 41 23 0 0 0 0 161 
[2020-12-23 11:51:46 PM]  13 1 0 2 0 3 2 4 44 20 25 0 0 0 0 161 
[2020-12-23 11:51:47 PM]  13 1 0 2 0 3 3 4 8 41 23 0 0 0 0 161 
[2020-12-23 11:51:48 PM]  13 1 0 2 0 3 2 4 44 20 25 0 0 0 0 161 
[2020-12-23 11:51:49 PM]  13 1 0 2 0 3 3 4 8 41 23 0 0 0 0 161 
[2020-12-23 11:51:50 PM]  13 1 0 2 0 3 2 4 44 20 25 0 0 0 0 161 
[2020-12-23 11:51:51 PM]  13 1 0 2 0 3 3 4 8 41 23 0 0 0 0 161 
[2020-12-23 11:51:52 PM]  13 1 0 2 0 3 2 4 44 20 25 0 0 0 0 161 
[2020-12-23 11:51:53 PM]  13 1 0 2 0 3 3 4 8 41 23 0 0 0 0 161 
[2020-12-23 11:51:54 PM]  13 1 0 2 0 3 2 4 44 20 25 0 0 0 0 161 
[2020-12-23 11:51:56 PM]  13 1 0 2 0 3 2 4 44 20 25 0 0 0 0 161 
[2020-12-23 11:51:56 PM]  13 1 0 2 0 3 3 4 8 41 23 0 0 0 0 161 
[2020-12-23 11:51:58 PM]  13 1 0 2 0 3 2 4 44 20 25 0 0 0 0 161 
[2020-12-23 11:51:58 PM]  13 1 0 2 0 3 3 4 8 41 23 0 0 0 0 161 
[2020-12-23 11:52:00 PM]  13 1 0 2 0 3 2 4 44 20 25 0 0 0 0 161 
[2020-12-23 11:52:00 PM]  13 1 0 2 0 3 3 4 8 41 23 0 0 0 0 161 
[2020-12-23 11:52:02 PM]  13 1 0 2 0 3 2 4 44 20 25 0 0 0 0 161 
[2020-12-23 11:52:03 PM]  13 1 0 2 0 3 3 4 8 41 23 0 0 0 0 161 
[2020-12-23 11:52:04 PM]  13 1 0 2 0 3 2 4 44 20 25 0 0 0 0 161 
[2020-12-23 11:52:05 PM]  13 1 0 2 0 3 3 4 8 41 23 0 0 0 0 161 
[2020-12-23 11:52:06 PM]  13 1 0 2 0 3 2 4 44 20 25 0 0 0 0 161 
[2020-12-23 11:52:07 PM]  13 1 0 2 0 3 3 4 8 41 23 0 0 0 0 161 
[2020-12-23 11:52:08 PM]  13 1 0 2 0 3 2 4 44 20 25 0 0 0 0 161 
[2020-12-23 11:52:09 PM]  13 1 0 2 0 3 3 4 8 41 23 0 0 0 0 161 
[2020-12-23 11:52:10 PM]  13 1 0 2 0 3 2 4 44 20 25 0 0 0 0 161 
[2020-12-23 11:52:12 PM]  13 1 0 2 0 3 3 4 8 41 23 0 0 0 0 161 
[2020-12-23 11:52:12 PM]  13 1 0 2 0 3 2 4 44 20 25 0 0 0 0 161 
[2020-12-23 11:52:14 PM]  13 1 0 2 0 3 2 4 44 20 25 0 0 0 0 161 
[2020-12-23 11:52:14 PM]  13 1 0 2 0 3 3 4 8 41 23 0 0 0 0 161 
[2020-12-23 11:52:16 PM]  13 1 0 2 0 3 2 4 44 20 25 0 0 0 0 161 
[2020-12-23 11:52:16 PM]  13 1 0 2 0 3 3 4 8 41 23 0 0 0 0 161 
[2020-12-23 11:52:18 PM]  13 1 0 2 0 3 2 4 44 20 25 0 0 0 0 161 
[2020-12-23 11:52:18 PM]  13 1 0 2 0 3 3 4 8 41 23 0 0 0 0 161 
[2020-12-23 11:52:20 PM]  13 1 0 2 0 3 2 4 44 20 25 0 0 0 0 161 
[2020-12-23 11:52:21 PM]  13 1 0 2 0 3 3 4 8 41 23 0 0 0 0 161 
[2020-12-23 11:52:22 PM]  13 1 0 2 0 3 2 4 44 20 25 0 0 0 0 161 
[2020-12-23 11:52:23 PM]  13 1 0 2 0 3 3 4 8 41 23 0 0 0 0 161 
[2020-12-23 11:52:24 PM]  13 1 0 2 0 3 2 4 44 20 25 0 0 0 0 161 
[2020-12-23 11:52:25 PM]  13 1 0 2 0 3 3 4 8 41 23 0 0 0 0 161 
[2020-12-23 11:52:26 PM]  13 1 0 2 0 3 2 4 44 20 25 0 0 0 0 161 
[2020-12-23 11:52:28 PM]  13 1 0 2 0 3 3 4 8 41 23 0 0 0 0 161 
[2020-12-23 11:52:28 PM]  13 1 0 2 0 3 2 4 44 20 25 0 0 0 0 161 
[2020-12-23 11:52:30 PM]  13 1 0 2 0 3 2 4 44 20 25 0 0 0 0 161 
[2020-12-23 11:52:30 PM]  13 1 0 2 0 3 3 4 8 41 23 0 0 0 0 161 
[2020-12-23 11:52:32 PM]  13 1 0 2 0 3 2 4 44 20 25 0 0 0 0 161 
[2020-12-23 11:52:32 PM]  13 1 0 2 0 3 3 4 8 41 23 0 0 0 0 161 
[2020-12-23 11:52:34 PM]  13 1 0 2 0 3 2 4 44 20 25 0 0 0 0 161 
[2020-12-23 11:52:34 PM]  13 1 0 2 0 3 3 4 8 41 23 0 0 0 0 161 
[2020-12-23 11:52:36 PM]  13 1 0 2 0 3 2 4 44 20 25 0 0 0 0 161 
[2020-12-23 11:52:37 PM]  13 1 0 2 0 3 3 4 8 41 23 0 0 0 0 161 
[2020-12-23 11:52:38 PM]  13 1 0 2 0 3 2 4 44 20 25 0 0 0 0 161 
[2020-12-23 11:52:39 PM]  13 1 0 2 0 3 3 4 8 41 23 0 0 0 0 161 
[2020-12-23 11:52:40 PM]  13 1 0 2 0 3 2 4 44 20 25 0 0 0 0 161 
[2020-12-23 11:52:41 PM]  13 1 0 2 0 3 3 4 8 41 23 0 0 0 0 161 
[2020-12-23 11:52:42 PM]  13 1 0 2 0 3 2 4 44 20 25 0 0 0 0 161 
[2020-12-23 11:52:44 PM]  13 1 0 2 0 3 3 4 8 41 23 0 0 0 0 161 
[2020-12-23 11:52:44 PM]  13 1 0 2 0 3 2 4 44 20 25 0 0 0 0 161 
[2020-12-23 11:52:46 PM]  13 1 0 2 0 3 2 4 44 20 25 0 0 0 0 161 
[2020-12-23 11:52:46 PM]  13 1 0 2 0 3 3 4 8 41 23 0 0 0 0 161 
[2020-12-23 11:52:48 PM]  13 1 0 2 0 3 2 4 44 20 25 0 0 0 0 161 
[2020-12-23 11:52:48 PM]  13 1 0 2 0 3 3 4 8 41 23 0 0 0 0 161 
[2020-12-23 11:52:50 PM]  13 1 0 2 0 3 2 4 44 20 25 0 0 0 0 161 
[2020-12-23 11:52:50 PM]  13 1 0 2 0 3 2 4 8 41 23 0 0 0 0 161 
[2020-12-23 11:52:52 PM]  13 1 0 2 0 3 2 4 44 20 25 0 0 0 0 161 
[2020-12-23 11:52:53 PM]  13 1 0 2 0 3 3 4 8 41 23 0 0 0 0 161 
[2020-12-23 11:52:54 PM]  13 1 0 2 0 3 2 4 44 20 25 0 0 0 0 161 
[2020-12-23 11:52:55 PM]  13 1 0 2 0 3 3 4 0 41 23 0 0 0 0 161 
[2020-12-23 11:52:56 PM]  13 1 0 2 0 3 2 4 44 20 25 0 0 0 0 161 
[2020-12-23 11:52:57 PM]  13 1 0 2 1 3 3 4 98 41 23 0 0 0 0 161 
[2020-12-23 11:52:58 PM]  13 1 0 2 0 3 2 4 44 20 25 0 0 0 0 161 
[2020-12-23 11:52:59 PM]  13 1 0 2 1 3 3 4 98 41 23 0 0 0 0 161 
[2020-12-23 11:53:00 PM]  13 1 0 2 0 3 2 4 44 20 25 0 0 0 0 161 
[2020-12-23 11:53:02 PM]  13 1 0 2 1 3 3 4 98 41 23 0 0 0 0 161 
[2020-12-23 11:53:02 PM]  13 1 0 2 0 3 2 4 44 20 25 0 0 0 0 161 
[2020-12-23 11:53:04 PM]  13 1 0 2 0 3 2 4 44 20 25 0 0 0 0 161 
[2020-12-23 11:53:04 PM]  13 1 0 2 1 3 3 4 98 41 23 0 0 0 0 161 
[2020-12-23 11:53:06 PM]  13 1 0 2 0 3 2 4 44 20 25 0 0 0 0 161 
[2020-12-23 11:53:06 PM]  13 1 0 2 1 3 3 4 98 41 23 0 0 0 0 161 
[2020-12-23 11:53:08 PM]  13 1 0 2 0 3 2 4 44 20 25 0 0 0 0 161 
[2020-12-23 11:53:09 PM]  13 1 0 2 1 3 3 4 98 41 23 0 0 0 0 161 
[2020-12-23 11:53:10 PM]  13 1 0 2 0 3 2 4 44 20 25 0 0 0 0 161 
[2020-12-23 11:53:11 PM]  13 1 0 2 1 3 3 4 98 41 23 0 0 0 0 161 
[2020-12-23 11:53:12 PM]  13 1 0 2 0 3 2 4 44 20 25 0 0 0 0 161 
[2020-12-23 11:53:13 PM]  13 1 0 2 1 3 3 4 98 41 23 0 0 0 0 161 
[2020-12-23 11:53:14 PM]  13 1 0 2 0 3 2 4 44 20 25 0 0 0 0 161 
[2020-12-23 11:53:15 PM]  13 1 0 2 1 3 3 4 98 41 23 0 0 0 0 161 
[2020-12-23 11:53:16 PM]  13 1 0 2 0 3 2 4 44 20 25 0 0 0 0 161 
[2020-12-23 11:53:18 PM]  13 1 0 2 1 3 3 4 98 41 23 0 0 0 0 161 
[2020-12-23 11:53:18 PM]  13 1 0 2 0 3 2 4 44 20 25 0 0 0 0 161 
[2020-12-23 11:53:20 PM]  13 1 0 2 0 3 2 4 44 20 25 0 0 0 0 161 
[2020-12-23 11:53:20 PM]  13 1 1 2 1 3 2 4 98 41 23 0 0 0 0 161 
[2020-12-23 11:53:22 PM]  13 1 0 2 0 3 2 4 44 20 25 0 0 0 0 161 
[2020-12-23 11:53:22 PM]  13 1 1 2 1 3 2 4 98 41 23 0 0 0 0 161 
[2020-12-23 11:53:24 PM]  13 1 0 2 0 3 2 4 44 20 25 0 0 0 0 161 
[2020-12-23 11:53:24 PM]  13 1 0 2 1 3 2 4 98 41 23 0 0 0 0 161 
[2020-12-23 11:53:26 PM]  13 1 0 2 0 3 2 4 44 20 25 0 0 0 0 161 
[2020-12-23 11:53:27 PM]  13 1 0 2 1 3 2 4 98 41 23 0 0 0 0 161 
[2020-12-23 11:53:28 PM]  13 1 0 2 0 3 2 4 44 20 25 0 0 0 0 161 
[2020-12-23 11:53:29 PM]  13 1 0 2 1 3 3 4 98 41 23 0 0 0 0 161 
[2020-12-23 11:53:30 PM]  13 1 0 2 0 3 2 4 44 20 25 0 0 0 0 161 
[2020-12-23 11:53:31 PM]  13 1 0 2 1 3 3 4 98 41 23 0 0 0 0 161 
[2020-12-23 11:53:32 PM]  13 1 0 2 0 3 2 4 44 20 25 0 0 0 0 161 
[2020-12-23 11:53:34 PM]  13 1 0 2 1 3 3 4 98 41 23 0 0 0 0 161 
[2020-12-23 11:53:34 PM]  13 1 0 2 0 3 2 4 44 20 25 0 0 0 0 161 
[2020-12-23 11:53:36 PM]  13 1 0 2 0 3 2 4 44 20 25 0 0 0 0 161 
[2020-12-23 11:53:36 PM]  13 1 0 2 1 3 3 4 98 42 23 0 0 0 0 161 
[2020-12-23 11:53:38 PM]  13 1 0 2 0 3 2 4 44 20 25 0 0 0 0 161 
[2020-12-23 11:53:38 PM]  13 1 0 2 1 3 3 4 98 41 23 0 0 0 0 161 
[2020-12-23 11:53:40 PM]  13 1 0 2 0 3 2 4 44 20 25 0 0 0 0 161 
[2020-12-23 11:53:40 PM]  13 1 0 2 1 3 3 4 98 42 23 0 0 0 0 161 
[2020-12-23 11:53:42 PM]  13 1 0 2 0 3 2 4 44 20 25 0 0 0 0 161 
[2020-12-23 11:53:43 PM]  13 1 0 2 1 3 3 4 98 42 23 0 0 0 0 161 
[2020-12-23 11:53:44 PM]  13 1 0 2 0 3 2 4 44 20 25 0 0 0 0 161 
[2020-12-23 11:53:45 PM]  13 1 0 2 1 3 3 4 52 42 23 0 0 0 0 161 
[2020-12-23 11:53:46 PM]  13 1 0 2 0 3 2 4 44 20 25 0 0 0 0 161 
[2020-12-23 11:53:47 PM]  13 1 0 2 1 3 3 4 52 42 23 0 0 0 0 161 
[2020-12-23 11:53:48 PM]  13 1 0 2 0 3 2 4 44 20 25 0 0 0 0 161 
[2020-12-23 11:53:49 PM]  13 1 0 2 1 3 3 4 52 42 23 0 0 0 0 161 
[2020-12-23 11:53:50 PM]  13 1 0 2 0 3 2 4 44 20 25 0 0 0 0 161 
[2020-12-23 11:53:52 PM]  13 1 0 2 1 3 3 4 52 42 23 0 0 0 0 161 
[2020-12-23 11:53:52 PM]  13 1 0 2 0 3 2 4 44 20 25 0 0 0 0 161 
[2020-12-23 11:53:54 PM]  13 1 0 2 0 3 2 4 44 20 25 0 0 0 0 161 
[2020-12-23 11:53:54 PM]  13 1 0 2 1 3 3 4 52 42 23 0 0 0 0 161 
[2020-12-23 11:53:56 PM]  13 1 0 2 0 3 2 4 44 20 25 0 0 0 0 161 
[2020-12-23 11:53:56 PM]  13 1 0 2 1 3 3 4 52 41 23 0 0 0 0 161 
[2020-12-23 11:53:58 PM]  13 1 0 2 0 3 2 4 44 20 25 0 0 0 0 161 
[2020-12-23 11:53:59 PM]  13 1 0 2 1 3 3 4 52 42 23 0 0 0 0 161 
[2020-12-23 11:54:00 PM]  13 1 0 2 0 3 2 4 44 20 25 0 0 0 0 161 
[2020-12-23 11:54:01 PM]  13 1 0 2 1 3 3 4 52 41 23 0 0 0 0 161 
[2020-12-23 11:54:02 PM]  13 1 0 2 0 3 2 4 44 20 25 0 0 0 0 161 
[2020-12-23 11:54:03 PM]  13 1 0 2 1 3 3 4 52 42 23 0 0 0 0 161 
[2020-12-23 11:54:04 PM]  13 1 0 2 0 3 2 4 44 20 25 0 0 0 0 161 
[2020-12-23 11:54:05 PM]  13 1 0 2 1 3 3 4 52 41 23 0 0 0 0 161 
[2020-12-23 11:54:06 PM]  13 1 0 2 0 3 2 4 44 20 25 0 0 0 0 161 
[2020-12-23 11:54:08 PM]  13 1 0 2 1 3 3 4 52 42 23 0 0 0 0 161 
[2020-12-23 11:54:08 PM]  13 1 0 2 0 3 2 4 44 20 25 0 0 0 0 161 
[2020-12-23 11:54:10 PM]  13 1 0 2 0 3 2 4 44 20 25 0 0 0 0 161 
[2020-12-23 11:54:10 PM]  13 1 0 2 1 3 3 4 52 41 23 0 0 0 0 161 
[2020-12-23 11:54:12 PM]  13 1 0 2 0 3 2 4 44 20 25 0 0 0 0 161 
[2020-12-23 11:54:12 PM]  13 1 0 2 1 3 2 4 52 42 23 0 0 0 0 161 
[2020-12-23 11:54:14 PM]  13 1 0 2 0 3 2 4 44 20 25 0 0 0 0 161 
[2020-12-23 11:54:14 PM]  13 1 0 2 1 3 3 4 52 41 23 0 0 0 0 161 
[2020-12-23 11:54:16 PM]  13 1 0 2 0 3 2 4 44 20 25 0 0 0 0 161 
[2020-12-23 11:54:17 PM]  13 1 0 2 1 3 3 4 52 41 23 0 0 0 0 161 
[2020-12-23 11:54:18 PM]  13 1 0 2 0 3 2 4 44 20 25 0 0 0 0 161 
[2020-12-23 11:54:19 PM]  13 1 0 2 1 3 3 4 52 41 23 0 0 0 0 161 
[2020-12-23 11:54:20 PM]  13 1 0 2 0 3 2 4 44 20 25 0 0 0 0 161 
[2020-12-23 11:54:21 PM]  13 1 0 2 1 3 3 4 52 41 23 0 0 0 0 161 
[2020-12-23 11:54:22 PM]  13 1 0 2 0 3 2 4 44 20 25 0 0 0 0 161 
[2020-12-23 11:54:24 PM]  13 1 0 2 1 3 3 4 52 41 23 0 0 0 0 161 
[2020-12-23 11:54:24 PM]  13 1 0 2 0 3 2 4 44 20 25 0 0 0 0 161 
[2020-12-23 11:54:26 PM]  13 1 0 2 0 3 2 4 44 20 25 0 0 0 0 161 
[2020-12-23 11:54:26 PM]  13 1 0 2 1 3 3 4 52 41 23 0 0 0 0 161 
[2020-12-23 11:54:28 PM]  13 1 0 2 0 3 2 4 44 20 25 0 0 0 0 161 
[2020-12-23 11:54:28 PM]  13 1 0 2 1 3 3 4 52 41 23 0 0 0 0 161 
[2020-12-23 11:54:30 PM]  13 1 0 2 0 3 2 4 44 20 25 0 0 0 0 161 
[2020-12-23 11:54:30 PM]  13 1 0 2 1 3 3 4 52 41 23 0 0 0 0 161 
[2020-12-23 11:54:32 PM]  13 1 0 2 0 3 2 4 44 20 25 0 0 0 0 161 
[2020-12-23 11:54:33 PM]  13 1 0 2 1 3 3 4 52 41 23 0 0 0 0 161 
[2020-12-23 11:54:34 PM]  13 1 0 2 0 3 2 4 44 20 25 0 0 0 0 161 
[2020-12-23 11:54:35 PM]  13 1 0 2 1 3 3 4 52 41 23 0 0 0 0 161 
[2020-12-23 11:54:36 PM]  13 1 0 2 0 3 2 4 44 20 25 0 0 0 0 161 
[2020-12-23 11:54:37 PM]  13 1 0 2 1 3 3 4 52 41 23 0 0 0 0 161 
[2020-12-23 11:54:38 PM]  13 1 0 2 0 3 2 4 44 20 25 0 0 0 0 161 
[2020-12-23 11:54:39 PM]  13 1 0 2 1 3 3 4 52 41 23 0 0 0 0 161 
[2020-12-23 11:54:40 PM]  13 1 0 2 0 3 2 4 44 20 25 0 0 0 0 161 
[2020-12-23 11:54:42 PM]  13 1 0 2 0 3 2 4 44 20 25 0 0 0 0 161 
[2020-12-23 11:54:42 PM]  13 1 0 2 1 3 3 4 52 41 23 0 0 0 0 161 
[2020-12-23 11:54:44 PM]  13 1 0 2 0 3 2 4 44 20 25 0 0 0 0 161 
[2020-12-23 11:54:44 PM]  13 1 0 2 1 3 3 4 52 41 23 0 0 0 0 161 
[2020-12-23 11:54:46 PM]  13 1 0 2 0 3 2 4 44 20 25 0 0 0 0 161 
[2020-12-23 11:54:46 PM]  13 1 0 2 1 3 3 4 52 41 23 0 0 0 0 161 
[2020-12-23 11:54:48 PM]  13 1 0 2 0 3 2 4 44 20 25 0 0 0 0 161 
[2020-12-23 11:54:49 PM]  13 1 0 2 1 3 3 4 52 41 23 0 0 0 0 161 
[2020-12-23 11:54:50 PM]  13 1 0 2 0 3 2 4 44 20 25 0 0 0 0 161 
[2020-12-23 11:54:51 PM]  13 1 0 2 1 3 3 4 52 41 23 0 0 0 0 161 
[2020-12-23 11:54:52 PM]  13 1 0 2 0 3 2 4 44 20 25 0 0 0 0 161 
[2020-12-23 11:54:53 PM]  13 1 0 2 1 3 3 4 52 41 23 0 0 0 0 161 
[2020-12-23 11:54:54 PM]  13 1 0 2 0 3 2 4 44 20 25 0 0 0 0 161 
[2020-12-23 11:54:55 PM]  13 1 0 2 1 3 3 4 52 41 23 0 0 0 0 161 
[2020-12-23 11:54:56 PM]  13 1 0 2 0 3 2 4 44 20 25 0 0 0 0 161 
[2020-12-23 11:54:58 PM]  13 1 0 2 1 3 3 4 52 41 23 0 0 0 0 161 
[2020-12-23 11:54:58 PM]  13 1 0 2 0 3 2 4 44 20 25 0 0 0 0 161 
[2020-12-23 11:55:00 PM]  13 1 0 2 0 3 2 4 44 20 25 0 0 0 0 161 
[2020-12-23 11:55:00 PM]  13 1 0 2 1 3 3 4 52 41 23 0 0 0 0 161 
[2020-12-23 11:55:02 PM]  13 1 0 2 0 3 2 4 44 20 25 0 0 0 0 161 
[2020-12-23 11:55:02 PM]  13 1 0 2 1 3 3 4 52 41 23 0 0 0 0 161 
[2020-12-23 11:55:04 PM]  13 1 0 2 0 3 2 4 44 20 25 0 0 0 0 161 
[2020-12-23 11:55:05 PM]  13 1 0 2 1 3 3 4 52 41 23 0 0 0 0 161 
[2020-12-23 11:55:06 PM]  13 1 0 2 0 3 2 4 44 20 25 0 0 0 0 161 
[2020-12-23 11:55:07 PM]  13 1 0 2 1 3 3 4 52 41 23 0 0 0 0 161 
[2020-12-23 11:55:08 PM]  13 1 0 2 0 3 2 4 44 20 25 0 0 0 0 161 
[2020-12-23 11:55:09 PM]  13 1 0 2 1 3 3 4 52 41 23 0 0 0 0 161 
[2020-12-23 11:55:10 PM]  13 1 0 2 0 3 2 4 44 20 25 0 0 0 0 161 
[2020-12-23 11:55:11 PM]  13 1 0 2 1 3 3 4 52 41 23 0 0 0 0 161 
[2020-12-23 11:55:12 PM]  13 1 0 2 0 3 2 4 44 20 25 0 0 0 0 161 
[2020-12-23 11:55:14 PM]  13 1 0 2 1 3 3 4 52 42 23 0 0 0 0 161 
[2020-12-23 11:55:14 PM]  13 1 0 2 0 3 2 4 44 20 25 0 0 0 0 161 
[2020-12-23 11:55:16 PM]  13 1 0 2 0 3 2 4 44 20 25 0 0 0 0 161 
[2020-12-23 11:55:16 PM]  13 1 0 2 1 3 3 4 52 43 23 0 0 0 0 161 
[2020-12-23 11:55:18 PM]  13 1 0 2 0 3 2 4 44 20 25 0 0 0 0 161 
[2020-12-23 11:55:18 PM]  13 1 0 2 1 3 3 4 52 44 23 0 0 0 0 161 
[2020-12-23 11:55:20 PM]  13 1 0 2 0 3 2 4 44 20 25 0 0 0 0 161 
[2020-12-23 11:55:20 PM]  13 1 0 2 1 3 3 4 52 44 23 0 0 0 0 161 
[2020-12-23 11:55:22 PM]  13 1 0 2 0 3 2 4 44 20 25 0 0 0 0 161 
[2020-12-23 11:55:23 PM]  13 1 0 2 1 3 3 4 52 44 23 0 0 0 0 161 
[2020-12-23 11:55:24 PM]  13 1 0 2 0 3 2 4 44 20 25 0 0 0 0 161 
[2020-12-23 11:55:25 PM]  13 1 0 2 1 3 3 4 52 44 23 0 0 0 0 161 
[2020-12-23 11:55:26 PM]  13 1 0 2 0 3 2 4 44 20 25 0 0 0 0 161 
[2020-12-23 11:55:27 PM]  13 1 0 2 1 3 3 4 52 44 23 0 0 0 0 161 
[2020-12-23 11:55:28 PM]  13 1 0 2 0 3 2 4 44 20 25 0 0 0 0 161 
[2020-12-23 11:55:30 PM]  13 1 0 2 1 3 3 4 52 44 23 0 0 0 0 161 
[2020-12-23 11:55:30 PM]  13 1 0 2 0 3 2 4 44 20 25 0 0 0 0 161 
[2020-12-23 11:55:32 PM]  13 1 0 2 0 3 2 4 44 20 25 0 0 0 0 161 
[2020-12-23 11:55:32 PM]  13 1 0 2 1 3 3 4 52 44 23 0 0 0 0 161 
[2020-12-23 11:55:34 PM]  13 1 0 2 0 3 2 4 44 20 25 0 0 0 0 161 
[2020-12-23 11:55:34 PM]  13 1 0 2 1 3 3 4 52 44 23 0 0 0 0 161 
[2020-12-23 11:55:36 PM]  13 1 0 2 0 3 2 4 44 20 25 0 0 0 0 161 
[2020-12-23 11:55:36 PM]  13 1 0 2 1 3 3 4 52 43 23 0 0 0 0 161 
[2020-12-23 11:55:38 PM]  13 1 0 2 0 3 2 4 44 20 25 0 0 0 0 161 
[2020-12-23 11:55:39 PM]  13 1 0 2 1 3 3 4 52 43 23 0 0 0 0 161 
[2020-12-23 11:55:40 PM]  13 1 0 2 0 3 2 4 44 20 25 0 0 0 0 161 
[2020-12-23 11:55:41 PM]  13 1 0 2 1 3 3 4 52 43 23 0 0 0 0 161 
[2020-12-23 11:55:42 PM]  13 1 0 2 0 3 2 4 44 20 25 0 0 0 0 161 
[2020-12-23 11:55:43 PM]  13 1 0 2 1 3 3 4 52 43 23 0 0 0 0 161 
[2020-12-23 11:55:44 PM]  13 1 0 2 0 3 2 4 44 20 25 0 0 0 0 161 
[2020-12-23 11:55:45 PM]  13 1 0 2 1 3 3 4 52 43 23 0 0 0 0 161 
[2020-12-23 11:55:46 PM]  13 1 0 2 0 3 2 4 44 20 25 0 0 0 0 161 
[2020-12-23 11:55:48 PM]  13 1 0 2 1 3 3 4 52 43 23 0 0 0 0 161 
[2020-12-23 11:55:48 PM]  13 1 0 2 0 3 2 4 44 20 25 0 0 0 0 161 
[2020-12-23 11:55:50 PM]  13 1 0 2 0 3 2 4 44 20 25 0 0 0 0 161 
[2020-12-23 11:55:50 PM]  13 1 0 2 1 3 3 4 52 43 23 0 0 0 0 161 
[2020-12-23 11:55:52 PM]  13 1 0 2 0 3 2 4 44 20 25 0 0 0 0 161 
[2020-12-23 11:55:52 PM]  13 1 0 2 1 3 3 4 52 43 23 0 0 0 0 161 
[2020-12-23 11:55:54 PM]  13 1 0 2 0 3 2 4 44 20 25 0 0 0 0 161 
[2020-12-23 11:55:55 PM]  13 1 0 2 1 3 3 4 52 43 23 0 0 0 0 161 
[2020-12-23 11:55:56 PM]  13 1 0 2 0 3 2 4 44 20 25 0 0 0 0 161 
[2020-12-23 11:55:57 PM]  13 1 0 2 1 3 3 4 52 43 23 0 0 0 0 161 
[2020-12-23 11:55:58 PM]  13 1 0 2 0 3 2 4 44 20 25 0 0 0 0 161 
[2020-12-23 11:55:59 PM]  13 1 0 2 1 3 3 4 52 43 23 0 0 0 0 161 
[2020-12-23 11:56:00 PM]  13 1 0 2 0 3 2 4 44 20 25 0 0 0 0 161 
[2020-12-23 11:56:01 PM]  13 1 0 2 1 3 3 4 52 43 23 0 0 0 0 161 
[2020-12-23 11:56:02 PM]  13 1 0 2 0 3 2 4 44 20 25 0 0 0 0 161 
[2020-12-23 11:56:04 PM]  13 1 0 2 1 3 3 4 52 42 23 0 0 0 0 161 
[2020-12-23 11:56:04 PM]  13 1 0 2 0 3 2 4 44 20 25 0 0 0 0 161 
[2020-12-23 11:56:06 PM]  13 1 0 2 0 3 2 4 44 20 25 0 0 0 0 161 
[2020-12-23 11:56:06 PM]  13 1 0 2 1 3 3 4 52 42 23 0 0 0 0 161 
[2020-12-23 11:56:08 PM]  13 1 0 2 0 3 2 4 44 20 25 0 0 0 0 161 
[2020-12-23 11:56:08 PM]  13 1 0 2 1 3 3 4 52 42 23 0 0 0 0 161 
[2020-12-23 11:56:10 PM]  13 1 0 2 0 3 2 4 44 20 25 0 0 0 0 161 
[2020-12-23 11:56:10 PM]  13 1 0 2 1 3 3 4 52 42 23 0 0 0 0 161 
[2020-12-23 11:56:12 PM]  13 1 0 2 0 3 2 4 44 20 25 0 0 0 0 161 
[2020-12-23 11:56:13 PM]  13 1 0 2 1 3 3 4 52 42 23 0 0 0 0 161 
[2020-12-23 11:56:14 PM]  13 1 0 2 0 3 2 4 44 20 25 0 0 0 0 161 
[2020-12-23 11:56:15 PM]  13 1 0 2 1 3 3 4 52 42 23 0 0 0 0 161 
[2020-12-23 11:56:16 PM]  13 1 0 2 0 3 2 4 44 20 25 0 0 0 0 161 
[2020-12-23 11:56:17 PM]  13 1 0 2 1 3 3 4 52 42 23 0 0 0 0 161 
[2020-12-23 11:56:18 PM]  13 1 0 2 0 3 2 4 44 20 25 0 0 0 0 161 
[2020-12-23 11:56:20 PM]  13 1 0 2 1 3 3 4 52 42 23 0 0 0 0 161 
[2020-12-23 11:56:20 PM]  13 1 0 2 0 3 2 4 44 20 25 0 0 0 0 161 
[2020-12-23 11:56:22 PM]  13 1 0 2 0 3 2 4 44 20 25 0 0 0 0 161 
[2020-12-23 11:56:22 PM]  13 1 0 2 1 3 3 4 52 42 23 0 0 0 0 161 
[2020-12-23 11:56:24 PM]  13 1 0 2 0 3 2 4 44 20 25 0 0 0 0 161 
[2020-12-23 11:56:24 PM]  13 1 0 2 1 3 3 4 52 42 23 0 0 0 0 161 
[2020-12-23 11:56:26 PM]  13 1 0 2 0 3 2 4 44 20 25 0 0 0 0 161 
[2020-12-23 11:56:26 PM]  13 1 0 2 1 3 3 4 52 42 23 0 0 0 0 161 
[2020-12-23 11:56:28 PM]  13 1 0 2 0 3 2 4 44 20 25 0 0 0 0 161 
[2020-12-23 11:56:29 PM]  13 1 0 2 1 3 3 4 52 42 23 0 0 0 0 161 
[2020-12-23 11:56:30 PM]  13 1 0 2 0 3 2 4 44 20 25 0 0 0 0 161 
[2020-12-23 11:56:31 PM]  13 1 0 2 1 3 3 4 52 41 23 0 0 0 0 161 
[2020-12-23 11:56:32 PM]  13 1 0 2 0 3 2 4 44 20 25 0 0 0 0 161 
[2020-12-23 11:56:33 PM]  13 1 0 2 1 3 3 4 52 41 23 0 0 0 0 161 
[2020-12-23 11:56:34 PM]  13 1 0 2 0 3 2 4 44 20 25 0 0 0 0 161 
[2020-12-23 11:56:35 PM]  13 1 0 2 1 3 3 4 52 41 23 0 0 0 0 161 
[2020-12-23 11:56:36 PM]  13 1 0 2 0 3 2 4 44 20 25 0 0 0 0 161 
[2020-12-23 11:56:38 PM]  13 1 0 2 1 3 3 4 52 41 23 0 0 0 0 161 
[2020-12-23 11:56:38 PM]  13 1 0 2 0 3 2 4 44 20 25 0 0 0 0 161 
[2020-12-23 11:56:40 PM]  13 1 0 2 0 3 2 4 44 20 25 0 0 0 0 161 
[2020-12-23 11:56:40 PM]  13 1 0 2 1 3 3 4 52 41 23 0 0 0 0 161 
[2020-12-23 11:56:42 PM]  13 1 0 2 0 3 2 4 44 20 25 0 0 0 0 161 
[2020-12-23 11:56:42 PM]  13 1 0 2 1 3 3 4 52 41 23 0 0 0 0 161 
[2020-12-23 11:56:44 PM]  13 1 0 2 0 3 2 4 44 20 25 0 0 0 0 161 
[2020-12-23 11:56:45 PM]  13 1 0 2 1 3 3 4 52 41 23 0 0 0 0 161 
[2020-12-23 11:56:46 PM]  13 1 0 2 0 3 2 4 44 20 25 0 0 0 0 161 
[2020-12-23 11:56:47 PM]  13 1 0 2 1 3 3 4 52 41 23 0 0 0 0 161 
[2020-12-23 11:56:48 PM]  13 1 0 2 0 3 2 4 44 20 25 0 0 0 0 161 
[2020-12-23 11:56:49 PM]  13 1 0 2 1 3 3 4 52 41 23 0 0 0 0 161 
[2020-12-23 11:56:50 PM]  13 1 0 2 0 3 2 4 44 20 25 0 0 0 0 161 
[2020-12-23 11:56:51 PM]  13 1 0 2 1 3 3 4 52 41 23 0 0 0 0 161 
[2020-12-23 11:56:52 PM]  13 1 0 2 0 3 2 4 44 20 25 0 0 0 0 161 
[2020-12-23 11:56:54 PM]  13 1 0 2 1 3 3 4 52 41 23 0 0 0 0 161 
[2020-12-23 11:56:54 PM]  13 1 0 2 0 3 2 4 44 20 25 0 0 0 0 161 
[2020-12-23 11:56:56 PM]  13 1 0 2 0 3 2 4 44 20 25 0 0 0 0 161 
[2020-12-23 11:56:56 PM]  13 1 0 2 1 3 3 4 52 41 23 0 0 0 0 161 
[2020-12-23 11:56:58 PM]  13 1 0 2 0 3 2 4 44 20 25 0 0 0 0 161 
[2020-12-23 11:56:58 PM]  13 1 0 2 1 3 3 4 52 41 23 0 0 0 0 161 
[2020-12-23 11:57:00 PM]  13 1 0 2 0 3 2 4 44 20 25 0 0 0 0 161 
[2020-12-23 11:57:00 PM]  13 1 0 2 1 3 3 4 52 41 23 0 0 0 0 161 
[2020-12-23 11:57:02 PM]  13 1 0 2 0 3 2 4 44 20 25 0 0 0 0 161 
[2020-12-23 11:57:03 PM]  13 1 0 2 1 3 3 4 52 41 23 0 0 0 0 161 
[2020-12-23 11:57:04 PM]  13 1 0 2 0 3 2 4 44 20 25 0 0 0 0 161 
[2020-12-23 11:57:05 PM]  13 1 0 2 1 3 3 4 52 41 23 0 0 0 0 161 
[2020-12-23 11:57:06 PM]  13 1 0 2 0 3 2 4 44 20 25 0 0 0 0 161 
[2020-12-23 11:57:07 PM]  13 1 0 2 1 3 3 4 52 41 23 0 0 0 0 161 
[2020-12-23 11:57:08 PM]  13 1 0 2 0 3 2 4 44 20 25 0 0 0 0 161 
[2020-12-23 11:57:10 PM]  13 1 0 2 1 3 3 4 52 41 23 0 0 0 0 161 
[2020-12-23 11:57:10 PM]  13 1 0 2 0 3 2 4 44 20 25 0 0 0 0 161 
[2020-12-23 11:57:12 PM]  13 1 0 2 0 3 2 4 44 20 25 0 0 0 0 161 
[2020-12-23 11:57:12 PM]  13 1 0 2 1 3 3 4 52 41 23 0 0 0 0 161 
[2020-12-23 11:57:14 PM]  13 1 0 2 0 3 2 4 44 20 25 0 0 0 0 161 
[2020-12-23 11:57:14 PM]  13 1 0 2 1 3 3 4 52 41 23 0 0 0 0 161 
[2020-12-23 11:57:16 PM]  13 1 0 2 0 3 2 4 44 20 25 0 0 0 0 161 
[2020-12-23 11:57:16 PM]  13 1 0 2 1 3 3 4 52 41 23 0 0 0 0 161 
[2020-12-23 11:57:18 PM]  13 1 0 2 0 3 2 4 44 20 25 0 0 0 0 161 
[2020-12-23 11:57:19 PM]  13 1 0 2 0 3 3 4 3 41 23 0 0 0 0 161 
[2020-12-23 11:57:20 PM]  13 1 0 2 0 3 2 4 44 20 25 0 0 0 0 161 
[2020-12-23 11:57:21 PM]  13 1 0 2 0 3 3 4 2 41 23 0 0 0 0 161 
[2020-12-23 11:57:22 PM]  13 1 0 2 0 3 2 4 44 20 25 0 0 0 0 161 
[2020-12-23 11:57:23 PM]  13 1 0 2 0 3 3 4 2 41 23 0 0 0 0 161 
[2020-12-23 11:57:24 PM]  13 1 0 2 0 3 2 4 44 20 25 0 0 0 0 161 
[2020-12-23 11:57:26 PM]  13 1 0 2 0 3 3 4 3 42 23 0 0 0 0 161 
[2020-12-23 11:57:26 PM]  13 1 0 2 0 3 2 4 44 20 25 0 0 0 0 161 
[2020-12-23 11:57:28 PM]  13 1 0 2 0 3 2 4 44 20 25 0 0 0 0 161 
[2020-12-23 11:57:28 PM]  13 1 0 2 0 3 3 4 3 41 23 0 0 0 0 161 
[2020-12-23 11:57:30 PM]  13 1 0 2 0 3 2 4 44 20 25 0 0 0 0 161 
[2020-12-23 11:57:30 PM]  13 1 0 2 0 3 3 4 3 42 23 0 0 0 0 161 
[2020-12-23 11:57:32 PM]  13 1 0 2 0 3 2 4 44 20 25 0 0 0 0 161 
[2020-12-23 11:57:32 PM]  13 1 0 2 0 3 3 4 2 41 23 0 0 0 0 161 
[2020-12-23 11:57:34 PM]  13 1 0 2 0 3 2 4 44 20 25 0 0 0 0 161 
[2020-12-23 11:57:35 PM]  13 1 0 2 0 3 3 4 3 42 23 0 0 0 0 161 
[2020-12-23 11:57:36 PM]  13 1 0 2 0 3 2 4 44 20 25 0 0 0 0 161 
[2020-12-23 11:57:37 PM]  13 1 0 2 0 3 3 4 2 41 23 0 0 0 0 161 
[2020-12-23 11:57:38 PM]  13 1 0 2 0 3 2 4 44 20 25 0 0 0 0 161 
[2020-12-23 11:57:39 PM]  13 1 0 2 0 3 3 4 3 41 23 0 0 0 0 161 
[2020-12-23 11:57:40 PM]  13 1 0 2 0 3 2 4 44 20 25 0 0 0 0 161 
[2020-12-23 11:57:41 PM]  13 1 0 2 0 3 3 4 3 41 23 0 0 0 0 161 
[2020-12-23 11:57:42 PM]  13 1 0 2 0 3 2 4 44 20 25 0 0 0 0 161 
[2020-12-23 11:57:44 PM]  13 1 0 2 0 3 3 4 3 41 23 0 0 0 0 161 
[2020-12-23 11:57:44 PM]  13 1 0 2 0 3 2 4 44 20 25 0 0 0 0 161 
[2020-12-23 11:57:46 PM]  13 1 0 2 0 3 2 4 44 20 25 0 0 0 0 161 
[2020-12-23 11:57:46 PM]  13 1 0 2 0 3 3 4 3 41 23 0 0 0 0 161 
[2020-12-23 11:57:48 PM]  13 1 0 2 0 3 2 4 44 20 25 0 0 0 0 161 
[2020-12-23 11:57:48 PM]  13 1 0 2 0 3 3 4 3 41 23 0 0 0 0 161 
[2020-12-23 11:57:50 PM]  13 1 0 2 0 3 2 4 44 20 25 0 0 0 0 161 
