[2020-12-27 10:52:53 PM]  13 1 0 2 0 3 2 4 44 20 25 0 0 0 0 161 
[2020-12-27 10:52:55 PM]  13 1 0 2 0 3 2 4 44 20 25 0 0 0 0 161 
[2020-12-27 10:52:57 PM]  13 1 0 2 0 3 2 4 44 20 25 0 0 0 0 161 
[2020-12-27 10:52:59 PM]  13 1 0 2 0 3 2 4 44 20 25 0 0 0 0 161 
[2020-12-27 10:53:01 PM]  13 1 0 2 0 3 2 4 44 20 25 0 0 0 0 161 
[2020-12-27 10:53:03 PM]  13 1 0 2 0 3 2 4 44 20 25 0 0 0 0 161 
[2020-12-27 10:53:05 PM]  13 1 0 2 0 3 2 4 44 20 25 0 0 0 0 161 
[2020-12-27 10:53:07 PM]  13 1 0 2 0 3 2 4 44 20 25 0 0 0 0 161 
[2020-12-27 10:53:09 PM]  13 1 0 2 0 3 2 4 44 20 25 0 0 0 0 161 
[2020-12-27 10:53:11 PM]  13 1 0 2 0 3 2 4 44 20 25 0 0 0 0 161 
[2020-12-27 10:53:13 PM]  13 1 0 2 0 3 2 4 44 20 25 0 0 0 0 161 
[2020-12-27 10:53:15 PM]  13 1 0 2 0 3 2 4 44 20 25 0 0 0 0 161 
[2020-12-27 10:53:17 PM]  13 1 0 2 0 3 2 4 44 20 25 0 0 0 0 161 
[2020-12-27 10:53:19 PM]  13 1 0 2 0 3 2 4 44 20 25 0 0 0 0 161 
[2020-12-27 10:53:21 PM]  13 1 0 2 0 3 2 4 44 20 25 0 0 0 0 161 
[2020-12-27 10:53:23 PM]  13 1 0 2 0 3 2 4 44 20 25 0 0 0 0 161 
[2020-12-27 10:53:25 PM]  13 1 0 2 0 3 2 4 44 20 25 0 0 0 0 161 
[2020-12-27 10:53:27 PM]  13 1 0 2 0 3 2 4 44 20 25 0 0 0 0 161 
[2020-12-27 10:53:29 PM]  13 1 0 2 0 3 2 4 44 20 25 0 0 0 0 161 
[2020-12-27 10:53:31 PM]  13 1 0 2 0 3 2 4 44 20 25 0 0 0 0 161 
[2020-12-27 10:53:33 PM]  13 1 0 2 0 3 2 4 44 20 25 0 0 0 0 161 
[2020-12-27 10:53:35 PM]  13 1 0 2 0 3 2 4 44 20 25 0 0 0 0 161 
[2020-12-27 10:53:37 PM]  13 1 0 2 0 3 2 4 44 20 25 0 0 0 0 161 
[2020-12-27 10:53:39 PM]  13 1 0 2 0 3 2 4 44 20 25 0 0 0 0 161 
[2020-12-27 10:53:41 PM]  13 1 0 2 0 3 2 4 44 20 25 0 0 0 0 161 
[2020-12-27 10:53:43 PM]  13 1 0 2 0 3 2 4 44 20 25 0 0 0 0 161 
[2020-12-27 10:53:45 PM]  13 1 0 2 0 3 2 4 44 20 25 0 0 0 0 161 
[2020-12-27 10:53:47 PM]  13 1 0 2 0 3 2 4 44 20 25 0 0 0 0 161 
[2020-12-27 11:43:19 PM]  13 1 0 2 0 3 2 4 44 20 25 0 0 0 0 161 
[2020-12-27 11:43:19 PM]  13 1 0 2 0 3 2 4 44 20 25 0 0 0 0 161 
[2020-12-27 11:43:19 PM]  13 1 0 2 0 3 2 4 44 20 25 0 0 0 0 161 
[2020-12-27 11:43:19 PM]  13 1 0 2 0 3 2 4 44 20 25 0 0 0 0 161 
[2020-12-27 11:43:19 PM]  13 1 0 2 0 3 2 4 44 20 25 0 0 0 0 161 
[2020-12-27 11:43:19 PM]  13 1 0 2 0 3 2 4 44 20 25 0 0 0 0 161 
[2020-12-27 11:43:19 PM]  13 1 0 2 0 3 2 4 44 20 25 0 0 0 0 161 
[2020-12-27 11:43:19 PM]  13 1 0 2 0 3 2 4 44 20 25 0 0 0 0 161 
[2020-12-27 11:43:19 PM]  13 1 0 2 0 3 2 4 44 20 25 0 0 0 0 161 
[2020-12-27 11:43:19 PM]  13 1 0 2 0 3 2 4 44 20 25 0 0 0 0 161 
[2020-12-27 11:43:19 PM]  13 1 0 2 0 3 2 4 44 20 25 0 0 0 0 161 
[2020-12-27 11:43:19 PM]  13 1 0 2 0 3 2 4 44 20 25 0 0 0 0 161 
[2020-12-27 11:43:19 PM]  13 1 0 2 0 3 2 4 44 20 25 0 0 0 0 161 
[2020-12-27 11:43:19 PM]  13 1 0 2 0 3 2 4 44 20 25 0 0 0 0 161 
[2020-12-27 11:43:19 PM]  13 1 0 2 0 3 2 4 44 20 25 0 0 0 0 161 
[2020-12-27 11:43:19 PM]  13 1 0 2 0 3 2 4 44 20 25 0 0 0 0 161 
[2020-12-27 11:43:19 PM]  13 1 0 2 0 3 2 4 44 20 25 0 0 0 0 161 
[2020-12-27 11:43:19 PM]  13 1 0 2 0 3 2 4 44 20 25 0 0 0 0 161 
[2020-12-27 11:43:19 PM]  13 1 0 2 0 3 2 4 44 20 25 0 0 0 0 161 
[2020-12-27 11:43:19 PM]  13 1 0 2 0 3 2 4 44 20 25 0 0 0 0 161 
[2020-12-27 11:43:19 PM]  13 1 0 2 0 3 2 4 44 20 25 0 0 0 0 161 
[2020-12-27 11:43:19 PM]  13 1 0 2 0 3 2 4 44 20 25 0 0 0 0 161 
[2020-12-27 11:43:19 PM]  13 1 0 2 0 3 2 4 44 20 25 0 0 0 0 161 
[2020-12-27 11:43:19 PM]  13 1 0 2 0 3 2 4 44 20 25 0 0 0 0 161 
[2020-12-27 11:43:19 PM]  13 1 0 2 0 3 2 4 44 20 25 0 0 0 0 161 
[2020-12-27 11:43:19 PM]  13 1 0 2 0 3 2 4 44 20 25 0 0 0 0 161 
[2020-12-27 11:43:19 PM]  13 1 0 2 0 3 2 4 44 20 25 0 0 0 0 161 
[2020-12-27 11:43:19 PM]  13 1 0 2 0 3 2 4 44 20 25 0 0 0 0 161 
[2020-12-27 11:43:19 PM]  13 1 0 2 0 3 2 4 44 20 25 0 0 0 0 161 
[2020-12-27 11:43:19 PM]  13 1 0 2 0 3 2 4 44 20 25 0 0 0 0 161 
[2020-12-27 11:43:19 PM]  13 1 0 2 0 3 2 4 44 20 25 0 0 0 0 161 
[2020-12-27 11:43:19 PM]  13 1 0 2 0 3 2 4 44 20 25 0 0 0 0 161 
[2020-12-27 11:43:19 PM]  13 1 0 2 0 3 2 4 44 20 25 0 0 0 0 161 
[2020-12-27 11:43:19 PM]  13 1 0 2 0 3 2 4 44 20 25 0 0 0 0 161 
[2020-12-27 11:43:19 PM]  13 1 0 2 0 3 2 4 44 20 25 0 0 0 0 161 
[2020-12-27 11:43:19 PM]  13 1 0 2 0 3 2 4 44 20 25 0 0 0 0 161 
[2020-12-27 11:43:19 PM]  13 1 0 2 0 3 2 4 44 20 25 0 0 0 0 161 
[2020-12-27 11:43:19 PM]  13 1 0 2 0 3 2 4 44 20 25 0 0 0 0 161 
[2020-12-27 11:43:19 PM]  13 1 0 2 0 3 2 4 44 20 25 0 0 0 0 161 
[2020-12-27 11:43:19 PM]  13 1 0 2 0 3 2 4 44 20 25 0 0 0 0 161 
[2020-12-27 11:43:19 PM]  13 1 0 2 0 3 2 4 44 20 25 0 0 0 0 161 
[2020-12-27 11:43:19 PM]  13 1 0 2 0 3 2 4 44 20 25 0 0 0 0 161 
[2020-12-27 11:43:19 PM]  13 1 0 2 0 3 2 4 44 20 25 0 0 0 0 161 
[2020-12-27 11:43:19 PM]  13 1 0 2 0 3 2 4 44 20 25 0 0 0 0 161 
[2020-12-27 11:43:19 PM]  13 1 0 2 0 3 2 4 44 20 25 0 0 0 0 161 
[2020-12-27 11:43:19 PM]  13 1 0 2 0 3 2 4 44 20 25 0 0 0 0 161 
[2020-12-27 11:43:19 PM]  13 1 0 2 0 3 2 4 44 20 25 0 0 0 0 161 
[2020-12-27 11:43:19 PM]  13 1 0 2 0 3 2 4 44 20 25 0 0 0 0 161 
[2020-12-27 11:43:19 PM]  13 1 0 2 0 3 2 4 44 20 25 0 0 0 0 161 
[2020-12-27 11:43:19 PM]  13 1 0 2 0 3 2 4 44 20 25 0 0 0 0 161 
[2020-12-27 11:43:19 PM]  13 1 0 2 0 3 2 4 44 20 25 0 0 0 0 161 
[2020-12-27 11:43:19 PM]  13 1 0 2 0 3 2 4 44 20 25 0 0 0 0 161 
[2020-12-27 11:43:19 PM]  13 1 0 2 0 3 2 4 44 20 25 0 0 0 0 161 
[2020-12-27 11:43:19 PM]  13 1 0 2 0 3 2 4 44 20 25 0 0 0 0 161 
[2020-12-27 11:43:19 PM]  13 1 0 2 0 3 2 4 44 20 25 0 0 0 0 161 
[2020-12-27 11:43:19 PM]  13 1 0 2 0 3 2 4 44 20 25 0 0 0 0 161 
[2020-12-27 11:43:19 PM]  13 1 0 2 0 3 2 4 44 20 25 0 0 0 0 161 
[2020-12-27 11:43:19 PM]  13 1 0 2 0 3 2 4 44 20 25 0 0 0 0 161 
[2020-12-27 11:43:19 PM]  13 1 0 2 0 3 2 4 44 20 25 0 0 0 0 161 
[2020-12-27 11:43:19 PM]  13 1 0 2 0 3 2 4 44 20 25 0 0 0 0 161 
[2020-12-27 11:43:19 PM]  13 1 0 2 0 3 2 4 44 20 25 0 0 0 0 161 
[2020-12-27 11:43:19 PM]  13 1 0 2 0 3 2 4 44 20 25 0 0 0 0 161 
[2020-12-27 11:43:19 PM]  13 1 0 2 0 3 2 4 44 20 25 0 0 0 0 161 
[2020-12-27 11:43:19 PM]  13 1 0 2 0 3 2 4 44 20 25 0 0 0 0 161 
[2020-12-27 11:43:19 PM]  13 1 0 2 0 3 2 4 44 20 25 0 0 0 0 161 
[2020-12-27 11:43:19 PM]  13 1 0 2 0 3 2 4 44 20 25 0 0 0 0 161 
[2020-12-27 11:43:19 PM]  13 1 0 2 0 3 2 4 44 20 25 0 0 0 0 161 
[2020-12-27 11:43:19 PM]  13 1 0 2 0 3 2 4 44 20 25 0 0 0 0 161 
[2020-12-27 11:43:19 PM]  13 1 0 2 0 3 2 4 44 20 25 0 0 0 0 161 
[2020-12-27 11:43:19 PM]  13 1 0 2 0 3 2 4 44 20 25 0 0 0 0 161 
[2020-12-27 11:43:19 PM]  13 1 0 2 0 3 2 4 44 20 25 0 0 0 0 161 
[2020-12-27 11:43:19 PM]  13 1 0 2 0 3 2 4 44 20 25 0 0 0 0 161 
[2020-12-27 11:43:19 PM]  13 1 0 2 0 3 2 4 44 20 25 0 0 0 0 161 
[2020-12-27 11:43:19 PM]  13 1 0 2 0 3 2 4 44 20 25 0 0 0 0 161 
[2020-12-27 11:43:19 PM]  13 1 0 2 0 3 2 4 44 20 25 0 0 0 0 161 
[2020-12-27 11:43:19 PM]  13 1 0 2 0 3 2 4 44 20 25 0 0 0 0 161 
[2020-12-27 11:43:19 PM]  13 1 0 2 0 3 2 4 44 20 25 0 0 0 0 161 
[2020-12-27 11:43:19 PM]  13 1 0 2 0 3 2 4 44 20 25 0 0 0 0 161 
[2020-12-27 11:43:19 PM]  13 1 0 2 0 3 2 4 44 20 25 0 0 0 0 161 
[2020-12-27 11:43:19 PM]  13 1 0 2 0 3 2 4 44 20 25 0 0 0 0 161 
[2020-12-27 11:43:19 PM]  13 1 0 2 0 3 2 4 44 20 25 0 0 0 0 161 
[2020-12-27 11:43:19 PM]  13 1 0 2 0 3 2 4 44 20 25 0 0 0 0 161 
[2020-12-27 11:43:19 PM]  13 1 0 2 0 3 2 4 44 20 25 0 0 0 0 161 
[2020-12-27 11:43:19 PM]  13 1 0 2 0 3 2 4 44 20 25 0 0 0 0 161 
[2020-12-27 11:43:19 PM]  13 1 0 2 0 3 2 4 44 20 25 0 0 0 0 161 
[2020-12-27 11:43:19 PM]  13 1 0 2 0 3 2 4 44 20 25 0 0 0 0 161 
[2020-12-27 11:43:19 PM]  13 1 0 2 0 3 2 4 44 20 25 0 0 0 0 161 
[2020-12-27 11:43:19 PM]  13 1 0 2 0 3 2 4 44 20 25 0 0 0 0 161 
[2020-12-27 11:43:19 PM]  13 1 0 2 0 3 2 4 44 20 25 0 0 0 0 161 
[2020-12-27 11:43:19 PM]  13 1 0 2 0 3 2 4 44 20 25 0 0 0 0 161 
[2020-12-27 11:43:19 PM]  13 1 0 2 0 3 2 4 44 20 25 0 0 0 0 161 
[2020-12-27 11:43:19 PM]  13 1 0 2 0 3 2 4 44 20 25 0 0 0 0 161 
[2020-12-27 11:43:19 PM]  13 1 0 2 0 3 2 4 44 20 25 0 0 0 0 161 
[2020-12-27 11:43:19 PM]  13 1 0 2 0 3 2 4 44 20 25 0 0 0 0 161 
[2020-12-27 11:43:19 PM]  13 1 0 2 0 3 2 4 44 20 25 0 0 0 0 161 
[2020-12-27 11:43:19 PM]  13 1 0 2 0 3 2 4 44 20 25 0 0 0 0 161 
[2020-12-27 11:43:19 PM]  13 1 0 2 0 3 2 4 44 20 25 0 0 0 0 161 
[2020-12-27 11:43:20 PM]  13 1 0 2 0 3 2 4 44 20 25 0 0 0 0 161 
[2020-12-27 11:43:20 PM]  13 1 0 2 0 3 2 4 44 20 25 0 0 0 0 161 
[2020-12-27 11:43:20 PM]  13 1 0 2 0 3 2 4 44 20 25 0 0 0 0 161 
[2020-12-27 11:43:20 PM]  13 1 0 2 0 3 2 4 44 20 25 0 0 0 0 161 
[2020-12-27 11:43:20 PM]  13 1 0 2 0 3 2 4 44 20 25 0 0 0 0 161 
[2020-12-27 11:43:20 PM]  13 1 0 2 0 3 2 4 44 20 25 0 0 0 0 161 
[2020-12-27 11:43:20 PM]  13 1 0 2 0 3 2 4 44 20 25 0 0 0 0 161 
[2020-12-27 11:43:20 PM]  13 1 0 2 0 3 2 4 44 20 25 0 0 0 0 161 
[2020-12-27 11:43:20 PM]  13 1 0 2 0 3 2 4 44 20 25 0 0 0 0 161 
[2020-12-27 11:43:20 PM]  13 1 0 2 0 3 2 4 44 20 25 0 0 0 0 161 
[2020-12-27 11:43:20 PM]  13 1 0 2 0 3 2 4 44 20 25 0 0 0 0 161 
[2020-12-27 11:43:20 PM]  13 1 0 2 0 3 2 4 44 20 25 0 0 0 0 161 
[2020-12-27 11:43:20 PM]  13 1 0 2 0 3 2 4 44 20 25 0 0 0 0 161 
[2020-12-27 11:43:20 PM]  13 1 0 2 0 3 2 4 44 20 25 0 0 0 0 161 
[2020-12-27 11:43:20 PM]  13 1 0 2 0 3 2 4 44 20 25 0 0 0 0 161 
[2020-12-27 11:43:20 PM]  13 1 0 2 0 3 2 4 44 20 25 0 0 0 0 161 
[2020-12-27 11:43:20 PM]  13 1 0 2 0 3 2 4 44 20 25 0 0 0 0 161 
[2020-12-27 11:43:20 PM]  13 1 0 2 0 3 2 4 44 20 25 0 0 0 0 161 
[2020-12-27 11:43:20 PM]  13 1 0 2 0 3 2 4 44 20 25 0 0 0 0 161 
[2020-12-27 11:43:20 PM]  13 1 0 2 0 3 2 4 44 20 25 0 0 0 0 161 
[2020-12-27 11:43:20 PM]  13 1 0 2 0 3 2 4 44 20 25 0 0 0 0 161 
[2020-12-27 11:43:20 PM]  13 1 0 2 0 3 2 4 44 20 25 0 0 0 0 161 
[2020-12-27 11:43:20 PM]  13 1 0 2 0 3 2 4 44 20 25 0 0 0 0 161 
[2020-12-27 11:43:20 PM]  13 1 0 2 0 3 2 4 44 20 25 0 0 0 0 161 
[2020-12-27 11:43:20 PM]  13 1 0 2 0 3 2 4 44 20 25 0 0 0 0 161 
[2020-12-27 11:43:20 PM]  13 1 0 2 0 3 2 4 44 20 25 0 0 0 0 161 
[2020-12-27 11:43:20 PM]  13 1 0 2 0 3 2 4 44 20 25 0 0 0 0 161 
[2020-12-27 11:43:20 PM]  13 1 0 2 0 3 2 4 44 20 25 0 0 0 0 161 
[2020-12-27 11:43:20 PM]  13 1 0 2 0 3 2 4 44 20 25 0 0 0 0 161 
[2020-12-27 11:43:20 PM]  13 1 0 2 0 3 2 4 44 20 25 0 0 0 0 161 
[2020-12-27 11:43:20 PM]  13 1 0 2 0 3 2 4 44 20 25 0 0 0 0 161 
[2020-12-27 11:43:20 PM]  13 1 0 2 0 3 2 4 44 20 25 0 0 0 0 161 
[2020-12-27 11:43:20 PM]  13 1 0 2 0 3 2 4 44 20 25 0 0 0 0 161 
[2020-12-27 11:43:20 PM]  13 1 0 2 0 3 2 4 44 20 25 0 0 0 0 161 
[2020-12-27 11:43:20 PM]  13 1 0 2 0 3 2 4 44 20 25 0 0 0 0 161 
[2020-12-27 11:43:20 PM]  13 1 0 2 0 3 2 4 44 20 25 0 0 0 0 161 
[2020-12-27 11:43:20 PM]  13 1 0 2 0 3 2 4 44 20 25 0 0 0 0 161 
[2020-12-27 11:43:20 PM]  13 1 0 2 0 3 2 4 44 20 25 0 0 0 0 161 
[2020-12-27 11:43:20 PM]  13 1 0 2 0 3 2 4 44 20 25 0 0 0 0 161 
[2020-12-27 11:43:20 PM]  13 1 0 2 0 3 2 4 44 20 25 0 0 0 0 161 
[2020-12-27 11:43:20 PM]  13 1 0 2 0 3 2 4 44 20 25 0 0 0 0 161 
[2020-12-27 11:43:20 PM]  13 1 0 2 0 3 2 4 44 20 25 0 0 0 0 161 
[2020-12-27 11:43:20 PM]  13 1 0 2 0 3 2 4 44 20 25 0 0 0 0 161 
[2020-12-27 11:43:20 PM]  13 1 0 2 0 3 2 4 44 20 25 0 0 0 0 161 
[2020-12-27 11:43:20 PM]  13 1 0 2 0 3 2 4 44 20 25 0 0 0 0 161 
[2020-12-27 11:43:20 PM]  13 1 0 2 0 3 2 4 44 20 25 0 0 0 0 161 
[2020-12-27 11:43:20 PM]  13 1 0 2 0 3 2 4 44 20 25 0 0 0 0 161 
[2020-12-27 11:43:20 PM]  13 1 0 2 0 3 2 4 44 20 25 0 0 0 0 161 
[2020-12-27 11:43:20 PM]  13 1 0 2 0 3 2 4 44 20 25 0 0 0 0 161 
[2020-12-27 11:43:20 PM]  13 1 0 2 0 3 2 4 44 20 25 0 0 0 0 161 
[2020-12-27 11:43:20 PM]  13 1 0 2 0 3 2 4 44 20 25 0 0 0 0 161 
[2020-12-27 11:43:20 PM]  13 1 0 2 0 3 2 4 44 20 25 0 0 0 0 161 
[2020-12-27 11:43:20 PM]  13 1 0 2 0 3 2 4 44 20 25 0 0 0 0 161 
[2020-12-27 11:43:20 PM]  13 1 0 2 0 3 2 4 44 20 25 0 0 0 0 161 
[2020-12-27 11:43:20 PM]  13 1 0 2 0 3 2 4 44 20 25 0 0 0 0 161 
[2020-12-27 11:43:20 PM]  13 1 0 2 0 3 2 4 44 20 25 0 0 0 0 161 
[2020-12-27 11:43:20 PM]  13 1 0 2 0 3 2 4 44 20 25 0 0 0 0 161 
[2020-12-27 11:43:20 PM]  13 1 0 2 0 3 2 4 44 20 25 0 0 0 0 161 
[2020-12-27 11:43:20 PM]  13 1 0 2 0 3 2 4 44 20 25 0 0 0 0 161 
[2020-12-27 11:43:20 PM]  13 1 0 2 0 3 2 4 44 20 25 0 0 0 0 161 
[2020-12-27 11:43:20 PM]  13 1 0 2 0 3 2 4 44 20 25 0 0 0 0 161 
[2020-12-27 11:43:20 PM]  13 1 0 2 0 3 2 4 44 20 25 0 0 0 0 161 
[2020-12-27 11:43:20 PM]  13 1 0 2 0 3 2 4 44 20 25 0 0 0 0 161 
[2020-12-27 11:43:20 PM]  13 1 0 2 0 3 2 4 44 20 25 0 0 0 0 161 
[2020-12-27 11:43:20 PM]  13 1 0 2 0 3 2 4 44 20 25 0 0 0 0 161 
[2020-12-27 11:43:20 PM]  13 1 0 2 0 3 2 4 44 20 25 0 0 0 0 161 
[2020-12-27 11:43:20 PM]  13 1 0 2 0 3 2 4 44 20 25 0 0 0 0 161 
[2020-12-27 11:43:20 PM]  13 1 0 2 0 3 2 4 44 20 25 0 0 0 0 161 
[2020-12-27 11:43:20 PM]  13 1 0 2 0 3 2 4 44 20 25 0 0 0 0 161 
[2020-12-27 11:43:20 PM]  13 1 0 2 0 3 2 4 44 20 25 0 0 0 0 161 
[2020-12-27 11:43:20 PM]  13 1 0 2 0 3 2 4 44 20 25 0 0 0 0 161 
[2020-12-27 11:43:20 PM]  13 1 0 2 0 3 2 4 44 20 25 0 0 0 0 161 
[2020-12-27 11:43:20 PM]  13 1 0 2 0 3 2 4 44 20 25 0 0 0 0 161 
[2020-12-27 11:43:20 PM]  13 1 0 2 0 3 2 4 44 20 25 0 0 0 0 161 
[2020-12-27 11:43:20 PM]  13 1 0 2 0 3 2 4 44 20 25 0 0 0 0 161 
[2020-12-27 11:43:20 PM]  13 1 0 2 0 3 2 4 44 20 25 0 0 0 0 161 
[2020-12-27 11:43:20 PM]  13 1 0 2 0 3 2 4 44 20 25 0 0 0 0 161 
[2020-12-27 11:43:20 PM]  13 1 0 2 0 3 2 4 44 20 25 0 0 0 0 161 
[2020-12-27 11:43:20 PM]  13 1 0 2 0 3 2 4 44 20 25 0 0 0 0 161 
[2020-12-27 11:43:20 PM]  13 1 0 2 0 3 2 4 44 20 25 0 0 0 0 161 
[2020-12-27 11:43:20 PM]  13 1 0 2 0 3 2 4 44 20 25 0 0 0 0 161 
[2020-12-27 11:43:20 PM]  13 1 0 2 0 3 2 4 44 20 25 0 0 0 0 161 
[2020-12-27 11:43:20 PM]  13 1 0 2 0 3 2 4 44 20 25 0 0 0 0 161 
[2020-12-27 11:43:20 PM]  13 1 0 2 0 3 2 4 44 20 25 0 0 0 0 161 
[2020-12-27 11:43:20 PM]  13 1 0 2 0 3 2 4 44 20 25 0 0 0 0 161 
[2020-12-27 11:43:20 PM]  13 1 0 2 0 3 2 4 44 20 25 0 0 0 0 161 
[2020-12-27 11:43:20 PM]  13 1 0 2 0 3 2 4 44 20 25 0 0 0 0 161 
[2020-12-27 11:43:20 PM]  13 1 0 2 0 3 2 4 44 20 25 0 0 0 0 161 
[2020-12-27 11:43:20 PM]  13 1 0 2 0 3 2 4 44 20 25 0 0 0 0 161 
[2020-12-27 11:43:20 PM]  13 1 0 2 0 3 2 4 44 20 25 0 0 0 0 161 
[2020-12-27 11:43:20 PM]  13 1 0 2 0 3 2 4 44 20 25 0 0 0 0 161 
[2020-12-27 11:43:20 PM]  13 1 0 2 0 3 2 4 44 20 25 0 0 0 0 161 
[2020-12-27 11:43:20 PM]  13 1 0 2 0 3 2 4 44 20 25 0 0 0 0 161 
[2020-12-27 11:43:20 PM]  13 1 0 2 0 3 2 4 44 20 25 0 0 0 0 161 
[2020-12-27 11:43:20 PM]  13 1 0 2 0 3 2 4 44 20 25 0 0 0 0 161 
[2020-12-27 11:43:20 PM]  13 1 0 2 0 3 2 4 44 20 25 0 0 0 0 161 
[2020-12-27 11:43:20 PM]  13 1 0 2 0 3 2 4 44 20 25 0 0 0 0 161 
[2020-12-27 11:43:20 PM]  13 1 0 2 0 3 2 4 44 20 25 0 0 0 0 161 
[2020-12-27 11:43:20 PM]  13 1 0 2 0 3 2 4 44 20 25 0 0 0 0 161 
[2020-12-27 11:43:20 PM]  13 1 0 2 0 3 2 4 44 20 25 0 0 0 0 161 
[2020-12-27 11:43:20 PM]  13 1 0 2 0 3 2 4 44 20 25 0 0 0 0 161 
[2020-12-27 11:43:20 PM]  13 1 0 2 0 3 2 4 44 20 25 0 0 0 0 161 
[2020-12-27 11:43:20 PM]  13 1 0 2 0 3 2 4 44 20 25 0 0 0 0 161 
[2020-12-27 11:43:20 PM]  13 1 0 2 0 3 2 4 44 20 25 0 0 0 0 161 
[2020-12-27 11:43:20 PM]  13 1 0 2 0 3 2 4 44 20 25 0 0 0 0 161 
[2020-12-27 11:43:20 PM]  13 1 0 2 0 3 2 4 44 20 25 0 0 0 0 161 
[2020-12-27 11:43:20 PM]  13 1 0 2 0 3 2 4 44 20 25 0 0 0 0 161 
[2020-12-27 11:43:20 PM]  13 1 0 2 0 3 2 4 44 20 25 0 0 0 0 161 
[2020-12-27 11:43:20 PM]  13 1 0 2 0 3 2 4 44 20 25 0 0 0 0 161 
[2020-12-27 11:43:20 PM]  13 1 0 2 0 3 2 4 44 20 25 0 0 0 0 161 
[2020-12-27 11:43:20 PM]  13 1 0 2 0 3 2 4 44 20 25 0 0 0 0 161 
[2020-12-27 11:43:20 PM]  13 1 0 2 0 3 2 4 44 20 25 0 0 0 0 161 
[2020-12-27 11:43:20 PM]  13 1 0 2 0 3 2 4 44 20 25 0 0 0 0 161 
[2020-12-27 11:43:20 PM]  13 1 0 2 0 3 2 4 44 20 25 0 0 0 0 161 
[2020-12-27 11:43:20 PM]  13 1 0 2 0 3 2 4 44 20 25 0 0 0 0 161 
[2020-12-27 11:43:20 PM]  13 1 0 2 0 3 2 4 44 20 25 0 0 0 0 161 
[2020-12-27 11:43:20 PM]  13 1 0 2 0 3 2 4 44 20 25 0 0 0 0 161 
[2020-12-27 11:43:20 PM]  13 1 0 2 0 3 2 4 44 20 25 0 0 0 0 161 
[2020-12-27 11:43:20 PM]  13 1 0 2 0 3 2 4 44 20 25 0 0 0 0 161 
[2020-12-27 11:43:20 PM]  13 1 0 2 0 3 2 4 44 20 25 0 0 0 0 161 
[2020-12-27 11:43:20 PM]  13 1 0 2 0 3 2 4 44 20 25 0 0 0 0 161 
[2020-12-27 11:43:20 PM]  13 1 0 2 0 3 2 4 44 20 25 0 0 0 0 161 
[2020-12-27 11:43:20 PM]  13 1 0 2 0 3 2 4 44 20 25 0 0 0 0 161 
[2020-12-27 11:43:20 PM]  13 1 0 2 0 3 2 4 44 20 25 0 0 0 0 161 
[2020-12-27 11:43:20 PM]  13 1 0 2 0 3 2 4 44 20 25 0 0 0 0 161 
[2020-12-27 11:43:20 PM]  13 1 0 2 0 3 2 4 44 20 25 0 0 0 0 161 
[2020-12-27 11:43:20 PM]  13 1 0 2 0 3 2 4 44 20 25 0 0 0 0 161 
[2020-12-27 11:43:20 PM]  13 1 0 2 0 3 2 4 44 20 25 0 0 0 0 161 
[2020-12-27 11:43:20 PM]  13 1 0 2 0 3 2 4 44 20 25 0 0 0 0 161 
[2020-12-27 11:43:20 PM]  13 1 0 2 0 3 2 4 44 20 25 0 0 0 0 161 
[2020-12-27 11:43:20 PM]  13 1 0 2 0 3 2 4 44 20 25 0 0 0 0 161 
[2020-12-27 11:43:20 PM]  13 1 0 2 0 3 2 4 44 20 25 0 0 0 0 161 
[2020-12-27 11:43:20 PM]  13 1 0 2 0 3 2 4 44 20 25 0 0 0 0 161 
[2020-12-27 11:43:20 PM]  13 1 0 2 0 3 2 4 44 20 25 0 0 0 0 161 
[2020-12-27 11:43:20 PM]  13 1 0 2 0 3 2 4 44 20 25 0 0 0 0 161 
[2020-12-27 11:43:20 PM]  13 1 0 2 0 3 2 4 44 20 25 0 0 0 0 161 
[2020-12-27 11:43:20 PM]  13 1 0 2 0 3 2 4 44 20 25 0 0 0 0 161 
[2020-12-27 11:43:20 PM]  13 1 0 2 0 3 2 4 44 20 25 0 0 0 0 161 
[2020-12-27 11:43:20 PM]  13 1 0 2 0 3 2 4 44 20 25 0 0 0 0 161 
[2020-12-27 11:43:20 PM]  13 1 0 2 0 3 2 4 44 20 25 0 0 0 0 161 
[2020-12-27 11:43:20 PM]  13 1 0 2 0 3 2 4 44 20 25 0 0 0 0 161 
[2020-12-27 11:43:20 PM]  13 1 0 2 0 3 2 4 44 20 25 0 0 0 0 161 
[2020-12-27 11:43:20 PM]  13 1 0 2 0 3 2 4 44 20 25 0 0 0 0 161 
[2020-12-27 11:43:20 PM]  13 1 0 2 0 3 2 4 44 20 25 0 0 0 0 161 
[2020-12-27 11:43:20 PM]  13 1 0 2 0 3 2 4 44 20 25 0 0 0 0 161 
[2020-12-27 11:43:20 PM]  13 1 0 2 0 3 2 4 44 20 25 0 0 0 0 161 
[2020-12-27 11:43:20 PM]  13 1 0 2 0 3 2 4 44 20 25 0 0 0 0 161 
[2020-12-27 11:43:20 PM]  13 1 0 2 0 3 2 4 44 20 25 0 0 0 0 161 
[2020-12-27 11:43:20 PM]  13 1 0 2 0 3 2 4 44 20 25 0 0 0 0 161 
[2020-12-27 11:43:20 PM]  13 1 0 2 0 3 2 4 44 20 25 0 0 0 0 161 
[2020-12-27 11:43:20 PM]  13 1 0 2 0 3 2 4 44 20 25 0 0 0 0 161 
[2020-12-27 11:43:20 PM]  13 1 0 2 0 3 2 4 44 20 25 0 0 0 0 161 
[2020-12-27 11:43:20 PM]  13 1 0 2 0 3 2 4 44 20 25 0 0 0 0 161 
[2020-12-27 11:43:20 PM]  13 1 0 2 0 3 2 4 44 20 25 0 0 0 0 161 
[2020-12-27 11:43:20 PM]  13 1 0 2 0 3 2 4 44 20 25 0 0 0 0 161 
[2020-12-27 11:43:20 PM]  13 1 0 2 0 3 2 4 44 20 25 0 0 0 0 161 
[2020-12-27 11:43:20 PM]  13 1 0 2 0 3 2 4 44 20 25 0 0 0 0 161 
[2020-12-27 11:43:20 PM]  13 1 0 2 0 3 2 4 44 20 25 0 0 0 0 161 
[2020-12-27 11:43:20 PM]  13 1 0 2 0 3 2 4 44 20 25 0 0 0 0 161 
[2020-12-27 11:43:20 PM]  13 1 0 2 0 3 2 4 44 20 25 0 0 0 0 161 
[2020-12-27 11:43:20 PM]  13 1 0 2 0 3 2 4 44 20 25 0 0 0 0 161 
[2020-12-27 11:43:20 PM]  13 1 0 2 0 3 2 4 44 20 25 0 0 0 0 161 
[2020-12-27 11:43:20 PM]  13 1 0 2 0 3 2 4 44 20 25 0 0 0 0 161 
[2020-12-27 11:43:20 PM]  13 1 0 2 0 3 2 4 44 20 25 0 0 0 0 161 
[2020-12-27 11:43:20 PM]  13 1 0 2 0 3 2 4 44 20 25 0 0 0 0 161 
[2020-12-27 11:43:20 PM]  13 1 0 2 0 3 2 4 44 20 25 0 0 0 0 161 
[2020-12-27 11:43:20 PM]  13 1 0 2 0 3 2 4 44 20 25 0 0 0 0 161 
[2020-12-27 11:43:20 PM]  13 1 0 2 0 3 2 4 44 20 25 0 0 0 0 161 
[2020-12-27 11:43:20 PM]  13 1 0 2 0 3 2 4 44 20 25 0 0 0 0 161 
[2020-12-27 11:43:20 PM]  13 1 0 2 0 3 2 4 44 20 25 0 0 0 0 161 
[2020-12-27 11:43:20 PM]  13 1 0 2 0 3 2 4 44 20 25 0 0 0 0 161 
[2020-12-27 11:43:20 PM]  13 1 0 2 0 3 2 4 44 20 25 0 0 0 0 161 
[2020-12-27 11:43:20 PM]  13 1 0 2 0 3 2 4 44 20 25 0 0 0 0 161 
[2020-12-27 11:43:20 PM]  13 1 0 2 0 3 2 4 44 20 25 0 0 0 0 161 
[2020-12-27 11:43:20 PM]  13 1 0 2 0 3 2 4 44 20 25 0 0 0 0 161 
[2020-12-27 11:43:20 PM]  13 1 0 2 0 3 2 4 44 20 25 0 0 0 0 161 
[2020-12-27 11:43:20 PM]  13 1 0 2 0 3 2 4 44 20 25 0 0 0 0 161 
[2020-12-27 11:43:20 PM]  13 1 0 2 0 3 2 4 44 20 25 0 0 0 0 161 
[2020-12-27 11:43:20 PM]  13 1 0 2 0 3 2 4 44 20 25 0 0 0 0 161 
[2020-12-27 11:43:20 PM]  13 1 0 2 0 3 2 4 44 20 25 0 0 0 0 161 
[2020-12-27 11:43:20 PM]  13 1 0 2 0 3 2 4 44 20 25 0 0 0 0 161 
[2020-12-27 11:43:20 PM]  13 1 0 2 0 3 2 4 44 20 25 0 0 0 0 161 
[2020-12-27 11:43:20 PM]  13 1 0 2 0 3 2 4 44 20 25 0 0 0 0 161 
[2020-12-27 11:43:20 PM]  13 1 0 2 0 3 2 4 44 20 25 0 0 0 0 161 
[2020-12-27 11:43:20 PM]  13 1 0 2 0 3 2 4 44 20 25 0 0 0 0 161 
[2020-12-27 11:43:20 PM]  13 1 0 2 0 3 2 4 44 20 25 0 0 0 0 161 
[2020-12-27 11:43:20 PM]  13 1 0 2 0 3 2 4 44 20 25 0 0 0 0 161 
[2020-12-27 11:43:20 PM]  13 1 0 2 0 3 2 4 44 20 25 0 0 0 0 161 
[2020-12-27 11:43:20 PM]  13 1 0 2 0 3 2 4 44 20 25 0 0 0 0 161 
[2020-12-27 11:43:20 PM]  13 1 0 2 0 3 2 4 44 20 25 0 0 0 0 161 
[2020-12-27 11:43:20 PM]  13 1 0 2 0 3 2 4 44 20 25 0 0 0 0 161 
[2020-12-27 11:43:20 PM]  13 1 0 2 0 3 2 4 44 20 25 0 0 0 0 161 
[2020-12-27 11:43:20 PM]  13 1 0 2 0 3 2 4 44 20 25 0 0 0 0 161 
[2020-12-27 11:43:20 PM]  13 1 0 2 0 3 2 4 44 20 25 0 0 0 0 161 
[2020-12-27 11:43:20 PM]  13 1 0 2 0 3 2 4 44 20 25 0 0 0 0 161 
[2020-12-27 11:43:20 PM]  13 1 0 2 0 3 2 4 44 20 25 0 0 0 0 161 
[2020-12-27 11:43:20 PM]  13 1 0 2 0 3 2 4 44 20 25 0 0 0 0 161 
[2020-12-27 11:43:20 PM]  13 1 0 2 0 3 2 4 44 20 25 0 0 0 0 161 
[2020-12-27 11:43:20 PM]  13 1 0 2 0 3 2 4 44 20 25 0 0 0 0 161 
[2020-12-27 11:43:20 PM]  13 1 0 2 0 3 2 4 44 20 25 0 0 0 0 161 
[2020-12-27 11:43:20 PM]  13 1 0 2 0 3 2 4 44 20 25 0 0 0 0 161 
[2020-12-27 11:43:20 PM]  13 1 0 2 0 3 2 4 44 20 25 0 0 0 0 161 
[2020-12-27 11:43:20 PM]  13 1 0 2 0 3 2 4 44 20 25 0 0 0 0 161 
[2020-12-27 11:43:20 PM]  13 1 0 2 0 3 2 4 44 20 25 0 0 0 0 161 
[2020-12-27 11:43:20 PM]  13 1 0 2 0 3 2 4 44 20 25 0 0 0 0 161 
[2020-12-27 11:43:20 PM]  13 1 0 2 0 3 2 4 44 20 25 0 0 0 0 161 
[2020-12-27 11:43:20 PM]  13 1 0 2 0 3 2 4 44 20 25 0 0 0 0 161 
[2020-12-27 11:43:20 PM]  13 1 0 2 0 3 2 4 44 20 25 0 0 0 0 161 
[2020-12-27 11:43:20 PM]  13 1 0 2 0 3 2 4 44 20 25 0 0 0 0 161 
[2020-12-27 11:43:20 PM]  13 1 0 2 0 3 2 4 44 20 25 0 0 0 0 161 
[2020-12-27 11:43:20 PM]  13 1 0 2 0 3 2 4 44 20 25 0 0 0 0 161 
[2020-12-27 11:43:20 PM]  13 1 0 2 0 3 2 4 44 20 25 0 0 0 0 161 
[2020-12-27 11:43:20 PM]  13 1 0 2 0 3 2 4 44 20 25 0 0 0 0 161 
[2020-12-27 11:43:20 PM]  13 1 0 2 0 3 2 4 44 20 25 0 0 0 0 161 
[2020-12-27 11:43:20 PM]  13 1 0 2 0 3 2 4 44 20 25 0 0 0 0 161 
[2020-12-27 11:43:20 PM]  13 1 0 2 0 3 2 4 44 20 25 0 0 0 0 161 
[2020-12-27 11:43:20 PM]  13 1 0 2 0 3 2 4 44 20 25 0 0 0 0 161 
[2020-12-27 11:43:20 PM]  13 1 0 2 0 3 2 4 44 20 25 0 0 0 0 161 
[2020-12-27 11:43:20 PM]  13 1 0 2 0 3 2 4 44 20 25 0 0 0 0 161 
[2020-12-27 11:43:20 PM]  13 1 0 2 0 3 2 4 44 20 25 0 0 0 0 161 
[2020-12-27 11:43:20 PM]  13 1 0 2 0 3 2 4 44 20 25 0 0 0 0 161 
[2020-12-27 11:43:20 PM]  13 1 0 2 0 3 2 4 44 20 25 0 0 0 0 161 
[2020-12-27 11:43:20 PM]  13 1 0 2 0 3 2 4 44 20 25 0 0 0 0 161 
[2020-12-27 11:43:20 PM]  13 1 0 2 0 3 2 4 44 20 25 0 0 0 0 161 
[2020-12-27 11:43:20 PM]  13 1 0 2 0 3 2 4 44 20 25 0 0 0 0 161 
[2020-12-27 11:43:20 PM]  13 1 0 2 0 3 2 4 44 20 25 0 0 0 0 161 
[2020-12-27 11:43:20 PM]  13 1 0 2 0 3 2 4 44 20 25 0 0 0 0 161 
[2020-12-27 11:43:20 PM]  13 1 0 2 0 3 2 4 44 20 25 0 0 0 0 161 
[2020-12-27 11:43:20 PM]  13 1 0 2 0 3 2 4 44 20 25 0 0 0 0 161 
[2020-12-27 11:43:20 PM]  13 1 0 2 0 3 2 4 44 20 25 0 0 0 0 161 
[2020-12-27 11:43:20 PM]  13 1 0 2 0 3 2 4 44 20 25 0 0 0 0 161 
[2020-12-27 11:43:20 PM]  13 1 0 2 0 3 2 4 44 20 25 0 0 0 0 161 
[2020-12-27 11:43:20 PM]  13 1 0 2 0 3 2 4 44 20 25 0 0 0 0 161 
[2020-12-27 11:43:20 PM]  13 1 0 2 0 3 2 4 44 20 25 0 0 0 0 161 
[2020-12-27 11:43:20 PM]  13 1 0 2 0 3 2 4 44 20 25 0 0 0 0 161 
[2020-12-27 11:43:20 PM]  13 1 0 2 0 3 2 4 44 20 25 0 0 0 0 161 
[2020-12-27 11:43:20 PM]  13 1 0 2 0 3 2 4 44 20 25 0 0 0 0 161 
[2020-12-27 11:43:20 PM]  13 1 0 2 0 3 2 4 44 20 25 0 0 0 0 161 
[2020-12-27 11:43:20 PM]  13 1 0 2 0 3 2 4 44 20 25 0 0 0 0 161 
[2020-12-27 11:43:20 PM]  13 1 0 2 0 3 2 4 44 20 25 0 0 0 0 161 
[2020-12-27 11:43:20 PM]  13 1 0 2 0 3 2 4 44 20 25 0 0 0 0 161 
[2020-12-27 11:43:20 PM]  13 1 0 2 0 3 2 4 44 20 25 0 0 0 0 161 
[2020-12-27 11:43:20 PM]  13 1 0 2 0 3 2 4 44 20 25 0 0 0 0 161 
[2020-12-27 11:43:20 PM]  13 1 0 2 0 3 2 4 44 20 25 0 0 0 0 161 
[2020-12-27 11:43:20 PM]  13 1 0 2 0 3 2 4 44 20 25 0 0 0 0 161 
[2020-12-27 11:43:20 PM]  13 1 0 2 0 3 2 4 44 20 25 0 0 0 0 161 
[2020-12-27 11:43:20 PM]  13 1 0 2 0 3 2 4 44 20 25 0 0 0 0 161 
[2020-12-27 11:43:20 PM]  13 1 0 2 0 3 2 4 44 20 25 0 0 0 0 161 
[2020-12-27 11:43:20 PM]  13 1 0 2 0 3 2 4 44 20 25 0 0 0 0 161 
[2020-12-27 11:43:20 PM]  13 1 0 2 0 3 2 4 44 20 25 0 0 0 0 161 
[2020-12-27 11:43:20 PM]  13 1 0 2 0 3 2 4 44 20 25 0 0 0 0 161 
[2020-12-27 11:43:20 PM]  13 1 0 2 0 3 2 4 44 20 25 0 0 0 0 161 
[2020-12-27 11:43:20 PM]  13 1 0 2 0 3 2 4 44 20 25 0 0 0 0 161 
[2020-12-27 11:43:20 PM]  13 1 0 2 0 3 2 4 44 20 25 0 0 0 0 161 
[2020-12-27 11:43:20 PM]  13 1 0 2 0 3 2 4 44 20 25 0 0 0 0 161 
[2020-12-27 11:43:20 PM]  13 1 0 2 0 3 2 4 44 20 25 0 0 0 0 161 
[2020-12-27 11:43:20 PM]  13 1 0 2 0 3 2 4 44 20 25 0 0 0 0 161 
[2020-12-27 11:43:20 PM]  13 1 0 2 0 3 2 4 44 20 25 0 0 0 0 161 
[2020-12-27 11:43:20 PM]  13 1 0 2 0 3 2 4 44 20 25 0 0 0 0 161 
[2020-12-27 11:43:20 PM]  13 1 0 2 0 3 2 4 44 20 25 0 0 0 0 161 
[2020-12-27 11:43:20 PM]  13 1 0 2 0 3 2 4 44 20 25 0 0 0 0 161 
[2020-12-27 11:43:20 PM]  13 1 0 2 0 3 2 4 44 20 25 0 0 0 0 161 
[2020-12-27 11:43:20 PM]  13 1 0 2 0 3 2 4 44 20 25 0 0 0 0 161 
[2020-12-27 11:43:20 PM]  13 1 0 2 0 3 2 4 44 20 25 0 0 0 0 161 
[2020-12-27 11:43:20 PM]  13 1 0 2 0 3 2 4 44 20 25 0 0 0 0 161 
[2020-12-27 11:43:20 PM]  13 1 0 2 0 3 2 4 44 20 25 0 0 0 0 161 
[2020-12-27 11:43:20 PM]  13 1 0 2 0 3 2 4 44 20 25 0 0 0 0 161 
[2020-12-27 11:43:20 PM]  13 1 0 2 0 3 2 4 44 20 25 0 0 0 0 161 
[2020-12-27 11:43:20 PM]  13 1 0 2 0 3 2 4 44 20 25 0 0 0 0 161 
[2020-12-27 11:43:20 PM]  13 1 0 2 0 3 2 4 44 20 25 0 0 0 0 161 
[2020-12-27 11:43:20 PM]  13 1 0 2 0 3 2 4 44 20 25 0 0 0 0 161 
[2020-12-27 11:43:20 PM]  13 1 0 2 0 3 2 4 44 20 25 0 0 0 0 161 
[2020-12-27 11:43:20 PM]  13 1 0 2 0 3 2 4 44 20 25 0 0 0 0 161 
[2020-12-27 11:43:20 PM]  13 1 0 2 0 3 2 4 44 20 25 0 0 0 0 161 
[2020-12-27 11:43:20 PM]  13 1 0 2 0 3 2 4 44 20 25 0 0 0 0 161 
[2020-12-27 11:43:20 PM]  13 1 0 2 0 3 2 4 44 20 25 0 0 0 0 161 
[2020-12-27 11:43:20 PM]  13 1 0 2 0 3 2 4 44 20 25 0 0 0 0 161 
[2020-12-27 11:43:20 PM]  13 1 0 2 0 3 2 4 44 20 25 0 0 0 0 161 
[2020-12-27 11:43:20 PM]  13 1 0 2 0 3 2 4 44 20 25 0 0 0 0 161 
[2020-12-27 11:43:20 PM]  13 1 0 2 0 3 2 4 44 20 25 0 0 0 0 161 
[2020-12-27 11:43:20 PM]  13 1 0 2 0 3 2 4 44 20 25 0 0 0 0 161 
[2020-12-27 11:43:20 PM]  13 1 0 2 0 3 2 4 44 20 25 0 0 0 0 161 
[2020-12-27 11:43:20 PM]  13 1 0 2 0 3 2 4 44 20 25 0 0 0 0 161 
[2020-12-27 11:43:20 PM]  13 1 0 2 0 3 2 4 44 20 25 0 0 0 0 161 
[2020-12-27 11:43:20 PM]  13 1 0 2 0 3 2 4 44 20 25 0 0 0 0 161 
[2020-12-27 11:43:20 PM]  13 1 0 2 0 3 2 4 44 20 25 0 0 0 0 161 
[2020-12-27 11:43:20 PM]  13 1 0 2 0 3 2 4 44 20 25 0 0 0 0 161 
[2020-12-27 11:43:20 PM]  13 1 0 2 0 3 2 4 44 20 25 0 0 0 0 161 
[2020-12-27 11:43:20 PM]  13 1 0 2 0 3 2 4 44 20 25 0 0 0 0 161 
[2020-12-27 11:43:20 PM]  13 1 0 2 0 3 2 4 44 20 25 0 0 0 0 161 
[2020-12-27 11:43:20 PM]  13 1 0 2 0 3 2 4 44 20 25 0 0 0 0 161 
[2020-12-27 11:43:20 PM]  13 1 0 2 0 3 2 4 44 20 25 0 0 0 0 161 
[2020-12-27 11:43:20 PM]  13 1 0 2 0 3 2 4 44 20 25 0 0 0 0 161 
[2020-12-27 11:43:20 PM]  13 1 0 2 0 3 2 4 44 20 25 0 0 0 0 161 
[2020-12-27 11:43:20 PM]  13 1 0 2 0 3 2 4 44 20 25 0 0 0 0 161 
[2020-12-27 11:43:20 PM]  13 1 0 2 0 3 2 4 44 20 25 0 0 0 0 161 
[2020-12-27 11:43:20 PM]  13 1 0 2 0 3 2 4 44 20 25 0 0 0 0 161 
[2020-12-27 11:43:20 PM]  13 1 0 2 0 3 2 4 44 20 25 0 0 0 0 161 
[2020-12-27 11:43:20 PM]  13 1 0 2 0 3 2 4 44 20 25 0 0 0 0 161 
[2020-12-27 11:43:20 PM]  13 1 0 2 0 3 2 4 44 20 25 0 0 0 0 161 
[2020-12-27 11:43:20 PM]  13 1 0 2 0 3 2 4 44 20 25 0 0 0 0 161 
[2020-12-27 11:43:20 PM]  13 1 0 2 0 3 2 4 44 20 25 0 0 0 0 161 
[2020-12-27 11:43:20 PM]  13 1 0 2 0 3 2 4 44 20 25 0 0 0 0 161 
[2020-12-27 11:43:20 PM]  13 1 0 2 0 3 2 4 44 20 25 0 0 0 0 161 
[2020-12-27 11:43:20 PM]  13 1 0 2 0 3 2 4 44 20 25 0 0 0 0 161 
[2020-12-27 11:43:20 PM]  13 1 0 2 0 3 2 4 44 20 25 0 0 0 0 161 
[2020-12-27 11:43:20 PM]  13 1 0 2 0 3 2 4 44 20 25 0 0 0 0 161 
[2020-12-27 11:43:20 PM]  13 1 0 2 0 3 2 4 44 20 25 0 0 0 0 161 
[2020-12-27 11:43:20 PM]  13 1 0 2 0 3 2 4 44 20 25 0 0 0 0 161 
[2020-12-27 11:43:20 PM]  13 1 0 2 0 3 2 4 44 20 25 0 0 0 0 161 
[2020-12-27 11:43:20 PM]  13 1 0 2 0 3 2 4 44 20 25 0 0 0 0 161 
[2020-12-27 11:43:20 PM]  13 1 0 2 0 3 2 4 44 20 25 0 0 0 0 161 
[2020-12-27 11:43:20 PM]  13 1 0 2 0 3 2 4 44 20 25 0 0 0 0 161 
[2020-12-27 11:43:20 PM]  13 1 0 2 0 3 2 4 44 20 25 0 0 0 0 161 
[2020-12-27 11:43:20 PM]  13 1 0 2 0 3 2 4 44 20 25 0 0 0 0 161 
[2020-12-27 11:43:20 PM]  13 1 0 2 0 3 2 4 44 20 25 0 0 0 0 161 
[2020-12-27 11:43:20 PM]  13 1 0 2 0 3 2 4 44 20 25 0 0 0 0 161 
[2020-12-27 11:43:20 PM]  13 1 0 2 0 3 2 4 44 20 25 0 0 0 0 161 
[2020-12-27 11:43:20 PM]  13 1 0 2 0 3 2 4 44 20 25 0 0 0 0 161 
[2020-12-27 11:43:20 PM]  13 1 0 2 0 3 2 4 44 20 25 0 0 0 0 161 
[2020-12-27 11:43:20 PM]  13 1 0 2 0 3 2 4 44 20 25 0 0 0 0 161 
[2020-12-27 11:43:20 PM]  13 1 0 2 0 3 2 4 44 20 25 0 0 0 0 161 
[2020-12-27 11:43:20 PM]  13 1 0 2 0 3 2 4 44 20 25 0 0 0 0 161 
[2020-12-27 11:43:20 PM]  13 1 0 2 0 3 2 4 44 20 25 0 0 0 0 161 
[2020-12-27 11:43:20 PM]  13 1 0 2 0 3 2 4 44 20 25 0 0 0 0 161 
[2020-12-27 11:43:20 PM]  13 1 0 2 0 3 2 4 44 20 25 0 0 0 0 161 
[2020-12-27 11:43:20 PM]  13 1 0 2 0 3 2 4 44 20 25 0 0 0 0 161 
[2020-12-27 11:43:20 PM]  13 1 0 2 0 3 2 4 44 20 25 0 0 0 0 161 
[2020-12-27 11:43:20 PM]  13 1 0 2 0 3 2 4 44 20 25 0 0 0 0 161 
[2020-12-27 11:43:20 PM]  13 1 0 2 0 3 2 4 44 20 25 0 0 0 0 161 
[2020-12-27 11:43:20 PM]  13 1 0 2 0 3 2 4 44 20 25 0 0 0 0 161 
[2020-12-27 11:43:20 PM]  13 1 0 2 0 3 2 4 44 20 25 0 0 0 0 161 
[2020-12-27 11:43:20 PM]  13 1 0 2 0 3 2 4 44 20 25 0 0 0 0 161 
[2020-12-27 11:43:20 PM]  13 1 0 2 0 3 2 4 44 20 25 0 0 0 0 161 
[2020-12-27 11:43:20 PM]  13 1 0 2 0 3 2 4 44 20 25 0 0 0 0 161 
[2020-12-27 11:43:20 PM]  13 1 0 2 0 3 2 4 44 20 25 0 0 0 0 161 
[2020-12-27 11:43:20 PM]  13 1 0 2 0 3 2 4 44 20 25 0 0 0 0 161 
[2020-12-27 11:43:20 PM]  13 1 0 2 0 3 2 4 44 20 25 0 0 0 0 161 
[2020-12-27 11:43:20 PM]  13 1 0 2 0 3 2 4 44 20 25 0 0 0 0 161 
[2020-12-27 11:43:20 PM]  13 1 0 2 0 3 2 4 44 20 25 0 0 0 0 161 
[2020-12-27 11:43:20 PM]  13 1 0 2 0 3 2 4 44 20 25 0 0 0 0 161 
[2020-12-27 11:43:20 PM]  13 1 0 2 0 3 2 4 44 20 25 0 0 0 0 161 
[2020-12-27 11:43:20 PM]  13 1 0 2 0 3 2 4 44 20 25 0 0 0 0 161 
[2020-12-27 11:43:20 PM]  13 1 0 2 0 3 2 4 44 20 25 0 0 0 0 161 
[2020-12-27 11:43:20 PM]  13 1 0 2 0 3 2 4 44 20 25 0 0 0 0 161 
[2020-12-27 11:43:20 PM]  13 1 0 2 0 3 2 4 44 20 25 0 0 0 0 161 
[2020-12-27 11:43:20 PM]  13 1 0 2 0 3 2 4 44 20 25 0 0 0 0 161 
[2020-12-27 11:43:20 PM]  13 1 0 2 0 3 2 4 44 20 25 0 0 0 0 161 
[2020-12-27 11:43:20 PM]  13 1 0 2 0 3 2 4 44 20 25 0 0 0 0 161 
[2020-12-27 11:43:20 PM]  13 1 0 2 0 3 2 4 44 20 25 0 0 0 0 161 
[2020-12-27 11:43:20 PM]  13 1 0 2 0 3 2 4 44 20 25 0 0 0 0 161 
[2020-12-27 11:43:20 PM]  13 1 0 2 0 3 2 4 44 20 25 0 0 0 0 161 
[2020-12-27 11:43:20 PM]  13 1 0 2 0 3 2 4 44 20 25 0 0 0 0 161 
[2020-12-27 11:43:20 PM]  13 1 0 2 0 3 2 4 44 20 25 0 0 0 0 161 
[2020-12-27 11:43:20 PM]  13 1 0 2 0 3 2 4 44 20 25 0 0 0 0 161 
[2020-12-27 11:43:20 PM]  13 1 0 2 0 3 2 4 44 20 25 0 0 0 0 161 
[2020-12-27 11:43:20 PM]  13 1 0 2 0 3 2 4 44 20 25 0 0 0 0 161 
[2020-12-27 11:43:20 PM]  13 1 0 2 0 3 2 4 44 20 25 0 0 0 0 161 
[2020-12-27 11:43:20 PM]  13 1 0 2 0 3 2 4 44 20 25 0 0 0 0 161 
[2020-12-27 11:43:20 PM]  13 1 0 2 0 3 2 4 44 20 25 0 0 0 0 161 
[2020-12-27 11:43:20 PM]  13 1 0 2 0 3 2 4 44 20 25 0 0 0 0 161 
[2020-12-27 11:43:20 PM]  13 1 0 2 0 3 2 4 44 20 25 0 0 0 0 161 
[2020-12-27 11:43:20 PM]  13 1 0 2 0 3 2 4 44 20 25 0 0 0 0 161 
[2020-12-27 11:43:20 PM]  13 1 0 2 0 3 2 4 44 20 25 0 0 0 0 161 
[2020-12-27 11:43:20 PM]  13 1 0 2 0 3 2 4 44 20 25 0 0 0 0 161 
[2020-12-27 11:43:20 PM]  13 1 0 2 0 3 2 4 44 20 25 0 0 0 0 161 
[2020-12-27 11:43:20 PM]  13 1 0 2 0 3 2 4 44 20 25 0 0 0 0 161 
[2020-12-27 11:43:20 PM]  13 1 0 2 0 3 2 4 44 20 25 0 0 0 0 161 
[2020-12-27 11:43:20 PM]  13 1 0 2 0 3 2 4 44 20 25 0 0 0 0 161 
[2020-12-27 11:43:20 PM]  13 1 0 2 0 3 2 4 44 20 25 0 0 0 0 161 
[2020-12-27 11:43:20 PM]  13 1 0 2 0 3 2 4 44 20 25 0 0 0 0 161 
[2020-12-27 11:43:20 PM]  13 1 0 2 0 3 2 4 44 20 25 0 0 0 0 161 
[2020-12-27 11:43:20 PM]  13 1 0 2 0 3 2 4 44 20 25 0 0 0 0 161 
[2020-12-27 11:43:20 PM]  13 1 0 2 0 3 2 4 44 20 25 0 0 0 0 161 
[2020-12-27 11:43:20 PM]  13 1 0 2 0 3 2 4 44 20 25 0 0 0 0 161 
[2020-12-27 11:43:20 PM]  13 1 0 2 0 3 2 4 44 20 25 0 0 0 0 161 
[2020-12-27 11:43:20 PM]  13 1 0 2 0 3 2 4 44 20 25 0 0 0 0 161 
[2020-12-27 11:43:20 PM]  13 1 0 2 0 3 2 4 44 20 25 0 0 0 0 161 
[2020-12-27 11:43:20 PM]  13 1 0 2 0 3 2 4 44 20 25 0 0 0 0 161 
[2020-12-27 11:43:20 PM]  13 1 0 2 0 3 2 4 44 20 25 0 0 0 0 161 
[2020-12-27 11:43:20 PM]  13 1 0 2 0 3 2 4 44 20 25 0 0 0 0 161 
[2020-12-27 11:43:20 PM]  13 1 0 2 0 3 2 4 44 20 25 0 0 0 0 161 
[2020-12-27 11:43:20 PM]  13 1 0 2 0 3 2 4 44 20 25 0 0 0 0 161 
[2020-12-27 11:43:20 PM]  13 1 0 2 0 3 2 4 44 20 25 0 0 0 0 161 
[2020-12-27 11:43:20 PM]  13 1 0 2 0 3 2 4 44 20 25 0 0 0 0 161 
[2020-12-27 11:43:20 PM]  13 1 0 2 0 3 2 4 44 20 25 0 0 0 0 161 
[2020-12-27 11:43:20 PM]  13 1 0 2 0 3 2 4 44 20 25 0 0 0 0 161 
[2020-12-27 11:43:20 PM]  13 1 0 2 0 3 2 4 44 20 25 0 0 0 0 161 
[2020-12-27 11:43:20 PM]  13 1 0 2 0 3 2 4 44 20 25 0 0 0 0 161 
[2020-12-27 11:43:20 PM]  13 1 0 2 0 3 2 4 44 20 25 0 0 0 0 161 
[2020-12-27 11:43:20 PM]  13 1 0 2 0 3 2 4 44 20 25 0 0 0 0 161 
[2020-12-27 11:43:20 PM]  13 1 0 2 0 3 2 4 44 20 25 0 0 0 0 161 
[2020-12-27 11:43:20 PM]  13 1 0 2 0 3 2 4 44 20 25 0 0 0 0 161 
[2020-12-27 11:43:20 PM]  13 1 0 2 0 3 2 4 44 20 25 0 0 0 0 161 
[2020-12-27 11:43:20 PM]  13 1 0 2 0 3 2 4 44 20 25 0 0 0 0 161 
[2020-12-27 11:43:20 PM]  13 1 0 2 0 3 2 4 44 20 25 0 0 0 0 161 
[2020-12-27 11:43:20 PM]  13 1 0 2 0 3 2 4 44 20 25 0 0 0 0 161 
[2020-12-27 11:43:20 PM]  13 1 0 2 0 3 2 4 44 20 25 0 0 0 0 161 
[2020-12-27 11:43:20 PM]  13 1 0 2 0 3 2 4 44 20 25 0 0 0 0 161 
[2020-12-27 11:43:20 PM]  13 1 0 2 0 3 2 4 44 20 25 0 0 0 0 161 
[2020-12-27 11:43:20 PM]  13 1 0 2 0 3 2 4 44 20 25 0 0 0 0 161 
[2020-12-27 11:43:20 PM]  13 1 0 2 0 3 2 4 44 20 25 0 0 0 0 161 
[2020-12-27 11:43:20 PM]  13 1 0 2 0 3 2 4 44 20 25 0 0 0 0 161 
[2020-12-27 11:43:20 PM]  13 1 0 2 0 3 2 4 44 20 25 0 0 0 0 161 
[2020-12-27 11:43:20 PM]  13 1 0 2 0 3 2 4 44 20 25 0 0 0 0 161 
[2020-12-27 11:43:20 PM]  13 1 0 2 0 3 2 4 44 20 25 0 0 0 0 161 
[2020-12-27 11:43:20 PM]  13 1 0 2 0 3 2 4 44 20 25 0 0 0 0 161 
[2020-12-27 11:43:20 PM]  13 1 0 2 0 3 2 4 44 20 25 0 0 0 0 161 
[2020-12-27 11:43:20 PM]  13 1 0 2 0 3 2 4 44 20 25 0 0 0 0 161 
[2020-12-27 11:43:20 PM]  13 1 0 2 0 3 2 4 44 20 25 0 0 0 0 161 
[2020-12-27 11:43:20 PM]  13 1 0 2 0 3 2 4 44 20 25 0 0 0 0 161 
[2020-12-27 11:43:20 PM]  13 1 0 2 0 3 2 4 44 20 25 0 0 0 0 161 
[2020-12-27 11:43:20 PM]  13 1 0 2 0 3 2 4 44 20 25 0 0 0 0 161 
[2020-12-27 11:43:20 PM]  13 1 0 2 0 3 2 4 44 20 25 0 0 0 0 161 
[2020-12-27 11:43:20 PM]  13 1 0 2 0 3 2 4 44 20 25 0 0 0 0 161 
[2020-12-27 11:43:20 PM]  13 1 0 2 0 3 2 4 44 20 25 0 0 0 0 161 
[2020-12-27 11:43:20 PM]  13 1 0 2 0 3 2 4 44 20 25 0 0 0 0 161 
[2020-12-27 11:43:20 PM]  13 1 0 2 0 3 2 4 44 20 25 0 0 0 0 161 
[2020-12-27 11:43:20 PM]  13 1 0 2 0 3 2 4 44 20 25 0 0 0 0 161 
[2020-12-27 11:43:20 PM]  13 1 0 2 0 3 2 4 44 20 25 0 0 0 0 161 
[2020-12-27 11:43:20 PM]  13 1 0 2 0 3 2 4 44 20 25 0 0 0 0 161 
[2020-12-27 11:43:20 PM]  13 1 0 2 0 3 2 4 44 20 25 0 0 0 0 161 
[2020-12-27 11:43:20 PM]  13 1 0 2 0 3 2 4 44 20 25 0 0 0 0 161 
[2020-12-27 11:43:20 PM]  13 1 0 2 0 3 2 4 44 20 25 0 0 0 0 161 
[2020-12-27 11:43:20 PM]  13 1 0 2 0 3 2 4 44 20 25 0 0 0 0 161 
[2020-12-27 11:43:20 PM]  13 1 0 2 0 3 2 4 44 20 25 0 0 0 0 161 
[2020-12-27 11:43:20 PM]  13 1 0 2 0 3 2 4 44 20 25 0 0 0 0 161 
[2020-12-27 11:43:20 PM]  13 1 0 2 0 3 2 4 44 20 25 0 0 0 0 161 
[2020-12-27 11:43:20 PM]  13 1 0 2 0 3 2 4 44 20 25 0 0 0 0 161 
[2020-12-27 11:43:20 PM]  13 1 0 2 0 3 2 4 44 20 25 0 0 0 0 161 
[2020-12-27 11:43:20 PM]  13 1 0 2 0 3 2 4 44 20 25 0 0 0 0 161 
[2020-12-27 11:43:20 PM]  13 1 0 2 0 3 2 4 44 20 25 0 0 0 0 161 
[2020-12-27 11:43:20 PM]  13 1 0 2 0 3 2 4 44 20 25 0 0 0 0 161 
[2020-12-27 11:43:20 PM]  13 1 0 2 0 3 2 4 44 20 25 0 0 0 0 161 
[2020-12-27 11:43:20 PM]  13 1 0 2 0 3 2 4 44 20 25 0 0 0 0 161 
[2020-12-27 11:43:20 PM]  13 1 0 2 0 3 2 4 44 20 25 0 0 0 0 161 
[2020-12-27 11:43:20 PM]  13 1 0 2 0 3 2 4 44 20 25 0 0 0 0 161 
[2020-12-27 11:43:20 PM]  13 1 0 2 0 3 2 4 44 20 25 0 0 0 0 161 
[2020-12-27 11:43:20 PM]  13 1 0 2 0 3 2 4 44 20 25 0 0 0 0 161 
[2020-12-27 11:43:20 PM]  13 1 0 2 0 3 2 4 44 20 25 0 0 0 0 161 
[2020-12-27 11:43:20 PM]  13 1 0 2 0 3 2 4 44 20 25 0 0 0 0 161 
[2020-12-27 11:43:20 PM]  13 1 0 2 0 3 2 4 44 20 25 0 0 0 0 161 
[2020-12-27 11:43:20 PM]  13 1 0 2 0 3 2 4 44 20 25 0 0 0 0 161 
[2020-12-27 11:43:20 PM]  13 1 0 2 0 3 2 4 44 20 25 0 0 0 0 161 
[2020-12-27 11:43:20 PM]  13 1 0 2 0 3 2 4 44 20 25 0 0 0 0 161 
[2020-12-27 11:43:20 PM]  13 1 0 2 0 3 2 4 44 20 25 0 0 0 0 161 
[2020-12-27 11:43:20 PM]  13 1 0 2 0 3 2 4 44 20 25 0 0 0 0 161 
[2020-12-27 11:43:20 PM]  13 1 0 2 0 3 2 4 44 20 25 0 0 0 0 161 
[2020-12-27 11:43:20 PM]  13 1 0 2 0 3 2 4 44 20 25 0 0 0 0 161 
[2020-12-27 11:43:20 PM]  13 1 0 2 0 3 2 4 44 20 25 0 0 0 0 161 
[2020-12-27 11:43:20 PM]  13 1 0 2 0 3 2 4 44 20 25 0 0 0 0 161 
[2020-12-27 11:43:20 PM]  13 1 0 2 0 3 2 4 44 20 25 0 0 0 0 161 
[2020-12-27 11:43:20 PM]  13 1 0 2 0 3 2 4 44 20 25 0 0 0 0 161 
[2020-12-27 11:43:20 PM]  13 1 0 2 0 3 2 4 44 20 25 0 0 0 0 161 
[2020-12-27 11:43:20 PM]  13 1 0 2 0 3 2 4 44 20 25 0 0 0 0 161 
[2020-12-27 11:43:20 PM]  13 1 0 2 0 3 2 4 44 20 25 0 0 0 0 161 
[2020-12-27 11:43:20 PM]  13 1 0 2 0 3 2 4 44 20 25 0 0 0 0 161 
[2020-12-27 11:43:20 PM]  13 1 0 2 0 3 2 4 44 20 25 0 0 0 0 161 
[2020-12-27 11:43:20 PM]  13 1 0 2 0 3 2 4 44 20 25 0 0 0 0 161 
[2020-12-27 11:43:20 PM]  13 1 0 2 0 3 2 4 44 20 25 0 0 0 0 161 
[2020-12-27 11:43:20 PM]  13 1 0 2 0 3 2 4 44 20 25 0 0 0 0 161 
[2020-12-27 11:43:20 PM]  13 1 0 2 0 3 2 4 44 20 25 0 0 0 0 161 
[2020-12-27 11:43:20 PM]  13 1 0 2 0 3 2 4 44 20 25 0 0 0 0 161 
[2020-12-27 11:43:20 PM]  13 1 0 2 0 3 2 4 44 20 25 0 0 0 0 161 
[2020-12-27 11:43:20 PM]  13 1 0 2 0 3 2 4 44 20 25 0 0 0 0 161 
[2020-12-27 11:43:20 PM]  13 1 0 2 0 3 2 4 44 20 25 0 0 0 0 161 
[2020-12-27 11:43:20 PM]  13 1 0 2 0 3 2 4 44 20 25 0 0 0 0 161 
[2020-12-27 11:43:20 PM]  13 1 0 2 0 3 2 4 44 20 25 0 0 0 0 161 
[2020-12-27 11:43:20 PM]  13 1 0 2 0 3 2 4 44 20 25 0 0 0 0 161 
[2020-12-27 11:43:20 PM]  13 1 0 2 0 3 2 4 44 20 25 0 0 0 0 161 
[2020-12-27 11:43:20 PM]  13 1 0 2 0 3 2 4 44 20 25 0 0 0 0 161 
[2020-12-27 11:43:20 PM]  13 1 0 2 0 3 2 4 44 20 25 0 0 0 0 161 
[2020-12-27 11:43:20 PM]  13 1 0 2 0 3 2 4 44 20 25 0 0 0 0 161 
[2020-12-27 11:43:20 PM]  13 1 0 2 0 3 2 4 44 20 25 0 0 0 0 161 
[2020-12-27 11:43:20 PM]  13 1 0 2 0 3 2 4 44 20 25 0 0 0 0 161 
[2020-12-27 11:43:20 PM]  13 1 0 2 0 3 2 4 44 20 25 0 0 0 0 161 
[2020-12-27 11:43:20 PM]  13 1 0 2 0 3 2 4 44 20 25 0 0 0 0 161 
[2020-12-27 11:43:20 PM]  13 1 0 2 0 3 2 4 44 20 25 0 0 0 0 161 
[2020-12-27 11:43:20 PM]  13 1 0 2 0 3 2 4 44 20 25 0 0 0 0 161 
[2020-12-27 11:43:20 PM]  13 1 0 2 0 3 2 4 44 20 25 0 0 0 0 161 
[2020-12-27 11:43:20 PM]  13 1 0 2 0 3 2 4 44 20 25 0 0 0 0 161 
[2020-12-27 11:43:20 PM]  13 1 0 2 0 3 2 4 44 20 25 0 0 0 0 161 
[2020-12-27 11:43:20 PM]  13 1 0 2 0 3 2 4 44 20 25 0 0 0 0 161 
[2020-12-27 11:43:20 PM]  13 1 0 2 0 3 2 4 44 20 25 0 0 0 0 161 
[2020-12-27 11:43:20 PM]  13 1 0 2 0 3 2 4 44 20 25 0 0 0 0 161 
[2020-12-27 11:43:20 PM]  13 1 0 2 0 3 2 4 44 20 25 0 0 0 0 161 
[2020-12-27 11:43:20 PM]  13 1 0 2 0 3 2 4 44 20 25 0 0 0 0 161 
[2020-12-27 11:43:20 PM]  13 1 0 2 0 3 2 4 44 20 25 0 0 0 0 161 
[2020-12-27 11:43:20 PM]  13 1 0 2 0 3 2 4 44 20 25 0 0 0 0 161 
[2020-12-27 11:43:20 PM]  13 1 0 2 0 3 2 4 44 20 25 0 0 0 0 161 
[2020-12-27 11:43:20 PM]  13 1 0 2 0 3 2 4 44 20 25 0 0 0 0 161 
[2020-12-27 11:43:20 PM]  13 1 0 2 0 3 2 4 44 20 25 0 0 0 0 161 
[2020-12-27 11:43:20 PM]  13 1 0 2 0 3 2 4 44 20 25 0 0 0 0 161 
[2020-12-27 11:43:20 PM]  13 1 0 2 0 3 2 4 44 20 25 0 0 0 0 161 
[2020-12-27 11:43:20 PM]  13 1 0 2 0 3 2 4 44 20 25 0 0 0 0 161 
[2020-12-27 11:43:20 PM]  13 1 0 2 0 3 2 4 44 20 25 0 0 0 0 161 
[2020-12-27 11:43:20 PM]  13 1 0 2 0 3 2 4 44 20 25 0 0 0 0 161 
[2020-12-27 11:43:20 PM]  13 1 0 2 0 3 2 4 44 20 25 0 0 0 0 161 
[2020-12-27 11:43:20 PM]  13 1 0 2 0 3 2 4 44 20 25 0 0 0 0 161 
[2020-12-27 11:43:20 PM]  13 1 0 2 0 3 2 4 44 20 25 0 0 0 0 161 
[2020-12-27 11:43:20 PM]  13 1 0 2 0 3 2 4 44 20 25 0 0 0 0 161 
[2020-12-27 11:43:20 PM]  13 1 0 2 0 3 2 4 44 20 25 0 0 0 0 161 
[2020-12-27 11:43:20 PM]  13 1 0 2 0 3 2 4 44 20 25 0 0 0 0 161 
[2020-12-27 11:43:20 PM]  13 1 0 2 0 3 2 4 44 20 25 0 0 0 0 161 
[2020-12-27 11:43:20 PM]  13 1 0 2 0 3 2 4 44 20 25 0 0 0 0 161 
[2020-12-27 11:43:20 PM]  13 1 0 2 0 3 2 4 44 20 25 0 0 0 0 161 
[2020-12-27 11:43:20 PM]  13 1 0 2 0 3 2 4 44 20 25 0 0 0 0 161 
[2020-12-27 11:43:20 PM]  13 1 0 2 0 3 2 4 44 20 25 0 0 0 0 161 
[2020-12-27 11:43:20 PM]  13 1 0 2 0 3 2 4 44 20 25 0 0 0 0 161 
[2020-12-27 11:43:20 PM]  13 1 0 2 0 3 2 4 44 20 25 0 0 0 0 161 
[2020-12-27 11:43:20 PM]  13 1 0 2 0 3 2 4 44 20 25 0 0 0 0 161 
[2020-12-27 11:43:20 PM]  13 1 0 2 0 3 2 4 44 20 25 0 0 0 0 161 
[2020-12-27 11:43:20 PM]  13 1 0 2 0 3 2 4 44 20 25 0 0 0 0 161 
[2020-12-27 11:43:20 PM]  13 1 0 2 0 3 2 4 44 20 25 0 0 0 0 161 
[2020-12-27 11:43:20 PM]  13 1 0 2 0 3 2 4 44 20 25 0 0 0 0 161 
[2020-12-27 11:43:20 PM]  13 1 0 2 0 3 2 4 44 20 25 0 0 0 0 161 
[2020-12-27 11:43:20 PM]  13 1 0 2 0 3 2 4 44 20 25 0 0 0 0 161 
[2020-12-27 11:43:20 PM]  13 1 0 2 0 3 2 4 44 20 25 0 0 0 0 161 
[2020-12-27 11:43:20 PM]  13 1 0 2 0 3 2 4 44 20 25 0 0 0 0 161 
[2020-12-27 11:43:20 PM]  13 1 0 2 0 3 2 4 44 20 25 0 0 0 0 161 
[2020-12-27 11:43:20 PM]  13 1 0 2 0 3 2 4 44 20 25 0 0 0 0 161 
[2020-12-27 11:43:20 PM]  13 1 0 2 0 3 2 4 44 20 25 0 0 0 0 161 
[2020-12-27 11:43:20 PM]  13 1 0 2 0 3 2 4 44 20 25 0 0 0 0 161 
[2020-12-27 11:43:20 PM]  13 1 0 2 0 3 2 4 44 20 25 0 0 0 0 161 
[2020-12-27 11:43:20 PM]  13 1 0 2 0 3 2 4 44 20 25 0 0 0 0 161 
[2020-12-27 11:43:20 PM]  13 1 0 2 0 3 2 4 44 20 25 0 0 0 0 161 
[2020-12-27 11:43:20 PM]  13 1 0 2 0 3 2 4 44 20 25 0 0 0 0 161 
[2020-12-27 11:43:20 PM]  13 1 0 2 0 3 2 4 44 20 25 0 0 0 0 161 
[2020-12-27 11:43:20 PM]  13 1 0 2 0 3 2 4 44 20 25 0 0 0 0 161 
[2020-12-27 11:43:20 PM]  13 1 0 2 0 3 2 4 44 20 25 0 0 0 0 161 
[2020-12-27 11:43:20 PM]  13 1 0 2 0 3 2 4 44 20 25 0 0 0 0 161 
[2020-12-27 11:43:20 PM]  13 1 0 2 0 3 2 4 44 20 25 0 0 0 0 161 
[2020-12-27 11:43:20 PM]  13 1 0 2 0 3 2 4 44 20 25 0 0 0 0 161 
[2020-12-27 11:43:20 PM]  13 1 0 2 0 3 2 4 44 20 25 0 0 0 0 161 
[2020-12-27 11:43:21 PM]  13 1 0 2 0 3 2 4 44 20 25 0 0 0 0 161 
[2020-12-27 11:43:21 PM]  13 1 0 2 0 3 2 4 44 20 25 0 0 0 0 161 
[2020-12-27 11:43:21 PM]  13 1 0 2 0 3 2 4 44 20 25 0 0 0 0 161 
[2020-12-27 11:43:21 PM]  13 1 0 2 0 3 2 4 44 20 25 0 0 0 0 161 
[2020-12-27 11:43:21 PM]  13 1 0 2 0 3 2 4 44 20 25 0 0 0 0 161 
[2020-12-27 11:43:21 PM]  13 1 0 2 0 3 2 4 44 20 25 0 0 0 0 161 
[2020-12-27 11:43:21 PM]  13 1 0 2 0 3 2 4 44 20 25 0 0 0 0 161 
[2020-12-27 11:43:21 PM]  13 1 0 2 0 3 2 4 44 20 25 0 0 0 0 161 
[2020-12-27 11:43:21 PM]  13 1 0 2 0 3 2 4 44 20 25 0 0 0 0 161 
[2020-12-27 11:43:21 PM]  13 1 0 2 0 3 2 4 44 20 25 0 0 0 0 161 
[2020-12-27 11:43:21 PM]  13 1 0 2 0 3 2 4 44 20 25 0 0 0 0 161 
[2020-12-27 11:43:21 PM]  13 1 0 2 0 3 2 4 44 20 25 0 0 0 0 161 
[2020-12-27 11:43:21 PM]  13 1 0 2 0 3 2 4 44 20 25 0 0 0 0 161 
[2020-12-27 11:43:21 PM]  13 1 0 2 0 3 2 4 44 20 25 0 0 0 0 161 
[2020-12-27 11:43:21 PM]  13 1 0 2 0 3 2 4 44 20 25 0 0 0 0 161 
[2020-12-27 11:43:21 PM]  13 1 0 2 0 3 2 4 44 20 25 0 0 0 0 161 
[2020-12-27 11:43:21 PM]  13 1 0 2 0 3 2 4 44 20 25 0 0 0 0 161 
[2020-12-27 11:43:21 PM]  13 1 0 2 0 3 2 4 44 20 25 0 0 0 0 161 
[2020-12-27 11:43:21 PM]  13 1 0 2 0 3 2 4 44 20 25 0 0 0 0 161 
[2020-12-27 11:43:21 PM]  13 1 0 2 0 3 2 4 44 20 25 0 0 0 0 161 
[2020-12-27 11:43:21 PM]  13 1 0 2 0 3 2 4 44 20 25 0 0 0 0 161 
[2020-12-27 11:43:21 PM]  13 1 0 2 0 3 2 4 44 20 25 0 0 0 0 161 
[2020-12-27 11:43:21 PM]  13 1 0 2 0 3 2 4 44 20 25 0 0 0 0 161 
[2020-12-27 11:43:21 PM]  13 1 0 2 0 3 2 4 44 20 25 0 0 0 0 161 
[2020-12-27 11:43:21 PM]  13 1 0 2 0 3 2 4 44 20 25 0 0 0 0 161 
[2020-12-27 11:43:21 PM]  13 1 0 2 0 3 2 4 44 20 25 0 0 0 0 161 
[2020-12-27 11:43:21 PM]  13 1 0 2 0 3 2 4 44 20 25 0 0 0 0 161 
[2020-12-27 11:43:21 PM]  13 1 0 2 0 3 2 4 44 20 25 0 0 0 0 161 
[2020-12-27 11:43:21 PM]  13 1 0 2 0 3 2 4 44 20 25 0 0 0 0 161 
[2020-12-27 11:43:21 PM]  13 1 0 2 0 3 2 4 44 20 25 0 0 0 0 161 
[2020-12-27 11:43:21 PM]  13 1 0 2 0 3 2 4 44 20 25 0 0 0 0 161 
[2020-12-27 11:43:21 PM]  13 1 0 2 0 3 2 4 44 20 25 0 0 0 0 161 
[2020-12-27 11:43:21 PM]  13 1 0 2 0 3 2 4 44 20 25 0 0 0 0 161 
[2020-12-27 11:43:21 PM]  13 1 0 2 0 3 2 4 44 20 25 0 0 0 0 161 
[2020-12-27 11:43:21 PM]  13 1 0 2 0 3 2 4 44 20 25 0 0 0 0 161 
[2020-12-27 11:43:21 PM]  13 1 0 2 0 3 2 4 44 20 25 0 0 0 0 161 
[2020-12-27 11:43:21 PM]  13 1 0 2 0 3 2 4 44 20 25 0 0 0 0 161 
[2020-12-27 11:43:21 PM]  13 1 0 2 0 3 2 4 44 20 25 0 0 0 0 161 
[2020-12-27 11:43:21 PM]  13 1 0 2 0 3 2 4 44 20 25 0 0 0 0 161 
[2020-12-27 11:43:21 PM]  13 1 0 2 0 3 2 4 44 20 25 0 0 0 0 161 
[2020-12-27 11:43:21 PM]  13 1 0 2 0 3 2 4 44 20 25 0 0 0 0 161 
[2020-12-27 11:43:21 PM]  13 1 0 2 0 3 2 4 44 20 25 0 0 0 0 161 
[2020-12-27 11:43:21 PM]  13 1 0 2 0 3 2 4 44 20 25 0 0 0 0 161 
[2020-12-27 11:43:21 PM]  13 1 0 2 0 3 2 4 44 20 25 0 0 0 0 161 
[2020-12-27 11:43:21 PM]  13 1 0 2 0 3 2 4 44 20 25 0 0 0 0 161 
[2020-12-27 11:43:21 PM]  13 1 0 2 0 3 2 4 44 20 25 0 0 0 0 161 
[2020-12-27 11:43:21 PM]  13 1 0 2 0 3 2 4 44 20 25 0 0 0 0 161 
[2020-12-27 11:43:21 PM]  13 1 0 2 0 3 2 4 44 20 25 0 0 0 0 161 
[2020-12-27 11:43:21 PM]  13 1 0 2 0 3 2 4 44 20 25 0 0 0 0 161 
[2020-12-27 11:43:21 PM]  13 1 0 2 0 3 2 4 44 20 25 0 0 0 0 161 
[2020-12-27 11:43:21 PM]  13 1 0 2 0 3 2 4 44 20 25 0 0 0 0 161 
[2020-12-27 11:43:21 PM]  13 1 0 2 0 3 2 4 44 20 25 0 0 0 0 161 
[2020-12-27 11:43:21 PM]  13 1 0 2 0 3 2 4 44 20 25 0 0 0 0 161 
[2020-12-27 11:43:21 PM]  13 1 0 2 0 3 2 4 44 20 25 0 0 0 0 161 
[2020-12-27 11:43:21 PM]  13 1 0 2 0 3 2 4 44 20 25 0 0 0 0 161 
[2020-12-27 11:43:21 PM]  13 1 0 2 0 3 2 4 44 20 25 0 0 0 0 161 
[2020-12-27 11:43:21 PM]  13 1 0 2 0 3 2 4 44 20 25 0 0 0 0 161 
[2020-12-27 11:43:21 PM]  13 1 0 2 0 3 2 4 44 20 25 0 0 0 0 161 
[2020-12-27 11:43:21 PM]  13 1 0 2 0 3 2 4 44 20 25 0 0 0 0 161 
[2020-12-27 11:43:21 PM]  13 1 0 2 0 3 2 4 44 20 25 0 0 0 0 161 
[2020-12-27 11:43:21 PM]  13 1 0 2 0 3 2 4 44 20 25 0 0 0 0 161 
[2020-12-27 11:43:21 PM]  13 1 0 2 0 3 2 4 44 20 25 0 0 0 0 161 
[2020-12-27 11:43:21 PM]  13 1 0 2 0 3 2 4 44 20 25 0 0 0 0 161 
[2020-12-27 11:43:21 PM]  13 1 0 2 0 3 2 4 44 20 25 0 0 0 0 161 
[2020-12-27 11:43:21 PM]  13 1 0 2 0 3 2 4 44 20 25 0 0 0 0 161 
[2020-12-27 11:43:21 PM]  13 1 0 2 0 3 2 4 44 20 25 0 0 0 0 161 
[2020-12-27 11:43:21 PM]  13 1 0 2 0 3 2 4 44 20 25 0 0 0 0 161 
[2020-12-27 11:43:21 PM]  13 1 0 2 0 3 2 4 44 20 25 0 0 0 0 161 
[2020-12-27 11:43:21 PM]  13 1 0 2 0 3 2 4 44 20 25 0 0 0 0 161 
[2020-12-27 11:43:21 PM]  13 1 0 2 0 3 2 4 44 20 25 0 0 0 0 161 
[2020-12-27 11:43:21 PM]  13 1 0 2 0 3 2 4 44 20 25 0 0 0 0 161 
[2020-12-27 11:43:21 PM]  13 1 0 2 0 3 2 4 44 20 25 0 0 0 0 161 
[2020-12-27 11:43:21 PM]  13 1 0 2 0 3 2 4 44 20 25 0 0 0 0 161 
[2020-12-27 11:43:21 PM]  13 1 0 2 0 3 2 4 44 20 25 0 0 0 0 161 
[2020-12-27 11:43:21 PM]  13 1 0 2 0 3 2 4 44 20 25 0 0 0 0 161 
[2020-12-27 11:43:21 PM]  13 1 0 2 0 3 2 4 44 20 25 0 0 0 0 161 
[2020-12-27 11:43:21 PM]  13 1 0 2 0 3 2 4 44 20 25 0 0 0 0 161 
[2020-12-27 11:43:21 PM]  13 1 0 2 0 3 2 4 44 20 25 0 0 0 0 161 
[2020-12-27 11:43:21 PM]  13 1 0 2 0 3 2 4 44 20 25 0 0 0 0 161 
[2020-12-27 11:43:21 PM]  13 1 0 2 0 3 2 4 44 20 25 0 0 0 0 161 
[2020-12-27 11:43:21 PM]  13 1 0 2 0 3 2 4 44 20 25 0 0 0 0 161 
[2020-12-27 11:43:21 PM]  13 1 0 2 0 3 2 4 44 20 25 0 0 0 0 161 
[2020-12-27 11:43:21 PM]  13 1 0 2 0 3 2 4 44 20 25 0 0 0 0 161 
[2020-12-27 11:43:21 PM]  13 1 0 2 0 3 2 4 44 20 25 0 0 0 0 161 
[2020-12-27 11:43:21 PM]  13 1 0 2 0 3 2 4 44 20 25 0 0 0 0 161 
[2020-12-27 11:43:21 PM]  13 1 0 2 0 3 2 4 44 20 25 0 0 0 0 161 
[2020-12-27 11:43:21 PM]  13 1 0 2 0 3 2 4 44 20 25 0 0 0 0 161 
[2020-12-27 11:43:21 PM]  13 1 0 2 0 3 2 4 44 20 25 0 0 0 0 161 
[2020-12-27 11:43:21 PM]  13 1 0 2 0 3 2 4 44 20 25 0 0 0 0 161 
[2020-12-27 11:43:21 PM]  13 1 0 2 0 3 2 4 44 20 25 0 0 0 0 161 
[2020-12-27 11:43:21 PM]  13 1 0 2 0 3 2 4 44 20 25 0 0 0 0 161 
[2020-12-27 11:43:21 PM]  13 1 0 2 0 3 2 4 44 20 25 0 0 0 0 161 
[2020-12-27 11:43:21 PM]  13 1 0 2 0 3 2 4 44 20 25 0 0 0 0 161 
[2020-12-27 11:43:21 PM]  13 1 0 2 0 3 2 4 44 20 25 0 0 0 0 161 
[2020-12-27 11:43:21 PM]  13 1 0 2 0 3 2 4 44 20 25 0 0 0 0 161 
[2020-12-27 11:43:21 PM]  13 1 0 2 0 3 2 4 44 20 25 0 0 0 0 161 
[2020-12-27 11:43:21 PM]  13 1 0 2 0 3 2 4 44 20 25 0 0 0 0 161 
[2020-12-27 11:43:21 PM]  13 1 0 2 0 3 2 4 44 20 25 0 0 0 0 161 
[2020-12-27 11:43:21 PM]  13 1 0 2 0 3 2 4 44 20 25 0 0 0 0 161 
[2020-12-27 11:43:21 PM]  13 1 0 2 0 3 2 4 44 20 25 0 0 0 0 161 
[2020-12-27 11:43:21 PM]  13 1 0 2 0 3 2 4 44 20 25 0 0 0 0 161 
[2020-12-27 11:43:21 PM]  13 1 0 2 0 3 2 4 44 20 25 0 0 0 0 161 
[2020-12-27 11:43:21 PM]  13 1 0 2 0 3 2 4 44 20 25 0 0 0 0 161 
[2020-12-27 11:43:21 PM]  13 1 0 2 0 3 2 4 44 20 25 0 0 0 0 161 
[2020-12-27 11:43:21 PM]  13 1 0 2 0 3 2 4 44 20 25 0 0 0 0 161 
[2020-12-27 11:43:21 PM]  13 1 0 2 0 3 2 4 44 20 25 0 0 0 0 161 
[2020-12-27 11:43:21 PM]  13 1 0 2 0 3 2 4 44 20 25 0 0 0 0 161 
[2020-12-27 11:43:21 PM]  13 1 0 2 0 3 2 4 44 20 25 0 0 0 0 161 
[2020-12-27 11:43:21 PM]  13 1 0 2 0 3 2 4 44 20 25 0 0 0 0 161 
[2020-12-27 11:43:21 PM]  13 1 0 2 0 3 2 4 44 20 25 0 0 0 0 161 
[2020-12-27 11:43:21 PM]  13 1 0 2 0 3 2 4 44 20 25 0 0 0 0 161 
[2020-12-27 11:43:21 PM]  13 1 0 2 0 3 2 4 44 20 25 0 0 0 0 161 
[2020-12-27 11:43:21 PM]  13 1 0 2 0 3 2 4 44 20 25 0 0 0 0 161 
[2020-12-27 11:43:21 PM]  13 1 0 2 0 3 2 4 44 20 25 0 0 0 0 161 
[2020-12-27 11:43:21 PM]  13 1 0 2 0 3 2 4 44 20 25 0 0 0 0 161 
[2020-12-27 11:43:21 PM]  13 1 0 2 0 3 2 4 44 20 25 0 0 0 0 161 
[2020-12-27 11:43:21 PM]  13 1 0 2 0 3 2 4 44 20 25 0 0 0 0 161 
[2020-12-27 11:43:21 PM]  13 1 0 2 0 3 2 4 44 20 25 0 0 0 0 161 
[2020-12-27 11:43:21 PM]  13 1 0 2 0 3 2 4 44 20 25 0 0 0 0 161 
[2020-12-27 11:43:21 PM]  13 1 0 2 0 3 2 4 44 20 25 0 0 0 0 161 
[2020-12-27 11:43:21 PM]  13 1 0 2 0 3 2 4 44 20 25 0 0 0 0 161 
[2020-12-27 11:43:21 PM]  13 1 0 2 0 3 2 4 44 20 25 0 0 0 0 161 
[2020-12-27 11:43:21 PM]  13 1 0 2 0 3 2 4 44 20 25 0 0 0 0 161 
[2020-12-27 11:43:21 PM]  13 1 0 2 0 3 2 4 44 20 25 0 0 0 0 161 
[2020-12-27 11:43:21 PM]  13 1 0 2 0 3 2 4 44 20 25 0 0 0 0 161 
[2020-12-27 11:43:21 PM]  13 1 0 2 0 3 2 4 44 20 25 0 0 0 0 161 
[2020-12-27 11:43:21 PM]  13 1 0 2 0 3 2 4 44 20 25 0 0 0 0 161 
[2020-12-27 11:43:21 PM]  13 1 0 2 0 3 2 4 44 20 25 0 0 0 0 161 
[2020-12-27 11:43:21 PM]  13 1 0 2 0 3 2 4 44 20 25 0 0 0 0 161 
[2020-12-27 11:43:21 PM]  13 1 0 2 0 3 2 4 44 20 25 0 0 0 0 161 
[2020-12-27 11:43:21 PM]  13 1 0 2 0 3 2 4 44 20 25 0 0 0 0 161 
[2020-12-27 11:43:21 PM]  13 1 0 2 0 3 2 4 44 20 25 0 0 0 0 161 
[2020-12-27 11:43:21 PM]  13 1 0 2 0 3 2 4 44 20 25 0 0 0 0 161 
[2020-12-27 11:43:21 PM]  13 1 0 2 0 3 2 4 44 20 25 0 0 0 0 161 
[2020-12-27 11:43:21 PM]  13 1 0 2 0 3 2 4 44 20 25 0 0 0 0 161 
[2020-12-27 11:43:21 PM]  13 1 0 2 0 3 2 4 44 20 25 0 0 0 0 161 
[2020-12-27 11:43:21 PM]  13 1 0 2 0 3 2 4 44 20 25 0 0 0 0 161 
[2020-12-27 11:43:21 PM]  13 1 0 2 0 3 2 4 44 20 25 0 0 0 0 161 
[2020-12-27 11:43:21 PM]  13 1 0 2 0 3 2 4 44 20 25 0 0 0 0 161 
[2020-12-27 11:43:21 PM]  13 1 0 2 0 3 2 4 44 20 25 0 0 0 0 161 
[2020-12-27 11:43:21 PM]  13 1 0 2 0 3 2 4 44 20 25 0 0 0 0 161 
[2020-12-27 11:43:21 PM]  13 1 0 2 0 3 2 4 44 20 25 0 0 0 0 161 
[2020-12-27 11:43:21 PM]  13 1 0 2 0 3 2 4 44 20 25 0 0 0 0 161 
[2020-12-27 11:43:21 PM]  13 1 0 2 0 3 2 4 44 20 25 0 0 0 0 161 
[2020-12-27 11:43:21 PM]  13 1 0 2 0 3 2 4 44 20 25 0 0 0 0 161 
[2020-12-27 11:43:21 PM]  13 1 0 2 0 3 2 4 44 20 25 0 0 0 0 161 
[2020-12-27 11:43:21 PM]  13 1 0 2 0 3 2 4 44 20 25 0 0 0 0 161 
[2020-12-27 11:43:21 PM]  13 1 0 2 0 3 2 4 44 20 25 0 0 0 0 161 
[2020-12-27 11:43:21 PM]  13 1 0 2 0 3 2 4 44 20 25 0 0 0 0 161 
[2020-12-27 11:43:21 PM]  13 1 0 2 0 3 2 4 44 20 25 0 0 0 0 161 
[2020-12-27 11:43:21 PM]  13 1 0 2 0 3 2 4 44 20 25 0 0 0 0 161 
[2020-12-27 11:43:21 PM]  13 1 0 2 0 3 2 4 44 20 25 0 0 0 0 161 
[2020-12-27 11:43:21 PM]  13 1 0 2 0 3 2 4 44 20 25 0 0 0 0 161 
[2020-12-27 11:43:21 PM]  13 1 0 2 0 3 2 4 44 20 25 0 0 0 0 161 
[2020-12-27 11:43:21 PM]  13 1 0 2 0 3 2 4 44 20 25 0 0 0 0 161 
[2020-12-27 11:43:21 PM]  13 1 0 2 0 3 2 4 44 20 25 0 0 0 0 161 
[2020-12-27 11:43:21 PM]  13 1 0 2 0 3 2 4 44 20 25 0 0 0 0 161 
[2020-12-27 11:43:21 PM]  13 1 0 2 0 3 2 4 44 20 25 0 0 0 0 161 
[2020-12-27 11:43:21 PM]  13 1 0 2 0 3 2 4 44 20 25 0 0 0 0 161 
[2020-12-27 11:43:21 PM]  13 1 0 2 0 3 2 4 44 20 25 0 0 0 0 161 
[2020-12-27 11:43:21 PM]  13 1 0 2 0 3 2 4 44 20 25 0 0 0 0 161 
[2020-12-27 11:43:21 PM]  13 1 0 2 0 3 2 4 44 20 25 0 0 0 0 161 
[2020-12-27 11:43:21 PM]  13 1 0 2 0 3 2 4 44 20 25 0 0 0 0 161 
[2020-12-27 11:43:21 PM]  13 1 0 2 0 3 2 4 44 20 25 0 0 0 0 161 
[2020-12-27 11:43:21 PM]  13 1 0 2 0 3 2 4 44 20 25 0 0 0 0 161 
[2020-12-27 11:43:21 PM]  13 1 0 2 0 3 2 4 44 20 25 0 0 0 0 161 
[2020-12-27 11:43:21 PM]  13 1 0 2 0 3 2 4 44 20 25 0 0 0 0 161 
[2020-12-27 11:43:21 PM]  13 1 0 2 0 3 2 4 44 20 25 0 0 0 0 161 
[2020-12-27 11:43:21 PM]  13 1 0 2 0 3 2 4 44 20 25 0 0 0 0 161 
[2020-12-27 11:43:21 PM]  13 1 0 2 0 3 2 4 44 20 25 0 0 0 0 161 
[2020-12-27 11:43:21 PM]  13 1 0 2 0 3 2 4 44 20 25 0 0 0 0 161 
[2020-12-27 11:43:21 PM]  13 1 0 2 0 3 2 4 44 20 25 0 0 0 0 161 
[2020-12-27 11:43:21 PM]  13 1 0 2 0 3 2 4 44 20 25 0 0 0 0 161 
[2020-12-27 11:43:21 PM]  13 1 0 2 0 3 2 4 44 20 25 0 0 0 0 161 
[2020-12-27 11:43:21 PM]  13 1 0 2 0 3 2 4 44 20 25 0 0 0 0 161 
[2020-12-27 11:43:21 PM]  13 1 0 2 0 3 2 4 44 20 25 0 0 0 0 161 
[2020-12-27 11:43:21 PM]  13 1 0 2 0 3 2 4 44 20 25 0 0 0 0 161 
[2020-12-27 11:43:21 PM]  13 1 0 2 0 3 2 4 44 20 25 0 0 0 0 161 
[2020-12-27 11:43:21 PM]  13 1 0 2 0 3 2 4 44 20 25 0 0 0 0 161 
[2020-12-27 11:43:21 PM]  13 1 0 2 0 3 2 4 44 20 25 0 0 0 0 161 
[2020-12-27 11:43:21 PM]  13 1 0 2 0 3 2 4 44 20 25 0 0 0 0 161 
[2020-12-27 11:43:21 PM]  13 1 0 2 0 3 2 4 44 20 25 0 0 0 0 161 
[2020-12-27 11:43:21 PM]  13 1 0 2 0 3 2 4 44 20 25 0 0 0 0 161 
[2020-12-27 11:43:21 PM]  13 1 0 2 0 3 2 4 44 20 25 0 0 0 0 161 
[2020-12-27 11:43:21 PM]  13 1 0 2 0 3 2 4 44 20 25 0 0 0 0 161 
[2020-12-27 11:43:21 PM]  13 1 0 2 0 3 2 4 44 20 25 0 0 0 0 161 
[2020-12-27 11:43:21 PM]  13 1 0 2 0 3 2 4 44 20 25 0 0 0 0 161 
[2020-12-27 11:43:21 PM]  13 1 0 2 0 3 2 4 44 20 25 0 0 0 0 161 
[2020-12-27 11:43:21 PM]  13 1 0 2 0 3 2 4 44 20 25 0 0 0 0 161 
[2020-12-27 11:43:21 PM]  13 1 0 2 0 3 2 4 44 20 25 0 0 0 0 161 
[2020-12-27 11:43:21 PM]  13 1 0 2 0 3 2 4 44 20 25 0 0 0 0 161 
[2020-12-27 11:43:21 PM]  13 1 0 2 0 3 2 4 44 20 25 0 0 0 0 161 
[2020-12-27 11:43:21 PM]  13 1 0 2 0 3 2 4 44 20 25 0 0 0 0 161 
[2020-12-27 11:43:21 PM]  13 1 0 2 0 3 2 4 44 20 25 0 0 0 0 161 
[2020-12-27 11:43:21 PM]  13 1 0 2 0 3 2 4 44 20 25 0 0 0 0 161 
[2020-12-27 11:43:21 PM]  13 1 0 2 0 3 2 4 44 20 25 0 0 0 0 161 
[2020-12-27 11:43:21 PM]  13 1 0 2 0 3 2 4 44 20 25 0 0 0 0 161 
[2020-12-27 11:43:21 PM]  13 1 0 2 0 3 2 4 44 20 25 0 0 0 0 161 
[2020-12-27 11:43:21 PM]  13 1 0 2 0 3 2 4 44 20 25 0 0 0 0 161 
[2020-12-27 11:43:21 PM]  13 1 0 2 0 3 2 4 44 20 25 0 0 0 0 161 
[2020-12-27 11:43:21 PM]  13 1 0 2 0 3 2 4 44 20 25 0 0 0 0 161 
[2020-12-27 11:43:21 PM]  13 1 0 2 0 3 2 4 44 20 25 0 0 0 0 161 
[2020-12-27 11:43:21 PM]  13 1 0 2 0 3 2 4 44 20 25 0 0 0 0 161 
[2020-12-27 11:43:21 PM]  13 1 0 2 0 3 2 4 44 20 25 0 0 0 0 161 
[2020-12-27 11:43:21 PM]  13 1 0 2 0 3 2 4 44 20 25 0 0 0 0 161 
[2020-12-27 11:43:21 PM]  13 1 0 2 0 3 2 4 44 20 25 0 0 0 0 161 
[2020-12-27 11:43:21 PM]  13 1 0 2 0 3 2 4 44 20 25 0 0 0 0 161 
[2020-12-27 11:43:21 PM]  13 1 0 2 0 3 2 4 44 20 25 0 0 0 0 161 
[2020-12-27 11:43:21 PM]  13 1 0 2 0 3 2 4 44 20 25 0 0 0 0 161 
[2020-12-27 11:43:21 PM]  13 1 0 2 0 3 2 4 44 20 25 0 0 0 0 161 
[2020-12-27 11:43:21 PM]  13 1 0 2 0 3 2 4 44 20 25 0 0 0 0 161 
[2020-12-27 11:43:21 PM]  13 1 0 2 0 3 2 4 44 20 25 0 0 0 0 161 
[2020-12-27 11:43:21 PM]  13 1 0 2 0 3 2 4 44 20 25 0 0 0 0 161 
[2020-12-27 11:43:21 PM]  13 1 0 2 0 3 2 4 44 20 25 0 0 0 0 161 
[2020-12-27 11:43:21 PM]  13 1 0 2 0 3 2 4 44 20 25 0 0 0 0 161 
[2020-12-27 11:43:21 PM]  13 1 0 2 0 3 2 4 44 20 25 0 0 0 0 161 
[2020-12-27 11:43:21 PM]  13 1 0 2 0 3 2 4 44 20 25 0 0 0 0 161 
[2020-12-27 11:43:21 PM]  13 1 0 2 0 3 2 4 44 20 25 0 0 0 0 161 
[2020-12-27 11:43:21 PM]  13 1 0 2 0 3 2 4 44 20 25 0 0 0 0 161 
[2020-12-27 11:43:21 PM]  13 1 0 2 0 3 2 4 44 20 25 0 0 0 0 161 
[2020-12-27 11:43:21 PM]  13 1 0 2 0 3 2 4 44 20 25 0 0 0 0 161 
[2020-12-27 11:43:21 PM]  13 1 0 2 0 3 2 4 44 20 25 0 0 0 0 161 
[2020-12-27 11:43:21 PM]  13 1 0 2 0 3 2 4 44 20 25 0 0 0 0 161 
[2020-12-27 11:43:21 PM]  13 1 0 2 0 3 2 4 44 20 25 0 0 0 0 161 
[2020-12-27 11:43:21 PM]  13 1 0 2 0 3 2 4 44 20 25 0 0 0 0 161 
[2020-12-27 11:43:21 PM]  13 1 0 2 0 3 2 4 44 20 25 0 0 0 0 161 
[2020-12-27 11:43:21 PM]  13 1 0 2 0 3 2 4 44 20 25 0 0 0 0 161 
[2020-12-27 11:43:21 PM]  13 1 0 2 0 3 2 4 44 20 25 0 0 0 0 161 
[2020-12-27 11:43:21 PM]  13 1 0 2 0 3 2 4 44 20 25 0 0 0 0 161 
[2020-12-27 11:43:21 PM]  13 1 0 2 0 3 2 4 44 20 25 0 0 0 0 161 
[2020-12-27 11:43:21 PM]  13 1 0 2 0 3 2 4 44 20 25 0 0 0 0 161 
[2020-12-27 11:43:21 PM]  13 1 0 2 0 3 2 4 44 20 25 0 0 0 0 161 
[2020-12-27 11:43:21 PM]  13 1 0 2 0 3 2 4 44 20 25 0 0 0 0 161 
[2020-12-27 11:43:21 PM]  13 1 0 2 0 3 2 4 44 20 25 0 0 0 0 161 
[2020-12-27 11:43:21 PM]  13 1 0 2 0 3 2 4 44 20 25 0 0 0 0 161 
[2020-12-27 11:43:21 PM]  13 1 0 2 0 3 2 4 44 20 25 0 0 0 0 161 
[2020-12-27 11:43:21 PM]  13 1 0 2 0 3 2 4 44 20 25 0 0 0 0 161 
[2020-12-27 11:43:21 PM]  13 1 0 2 0 3 2 4 44 20 25 0 0 0 0 161 
[2020-12-27 11:43:21 PM]  13 1 0 2 0 3 2 4 44 20 25 0 0 0 0 161 
[2020-12-27 11:43:21 PM]  13 1 0 2 0 3 2 4 44 20 25 0 0 0 0 161 
[2020-12-27 11:43:21 PM]  13 1 0 2 0 3 2 4 44 20 25 0 0 0 0 161 
[2020-12-27 11:43:21 PM]  13 1 0 2 0 3 2 4 44 20 25 0 0 0 0 161 
[2020-12-27 11:43:21 PM]  13 1 0 2 0 3 2 4 44 20 25 0 0 0 0 161 
[2020-12-27 11:43:21 PM]  13 1 0 2 0 3 2 4 44 20 25 0 0 0 0 161 
[2020-12-27 11:43:21 PM]  13 1 0 2 0 3 2 4 44 20 25 0 0 0 0 161 
[2020-12-27 11:43:21 PM]  13 1 0 2 0 3 2 4 44 20 25 0 0 0 0 161 
[2020-12-27 11:43:21 PM]  13 1 0 2 0 3 2 4 44 20 25 0 0 0 0 161 
[2020-12-27 11:43:21 PM]  13 1 0 2 0 3 2 4 44 20 25 0 0 0 0 161 
[2020-12-27 11:43:21 PM]  13 1 0 2 0 3 2 4 44 20 25 0 0 0 0 161 
[2020-12-27 11:43:21 PM]  13 1 0 2 0 3 2 4 44 20 25 0 0 0 0 161 
[2020-12-27 11:43:21 PM]  13 1 0 2 0 3 2 4 44 20 25 0 0 0 0 161 
[2020-12-27 11:43:21 PM]  13 1 0 2 0 3 2 4 44 20 25 0 0 0 0 161 
[2020-12-27 11:43:21 PM]  13 1 0 2 0 3 2 4 44 20 25 0 0 0 0 161 
[2020-12-27 11:43:21 PM]  13 1 0 2 0 3 2 4 44 20 25 0 0 0 0 161 
[2020-12-27 11:43:21 PM]  13 1 0 2 0 3 2 4 44 20 25 0 0 0 0 161 
[2020-12-27 11:43:21 PM]  13 1 0 2 0 3 2 4 44 20 25 0 0 0 0 161 
[2020-12-27 11:43:21 PM]  13 1 0 2 0 3 2 4 44 20 25 0 0 0 0 161 
[2020-12-27 11:43:21 PM]  13 1 0 2 0 3 2 4 44 20 25 0 0 0 0 161 
[2020-12-27 11:43:21 PM]  13 1 0 2 0 3 2 4 44 20 25 0 0 0 0 161 
[2020-12-27 11:43:21 PM]  13 1 0 2 0 3 2 4 44 20 25 0 0 0 0 161 
[2020-12-27 11:43:21 PM]  13 1 0 2 0 3 2 4 44 20 25 0 0 0 0 161 
[2020-12-27 11:43:21 PM]  13 1 0 2 0 3 2 4 44 20 25 0 0 0 0 161 
[2020-12-27 11:43:21 PM]  13 1 0 2 0 3 2 4 44 20 25 0 0 0 0 161 
[2020-12-27 11:43:21 PM]  13 1 0 2 0 3 2 4 44 20 25 0 0 0 0 161 
[2020-12-27 11:43:21 PM]  13 1 0 2 0 3 2 4 44 20 25 0 0 0 0 161 
[2020-12-27 11:43:21 PM]  13 1 0 2 0 3 2 4 44 20 25 0 0 0 0 161 
[2020-12-27 11:43:21 PM]  13 1 0 2 0 3 2 4 44 20 25 0 0 0 0 161 
[2020-12-27 11:43:21 PM]  13 1 0 2 0 3 2 4 44 20 25 0 0 0 0 161 
[2020-12-27 11:43:21 PM]  13 1 0 2 0 3 2 4 44 20 25 0 0 0 0 161 
[2020-12-27 11:43:21 PM]  13 1 0 2 0 3 2 4 44 20 25 0 0 0 0 161 
[2020-12-27 11:43:21 PM]  13 1 0 2 0 3 2 4 44 20 25 0 0 0 0 161 
[2020-12-27 11:43:21 PM]  13 1 0 2 0 3 2 4 44 20 25 0 0 0 0 161 
[2020-12-27 11:43:21 PM]  13 1 0 2 0 3 2 4 44 20 25 0 0 0 0 161 
[2020-12-27 11:43:21 PM]  13 1 0 2 0 3 2 4 44 20 25 0 0 0 0 161 
[2020-12-27 11:43:21 PM]  13 1 0 2 0 3 2 4 44 20 25 0 0 0 0 161 
[2020-12-27 11:43:21 PM]  13 1 0 2 0 3 2 4 44 20 25 0 0 0 0 161 
[2020-12-27 11:43:21 PM]  13 1 0 2 0 3 2 4 44 20 25 0 0 0 0 161 
[2020-12-27 11:43:21 PM]  13 1 0 2 0 3 2 4 44 20 25 0 0 0 0 161 
[2020-12-27 11:43:21 PM]  13 1 0 2 0 3 2 4 44 20 25 0 0 0 0 161 
[2020-12-27 11:43:21 PM]  13 1 0 2 0 3 2 4 44 20 25 0 0 0 0 161 
[2020-12-27 11:43:21 PM]  13 1 0 2 0 3 2 4 44 20 25 0 0 0 0 161 
[2020-12-27 11:43:21 PM]  13 1 0 2 0 3 2 4 44 20 25 0 0 0 0 161 
[2020-12-27 11:43:21 PM]  13 1 0 2 0 3 2 4 44 20 25 0 0 0 0 161 
[2020-12-27 11:43:21 PM]  13 1 0 2 0 3 2 4 44 20 25 0 0 0 0 161 
[2020-12-27 11:43:21 PM]  13 1 0 2 0 3 2 4 44 20 25 0 0 0 0 161 
[2020-12-27 11:43:21 PM]  13 1 0 2 0 3 2 4 44 20 25 0 0 0 0 161 
[2020-12-27 11:43:21 PM]  13 1 0 2 0 3 2 4 44 20 25 0 0 0 0 161 
[2020-12-27 11:43:21 PM]  13 1 0 2 0 3 2 4 44 20 25 0 0 0 0 161 
[2020-12-27 11:43:21 PM]  13 1 0 2 0 3 2 4 44 20 25 0 0 0 0 161 
[2020-12-27 11:43:21 PM]  13 1 0 2 0 3 2 4 44 20 25 0 0 0 0 161 
[2020-12-27 11:43:21 PM]  13 1 0 2 0 3 2 4 44 20 25 0 0 0 0 161 
[2020-12-27 11:43:21 PM]  13 1 0 2 0 3 2 4 44 20 25 0 0 0 0 161 
[2020-12-27 11:43:21 PM]  13 1 0 2 0 3 2 4 44 20 25 0 0 0 0 161 
[2020-12-27 11:43:21 PM]  13 1 0 2 0 3 2 4 44 20 25 0 0 0 0 161 
[2020-12-27 11:43:21 PM]  13 1 0 2 0 3 2 4 44 20 25 0 0 0 0 161 
[2020-12-27 11:43:21 PM]  13 1 0 2 0 3 2 4 44 20 25 0 0 0 0 161 
[2020-12-27 11:43:21 PM]  13 1 0 2 0 3 2 4 44 20 25 0 0 0 0 161 
[2020-12-27 11:43:21 PM]  13 1 0 2 0 3 2 4 44 20 25 0 0 0 0 161 
[2020-12-27 11:43:21 PM]  13 1 0 2 0 3 2 4 44 20 25 0 0 0 0 161 
[2020-12-27 11:43:21 PM]  13 1 0 2 0 3 2 4 44 20 25 0 0 0 0 161 
[2020-12-27 11:43:21 PM]  13 1 0 2 0 3 2 4 44 20 25 0 0 0 0 161 
[2020-12-27 11:43:21 PM]  13 1 0 2 0 3 2 4 44 20 25 0 0 0 0 161 
[2020-12-27 11:43:21 PM]  13 1 0 2 0 3 2 4 44 20 25 0 0 0 0 161 
[2020-12-27 11:43:21 PM]  13 1 0 2 0 3 2 4 44 20 25 0 0 0 0 161 
[2020-12-27 11:43:21 PM]  13 1 0 2 0 3 2 4 44 20 25 0 0 0 0 161 
[2020-12-27 11:43:21 PM]  13 1 0 2 0 3 2 4 44 20 25 0 0 0 0 161 
[2020-12-27 11:43:21 PM]  13 1 0 2 0 3 2 4 44 20 25 0 0 0 0 161 
[2020-12-27 11:43:21 PM]  13 1 0 2 0 3 2 4 44 20 25 0 0 0 0 161 
[2020-12-27 11:43:21 PM]  13 1 0 2 0 3 2 4 44 20 25 0 0 0 0 161 
[2020-12-27 11:43:21 PM]  13 1 0 2 0 3 2 4 44 20 25 0 0 0 0 161 
[2020-12-27 11:43:21 PM]  13 1 0 2 0 3 2 4 44 20 25 0 0 0 0 161 
[2020-12-27 11:43:21 PM]  13 1 0 2 0 3 2 4 44 20 25 0 0 0 0 161 
[2020-12-27 11:43:21 PM]  13 1 0 2 0 3 2 4 44 20 25 0 0 0 0 161 
[2020-12-27 11:43:21 PM]  13 1 0 2 0 3 2 4 44 20 25 0 0 0 0 161 
[2020-12-27 11:43:21 PM]  13 1 0 2 0 3 2 4 44 20 25 0 0 0 0 161 
[2020-12-27 11:43:21 PM]  13 1 0 2 0 3 2 4 44 20 25 0 0 0 0 161 
[2020-12-27 11:43:21 PM]  13 1 0 2 0 3 2 4 44 20 25 0 0 0 0 161 
[2020-12-27 11:43:21 PM]  13 1 0 2 0 3 2 4 44 20 25 0 0 0 0 161 
[2020-12-27 11:43:21 PM]  13 1 0 2 0 3 2 4 44 20 25 0 0 0 0 161 
[2020-12-27 11:43:21 PM]  13 1 0 2 0 3 2 4 44 20 25 0 0 0 0 161 
[2020-12-27 11:43:21 PM]  13 1 0 2 0 3 2 4 44 20 25 0 0 0 0 161 
[2020-12-27 11:43:21 PM]  13 1 0 2 0 3 2 4 44 20 25 0 0 0 0 161 
[2020-12-27 11:43:21 PM]  13 1 0 2 0 3 2 4 44 20 25 0 0 0 0 161 
[2020-12-27 11:43:21 PM]  13 1 0 2 0 3 2 4 44 20 25 0 0 0 0 161 
[2020-12-27 11:43:21 PM]  13 1 0 2 0 3 2 4 44 20 25 0 0 0 0 161 
[2020-12-27 11:43:21 PM]  13 1 0 2 0 3 2 4 44 20 25 0 0 0 0 161 
[2020-12-27 11:43:21 PM]  13 1 0 2 0 3 2 4 44 20 25 0 0 0 0 161 
[2020-12-27 11:43:21 PM]  13 1 0 2 0 3 2 4 44 20 25 0 0 0 0 161 
[2020-12-27 11:43:21 PM]  13 1 0 2 0 3 2 4 44 20 25 0 0 0 0 161 
[2020-12-27 11:43:21 PM]  13 1 0 2 0 3 2 4 44 20 25 0 0 0 0 161 
[2020-12-27 11:43:21 PM]  13 1 0 2 0 3 2 4 44 20 25 0 0 0 0 161 
[2020-12-27 11:43:21 PM]  13 1 0 2 0 3 2 4 44 20 25 0 0 0 0 161 
[2020-12-27 11:43:21 PM]  13 1 0 2 0 3 2 4 44 20 25 0 0 0 0 161 
[2020-12-27 11:43:21 PM]  13 1 0 2 0 3 2 4 44 20 25 0 0 0 0 161 
[2020-12-27 11:43:21 PM]  13 1 0 2 0 3 2 4 44 20 25 0 0 0 0 161 
[2020-12-27 11:43:21 PM]  13 1 0 2 0 3 2 4 44 20 25 0 0 0 0 161 
[2020-12-27 11:43:21 PM]  13 1 0 2 0 3 2 4 44 20 25 0 0 0 0 161 
[2020-12-27 11:43:21 PM]  13 1 0 2 0 3 2 4 44 20 25 0 0 0 0 161 
[2020-12-27 11:43:21 PM]  13 1 0 2 0 3 2 4 44 20 25 0 0 0 0 161 
[2020-12-27 11:43:21 PM]  13 1 0 2 0 3 2 4 44 20 25 0 0 0 0 161 
[2020-12-27 11:43:21 PM]  13 1 0 2 0 3 2 4 44 20 25 0 0 0 0 161 
[2020-12-27 11:43:21 PM]  13 1 0 2 0 3 2 4 44 20 25 0 0 0 0 161 
[2020-12-27 11:43:21 PM]  13 1 0 2 0 3 2 4 44 20 25 0 0 0 0 161 
[2020-12-27 11:43:21 PM]  13 1 0 2 0 3 2 4 44 20 25 0 0 0 0 161 
[2020-12-27 11:43:21 PM]  13 1 0 2 0 3 2 4 44 20 25 0 0 0 0 161 
[2020-12-27 11:43:21 PM]  13 1 0 2 0 3 2 4 44 20 25 0 0 0 0 161 
[2020-12-27 11:43:21 PM]  13 1 0 2 0 3 2 4 44 20 25 0 0 0 0 161 
[2020-12-27 11:43:21 PM]  13 1 0 2 0 3 2 4 44 20 25 0 0 0 0 161 
[2020-12-27 11:43:21 PM]  13 1 0 2 0 3 2 4 44 20 25 0 0 0 0 161 
[2020-12-27 11:43:21 PM]  13 1 0 2 0 3 2 4 44 20 25 0 0 0 0 161 
[2020-12-27 11:43:21 PM]  13 1 0 2 0 3 2 4 44 20 25 0 0 0 0 161 
[2020-12-27 11:43:21 PM]  13 1 0 2 0 3 2 4 44 20 25 0 0 0 0 161 
[2020-12-27 11:43:21 PM]  13 1 0 2 0 3 2 4 44 20 25 0 0 0 0 161 
[2020-12-27 11:43:21 PM]  13 1 0 2 0 3 2 4 44 20 25 0 0 0 0 161 
[2020-12-27 11:43:21 PM]  13 1 0 2 0 3 2 4 44 20 25 0 0 0 0 161 
[2020-12-27 11:43:21 PM]  13 1 0 2 0 3 2 4 44 20 25 0 0 0 0 161 
[2020-12-27 11:43:21 PM]  13 1 0 2 0 3 2 4 44 20 25 0 0 0 0 161 
[2020-12-27 11:43:21 PM]  13 1 0 2 0 3 2 4 44 20 25 0 0 0 0 161 
[2020-12-27 11:43:21 PM]  13 1 0 2 0 3 2 4 44 20 25 0 0 0 0 161 
[2020-12-27 11:43:21 PM]  13 1 0 2 0 3 2 4 44 20 25 0 0 0 0 161 
[2020-12-27 11:43:21 PM]  13 1 0 2 0 3 2 4 44 20 25 0 0 0 0 161 
[2020-12-27 11:43:21 PM]  13 1 0 2 0 3 2 4 44 20 25 0 0 0 0 161 
[2020-12-27 11:43:21 PM]  13 1 0 2 0 3 2 4 44 20 25 0 0 0 0 161 
[2020-12-27 11:43:21 PM]  13 1 0 2 0 3 2 4 44 20 25 0 0 0 0 161 
[2020-12-27 11:43:21 PM]  13 1 0 2 0 3 2 4 44 20 25 0 0 0 0 161 
[2020-12-27 11:43:21 PM]  13 1 0 2 0 3 2 4 44 20 25 0 0 0 0 161 
[2020-12-27 11:43:21 PM]  13 1 0 2 0 3 2 4 44 20 25 0 0 0 0 161 
[2020-12-27 11:43:21 PM]  13 1 0 2 0 3 2 4 44 20 25 0 0 0 0 161 
[2020-12-27 11:43:21 PM]  13 1 0 2 0 3 2 4 44 20 25 0 0 0 0 161 
[2020-12-27 11:43:21 PM]  13 1 0 2 0 3 2 4 44 20 25 0 0 0 0 161 
[2020-12-27 11:43:21 PM]  13 1 0 2 0 3 2 4 44 20 25 0 0 0 0 161 
[2020-12-27 11:43:21 PM]  13 1 0 2 0 3 2 4 44 20 25 0 0 0 0 161 
[2020-12-27 11:43:21 PM]  13 1 0 2 0 3 2 4 44 20 25 0 0 0 0 161 
[2020-12-27 11:43:21 PM]  13 1 0 2 0 3 2 4 44 20 25 0 0 0 0 161 
[2020-12-27 11:43:21 PM]  13 1 0 2 0 3 2 4 44 20 25 0 0 0 0 161 
[2020-12-27 11:43:21 PM]  13 1 0 2 0 3 2 4 44 20 25 0 0 0 0 161 
[2020-12-27 11:43:21 PM]  13 1 0 2 0 3 2 4 44 20 25 0 0 0 0 161 
[2020-12-27 11:43:21 PM]  13 1 0 2 0 3 2 4 44 20 25 0 0 0 0 161 
[2020-12-27 11:43:21 PM]  13 1 0 2 0 3 2 4 44 20 25 0 0 0 0 161 
[2020-12-27 11:43:21 PM]  13 1 0 2 0 3 2 4 44 20 25 0 0 0 0 161 
[2020-12-27 11:43:21 PM]  13 1 0 2 0 3 2 4 44 20 25 0 0 0 0 161 
[2020-12-27 11:43:21 PM]  13 1 0 2 0 3 2 4 44 20 25 0 0 0 0 161 
[2020-12-27 11:43:21 PM]  13 1 0 2 0 3 2 4 44 20 25 0 0 0 0 161 
[2020-12-27 11:43:21 PM]  13 1 0 2 0 3 2 4 44 20 25 0 0 0 0 161 
[2020-12-27 11:43:21 PM]  13 1 0 2 0 3 2 4 44 20 25 0 0 0 0 161 
[2020-12-27 11:43:21 PM]  13 1 0 2 0 3 2 4 44 20 25 0 0 0 0 161 
[2020-12-27 11:43:21 PM]  13 1 0 2 0 3 2 4 44 20 25 0 0 0 0 161 
[2020-12-27 11:43:21 PM]  13 1 0 2 0 3 2 4 44 20 25 0 0 0 0 161 
[2020-12-27 11:43:21 PM]  13 1 0 2 0 3 2 4 44 20 25 0 0 0 0 161 
[2020-12-27 11:43:21 PM]  13 1 0 2 0 3 2 4 44 20 25 0 0 0 0 161 
[2020-12-27 11:43:21 PM]  13 1 0 2 0 3 2 4 44 20 25 0 0 0 0 161 
[2020-12-27 11:43:21 PM]  13 1 0 2 0 3 2 4 44 20 25 0 0 0 0 161 
[2020-12-27 11:43:21 PM]  13 1 0 2 0 3 2 4 44 20 25 0 0 0 0 161 
[2020-12-27 11:43:21 PM]  13 1 0 2 0 3 2 4 44 20 25 0 0 0 0 161 
[2020-12-27 11:43:21 PM]  13 1 0 2 0 3 2 4 44 20 25 0 0 0 0 161 
[2020-12-27 11:43:21 PM]  13 1 0 2 0 3 2 4 44 20 25 0 0 0 0 161 
[2020-12-27 11:43:21 PM]  13 1 0 2 0 3 2 4 44 20 25 0 0 0 0 161 
[2020-12-27 11:43:21 PM]  13 1 0 2 0 3 2 4 44 20 25 0 0 0 0 161 
[2020-12-27 11:43:21 PM]  13 1 0 2 0 3 2 4 44 20 25 0 0 0 0 161 
[2020-12-27 11:43:21 PM]  13 1 0 2 0 3 2 4 44 20 25 0 0 0 0 161 
[2020-12-27 11:43:21 PM]  13 1 0 2 0 3 2 4 44 20 25 0 0 0 0 161 
[2020-12-27 11:43:21 PM]  13 1 0 2 0 3 2 4 44 20 25 0 0 0 0 161 
[2020-12-27 11:43:21 PM]  13 1 0 2 0 3 2 4 44 20 25 0 0 0 0 161 
[2020-12-27 11:43:21 PM]  13 1 0 2 0 3 2 4 44 20 25 0 0 0 0 161 
[2020-12-27 11:43:21 PM]  13 1 0 2 0 3 2 4 44 20 25 0 0 0 0 161 
[2020-12-27 11:43:21 PM]  13 1 0 2 0 3 2 4 44 20 25 0 0 0 0 161 
[2020-12-27 11:43:21 PM]  13 1 0 2 0 3 2 4 44 20 25 0 0 0 0 161 
[2020-12-27 11:43:21 PM]  13 1 0 2 0 3 2 4 44 20 25 0 0 0 0 161 
[2020-12-27 11:43:21 PM]  13 1 0 2 0 3 2 4 44 20 25 0 0 0 0 161 
[2020-12-27 11:43:21 PM]  13 1 0 2 0 3 2 4 44 20 25 0 0 0 0 161 
[2020-12-27 11:43:21 PM]  13 1 0 2 0 3 2 4 44 20 25 0 0 0 0 161 
[2020-12-27 11:43:21 PM]  13 1 0 2 0 3 2 4 44 20 25 0 0 0 0 161 
[2020-12-27 11:43:21 PM]  13 1 0 2 0 3 2 4 44 20 25 0 0 0 0 161 
[2020-12-27 11:43:21 PM]  13 1 0 2 0 3 2 4 44 20 25 0 0 0 0 161 
[2020-12-27 11:43:21 PM]  13 1 0 2 0 3 2 4 44 20 25 0 0 0 0 161 
[2020-12-27 11:43:22 PM]  13 1 0 2 0 3 2 4 44 20 25 0 0 0 0 161 
[2020-12-27 11:43:22 PM]  13 1 0 2 0 3 2 4 44 20 25 0 0 0 0 161 
[2020-12-27 11:43:22 PM]  13 1 0 2 0 3 2 4 44 20 25 0 0 0 0 161 
[2020-12-27 11:43:22 PM]  13 1 0 2 0 3 2 4 44 20 25 0 0 0 0 161 
[2020-12-27 11:43:22 PM]  13 1 0 2 0 3 2 4 44 20 25 0 0 0 0 161 
[2020-12-27 11:43:22 PM]  13 1 0 2 0 3 2 4 44 20 25 0 0 0 0 161 
[2020-12-27 11:43:22 PM]  13 1 0 2 0 3 2 4 44 20 25 0 0 0 0 161 
[2020-12-27 11:43:22 PM]  13 1 0 2 0 3 2 4 44 20 25 0 0 0 0 161 
[2020-12-27 11:43:22 PM]  13 1 0 2 0 3 2 4 44 20 25 0 0 0 0 161 
[2020-12-27 11:43:22 PM]  13 1 0 2 0 3 2 4 44 20 25 0 0 0 0 161 
[2020-12-27 11:43:22 PM]  13 1 0 2 0 3 2 4 44 20 25 0 0 0 0 161 
[2020-12-27 11:43:22 PM]  13 1 0 2 0 3 2 4 44 20 25 0 0 0 0 161 
[2020-12-27 11:43:22 PM]  13 1 0 2 0 3 2 4 44 20 25 0 0 0 0 161 
[2020-12-27 11:43:22 PM]  13 1 0 2 0 3 2 4 44 20 25 0 0 0 0 161 
[2020-12-27 11:43:22 PM]  13 1 0 2 0 3 2 4 44 20 25 0 0 0 0 161 
[2020-12-27 11:43:22 PM]  13 1 0 2 0 3 2 4 44 20 25 0 0 0 0 161 
[2020-12-27 11:43:22 PM]  13 1 0 2 0 3 2 4 44 20 25 0 0 0 0 161 
[2020-12-27 11:43:22 PM]  13 1 0 2 0 3 2 4 44 20 25 0 0 0 0 161 
[2020-12-27 11:43:22 PM]  13 1 0 2 0 3 2 4 44 20 25 0 0 0 0 161 
[2020-12-27 11:43:22 PM]  13 1 0 2 0 3 2 4 44 20 25 0 0 0 0 161 
[2020-12-27 11:43:22 PM]  13 1 0 2 0 3 2 4 44 20 25 0 0 0 0 161 
[2020-12-27 11:43:22 PM]  13 1 0 2 0 3 2 4 44 20 25 0 0 0 0 161 
[2020-12-27 11:43:22 PM]  13 1 0 2 0 3 2 4 44 20 25 0 0 0 0 161 
[2020-12-27 11:43:22 PM]  13 1 0 2 0 3 2 4 44 20 25 0 0 0 0 161 
[2020-12-27 11:43:22 PM]  13 1 0 2 0 3 2 4 44 20 25 0 0 0 0 161 
[2020-12-27 11:43:22 PM]  13 1 0 2 0 3 2 4 44 20 25 0 0 0 0 161 
[2020-12-27 11:43:22 PM]  13 1 0 2 0 3 2 4 44 20 25 0 0 0 0 161 
[2020-12-27 11:43:22 PM]  13 1 0 2 0 3 2 4 44 20 25 0 0 0 0 161 
[2020-12-27 11:43:22 PM]  13 1 0 2 0 3 2 4 44 20 25 0 0 0 0 161 
[2020-12-27 11:43:22 PM]  13 1 0 2 0 3 2 4 44 20 25 0 0 0 0 161 
[2020-12-27 11:43:22 PM]  13 1 0 2 0 3 2 4 44 20 25 0 0 0 0 161 
[2020-12-27 11:43:22 PM]  13 1 0 2 0 3 2 4 44 20 25 0 0 0 0 161 
[2020-12-27 11:43:22 PM]  13 1 0 2 0 3 2 4 44 20 25 0 0 0 0 161 
[2020-12-27 11:43:22 PM]  13 1 0 2 0 3 2 4 44 20 25 0 0 0 0 161 
[2020-12-27 11:43:22 PM]  13 1 0 2 0 3 2 4 44 20 25 0 0 0 0 161 
[2020-12-27 11:43:22 PM]  13 1 0 2 0 3 2 4 44 20 25 0 0 0 0 161 
[2020-12-27 11:43:22 PM]  13 1 0 2 0 3 2 4 44 20 25 0 0 0 0 161 
[2020-12-27 11:43:22 PM]  13 1 0 2 0 3 2 4 44 20 25 0 0 0 0 161 
[2020-12-27 11:43:22 PM]  13 1 0 2 0 3 2 4 44 20 25 0 0 0 0 161 
[2020-12-27 11:43:22 PM]  13 1 0 2 0 3 2 4 44 20 25 0 0 0 0 161 
[2020-12-27 11:43:22 PM]  13 1 0 2 0 3 2 4 44 20 25 0 0 0 0 161 
[2020-12-27 11:43:22 PM]  13 1 0 2 0 3 2 4 44 20 25 0 0 0 0 161 
[2020-12-27 11:43:22 PM]  13 1 0 2 0 3 2 4 44 20 25 0 0 0 0 161 
[2020-12-27 11:43:22 PM]  13 1 0 2 0 3 2 4 44 20 25 0 0 0 0 161 
[2020-12-27 11:43:22 PM]  13 1 0 2 0 3 2 4 44 20 25 0 0 0 0 161 
[2020-12-27 11:43:22 PM]  13 1 0 2 0 3 2 4 44 20 25 0 0 0 0 161 
[2020-12-27 11:43:22 PM]  13 1 0 2 0 3 2 4 44 20 25 0 0 0 0 161 
[2020-12-27 11:43:22 PM]  13 1 0 2 0 3 2 4 44 20 25 0 0 0 0 161 
[2020-12-27 11:43:22 PM]  13 1 0 2 0 3 2 4 44 20 25 0 0 0 0 161 
[2020-12-27 11:43:22 PM]  13 1 0 2 0 3 2 4 44 20 25 0 0 0 0 161 
[2020-12-27 11:43:22 PM]  13 1 0 2 0 3 2 4 44 20 25 0 0 0 0 161 
[2020-12-27 11:43:22 PM]  13 1 0 2 0 3 2 4 44 20 25 0 0 0 0 161 
[2020-12-27 11:43:22 PM]  13 1 0 2 0 3 2 4 44 20 25 0 0 0 0 161 
[2020-12-27 11:43:22 PM]  13 1 0 2 0 3 2 4 44 20 25 0 0 0 0 161 
[2020-12-27 11:43:22 PM]  13 1 0 2 0 3 2 4 44 20 25 0 0 0 0 161 
[2020-12-27 11:43:22 PM]  13 1 0 2 0 3 2 4 44 20 25 0 0 0 0 161 
[2020-12-27 11:43:22 PM]  13 1 0 2 0 3 2 4 44 20 25 0 0 0 0 161 
[2020-12-27 11:43:22 PM]  13 1 0 2 0 3 2 4 44 20 25 0 0 0 0 161 
[2020-12-27 11:43:22 PM]  13 1 0 2 0 3 2 4 44 20 25 0 0 0 0 161 
[2020-12-27 11:43:22 PM]  13 1 0 2 0 3 2 4 44 20 25 0 0 0 0 161 
[2020-12-27 11:43:22 PM]  13 1 0 2 0 3 2 4 44 20 25 0 0 0 0 161 
[2020-12-27 11:43:22 PM]  13 1 0 2 0 3 2 4 44 20 25 0 0 0 0 161 
[2020-12-27 11:43:22 PM]  13 1 0 2 0 3 2 4 44 20 25 0 0 0 0 161 
[2020-12-27 11:43:22 PM]  13 1 0 2 0 3 2 4 44 20 25 0 0 0 0 161 
[2020-12-27 11:43:22 PM]  13 1 0 2 0 3 2 4 44 20 25 0 0 0 0 161 
[2020-12-27 11:43:22 PM]  13 1 0 2 0 3 2 4 44 20 25 0 0 0 0 161 
[2020-12-27 11:43:22 PM]  13 1 0 2 0 3 2 4 44 20 25 0 0 0 0 161 
[2020-12-27 11:43:22 PM]  13 1 0 2 0 3 2 4 44 20 25 0 0 0 0 161 
[2020-12-27 11:43:22 PM]  13 1 0 2 0 3 2 4 44 20 25 0 0 0 0 161 
[2020-12-27 11:43:22 PM]  13 1 0 2 0 3 2 4 44 20 25 0 0 0 0 161 
[2020-12-27 11:43:22 PM]  13 1 0 2 0 3 2 4 44 20 25 0 0 0 0 161 
[2020-12-27 11:43:22 PM]  13 1 0 2 0 3 2 4 44 20 25 0 0 0 0 161 
[2020-12-27 11:43:22 PM]  13 1 0 2 0 3 2 4 44 20 25 0 0 0 0 161 
[2020-12-27 11:43:22 PM]  13 1 0 2 0 3 2 4 44 20 25 0 0 0 0 161 
[2020-12-27 11:43:22 PM]  13 1 0 2 0 3 2 4 44 20 25 0 0 0 0 161 
[2020-12-27 11:43:22 PM]  13 1 0 2 0 3 2 4 44 20 25 0 0 0 0 161 
[2020-12-27 11:43:22 PM]  13 1 0 2 0 3 2 4 44 20 25 0 0 0 0 161 
[2020-12-27 11:43:22 PM]  13 1 0 2 0 3 2 4 44 20 25 0 0 0 0 161 
[2020-12-27 11:43:22 PM]  13 1 0 2 0 3 2 4 44 20 25 0 0 0 0 161 
[2020-12-27 11:43:22 PM]  13 1 0 2 0 3 2 4 44 20 25 0 0 0 0 161 
[2020-12-27 11:43:22 PM]  13 1 0 2 0 3 2 4 44 20 25 0 0 0 0 161 
[2020-12-27 11:43:22 PM]  13 1 0 2 0 3 2 4 44 20 25 0 0 0 0 161 
[2020-12-27 11:43:22 PM]  13 1 0 2 0 3 2 4 44 20 25 0 0 0 0 161 
[2020-12-27 11:43:22 PM]  13 1 0 2 0 3 2 4 44 20 25 0 0 0 0 161 
[2020-12-27 11:43:22 PM]  13 1 0 2 0 3 2 4 44 20 25 0 0 0 0 161 
[2020-12-27 11:43:22 PM]  13 1 0 2 0 3 2 4 44 20 25 0 0 0 0 161 
[2020-12-27 11:43:22 PM]  13 1 0 2 0 3 2 4 44 20 25 0 0 0 0 161 
[2020-12-27 11:43:22 PM]  13 1 0 2 0 3 2 4 44 20 25 0 0 0 0 161 
[2020-12-27 11:43:22 PM]  13 1 0 2 0 3 2 4 44 20 25 0 0 0 0 161 
[2020-12-27 11:43:22 PM]  13 1 0 2 0 3 2 4 44 20 25 0 0 0 0 161 
[2020-12-27 11:43:22 PM]  13 1 0 2 0 3 2 4 44 20 25 0 0 0 0 161 
[2020-12-27 11:43:22 PM]  13 1 0 2 0 3 2 4 44 20 25 0 0 0 0 161 
[2020-12-27 11:43:22 PM]  13 1 0 2 0 3 2 4 44 20 25 0 0 0 0 161 
[2020-12-27 11:43:22 PM]  13 1 0 2 0 3 2 4 44 20 25 0 0 0 0 161 
[2020-12-27 11:43:22 PM]  13 1 0 2 0 3 2 4 44 20 25 0 0 0 0 161 
[2020-12-27 11:43:22 PM]  13 1 0 2 0 3 2 4 44 20 25 0 0 0 0 161 
[2020-12-27 11:43:22 PM]  13 1 0 2 0 3 2 4 44 20 25 0 0 0 0 161 
[2020-12-27 11:43:22 PM]  13 1 0 2 0 3 2 4 44 20 25 0 0 0 0 161 
[2020-12-27 11:43:22 PM]  13 1 0 2 0 3 2 4 44 20 25 0 0 0 0 161 
[2020-12-27 11:43:22 PM]  13 1 0 2 0 3 2 4 44 20 25 0 0 0 0 161 
[2020-12-27 11:43:22 PM]  13 1 0 2 0 3 2 4 44 20 25 0 0 0 0 161 
[2020-12-27 11:43:22 PM]  13 1 0 2 0 3 2 4 44 20 25 0 0 0 0 161 
[2020-12-27 11:43:22 PM]  13 1 0 2 0 3 2 4 44 20 25 0 0 0 0 161 
[2020-12-27 11:43:22 PM]  13 1 0 2 0 3 2 4 44 20 25 0 0 0 0 161 
[2020-12-27 11:43:22 PM]  13 1 0 2 0 3 2 4 44 20 25 0 0 0 0 161 
[2020-12-27 11:43:22 PM]  13 1 0 2 0 3 2 4 44 20 25 0 0 0 0 161 
[2020-12-27 11:43:22 PM]  13 1 0 2 0 3 2 4 44 20 25 0 0 0 0 161 
[2020-12-27 11:43:22 PM]  13 1 0 2 0 3 2 4 44 20 25 0 0 0 0 161 
[2020-12-27 11:43:22 PM]  13 1 0 2 0 3 2 4 44 20 25 0 0 0 0 161 
[2020-12-27 11:43:22 PM]  13 1 0 2 0 3 2 4 44 20 25 0 0 0 0 161 
[2020-12-27 11:43:22 PM]  13 1 0 2 0 3 2 4 44 20 25 0 0 0 0 161 
[2020-12-27 11:43:22 PM]  13 1 0 2 0 3 2 4 44 20 25 0 0 0 0 161 
[2020-12-27 11:43:22 PM]  13 1 0 2 0 3 2 4 44 20 25 0 0 0 0 161 
[2020-12-27 11:43:22 PM]  13 1 0 2 0 3 2 4 44 20 25 0 0 0 0 161 
[2020-12-27 11:43:22 PM]  13 1 0 2 0 3 2 4 44 20 25 0 0 0 0 161 
[2020-12-27 11:43:22 PM]  13 1 0 2 0 3 2 4 44 20 25 0 0 0 0 161 
[2020-12-27 11:43:22 PM]  13 1 0 2 0 3 2 4 44 20 25 0 0 0 0 161 
[2020-12-27 11:43:22 PM]  13 1 0 2 0 3 2 4 44 20 25 0 0 0 0 161 
[2020-12-27 11:43:22 PM]  13 1 0 2 0 3 2 4 44 20 25 0 0 0 0 161 
[2020-12-27 11:43:22 PM]  13 1 0 2 0 3 2 4 44 20 25 0 0 0 0 161 
[2020-12-27 11:43:22 PM]  13 1 0 2 0 3 2 4 44 20 25 0 0 0 0 161 
[2020-12-27 11:43:22 PM]  13 1 0 2 0 3 2 4 44 20 25 0 0 0 0 161 
[2020-12-27 11:43:22 PM]  13 1 0 2 0 3 2 4 44 20 25 0 0 0 0 161 
[2020-12-27 11:43:22 PM]  13 1 0 2 0 3 2 4 44 20 25 0 0 0 0 161 
[2020-12-27 11:43:22 PM]  13 1 0 2 0 3 2 4 44 20 25 0 0 0 0 161 
[2020-12-27 11:43:22 PM]  13 1 0 2 0 3 2 4 44 20 25 0 0 0 0 161 
[2020-12-27 11:43:22 PM]  13 1 0 2 0 3 2 4 44 20 25 0 0 0 0 161 
[2020-12-27 11:43:22 PM]  13 1 0 2 0 3 2 4 44 20 25 0 0 0 0 161 
[2020-12-27 11:43:22 PM]  13 1 0 2 0 3 2 4 44 20 25 0 0 0 0 161 
[2020-12-27 11:43:22 PM]  13 1 0 2 0 3 2 4 44 20 25 0 0 0 0 161 
[2020-12-27 11:43:22 PM]  13 1 0 2 0 3 2 4 44 20 25 0 0 0 0 161 
[2020-12-27 11:43:22 PM]  13 1 0 2 0 3 2 4 44 20 25 0 0 0 0 161 
[2020-12-27 11:43:22 PM]  13 1 0 2 0 3 2 4 44 20 25 0 0 0 0 161 
[2020-12-27 11:43:22 PM]  13 1 0 2 0 3 2 4 44 20 25 0 0 0 0 161 
[2020-12-27 11:43:22 PM]  13 1 0 2 0 3 2 4 44 20 25 0 0 0 0 161 
[2020-12-27 11:43:22 PM]  13 1 0 2 0 3 2 4 44 20 25 0 0 0 0 161 
[2020-12-27 11:43:22 PM]  13 1 0 2 0 3 2 4 44 20 25 0 0 0 0 161 
[2020-12-27 11:43:22 PM]  13 1 0 2 0 3 2 4 44 20 25 0 0 0 0 161 
[2020-12-27 11:43:22 PM]  13 1 0 2 0 3 2 4 44 20 25 0 0 0 0 161 
[2020-12-27 11:43:22 PM]  13 1 0 2 0 3 2 4 44 20 25 0 0 0 0 161 
[2020-12-27 11:43:22 PM]  13 1 0 2 0 3 2 4 44 20 25 0 0 0 0 161 
[2020-12-27 11:43:22 PM]  13 1 0 2 0 3 2 4 44 20 25 0 0 0 0 161 
[2020-12-27 11:43:22 PM]  13 1 0 2 0 3 2 4 44 20 25 0 0 0 0 161 
[2020-12-27 11:43:22 PM]  13 1 0 2 0 3 2 4 44 20 25 0 0 0 0 161 
[2020-12-27 11:43:22 PM]  13 1 0 2 0 3 2 4 44 20 25 0 0 0 0 161 
[2020-12-27 11:43:22 PM]  13 1 0 2 0 3 2 4 44 20 25 0 0 0 0 161 
[2020-12-27 11:43:22 PM]  13 1 0 2 0 3 2 4 44 20 25 0 0 0 0 161 
[2020-12-27 11:43:22 PM]  13 1 0 2 0 3 2 4 44 20 25 0 0 0 0 161 
[2020-12-27 11:43:22 PM]  13 1 0 2 0 3 2 4 44 20 25 0 0 0 0 161 
[2020-12-27 11:43:22 PM]  13 1 0 2 0 3 2 4 44 20 25 0 0 0 0 161 
[2020-12-27 11:43:22 PM]  13 1 0 2 0 3 2 4 44 20 25 0 0 0 0 161 
[2020-12-27 11:43:22 PM]  13 1 0 2 0 3 2 4 44 20 25 0 0 0 0 161 
[2020-12-27 11:43:22 PM]  13 1 0 2 0 3 2 4 44 20 25 0 0 0 0 161 
[2020-12-27 11:43:22 PM]  13 1 0 2 0 3 2 4 44 20 25 0 0 0 0 161 
[2020-12-27 11:43:22 PM]  13 1 0 2 0 3 2 4 44 20 25 0 0 0 0 161 
[2020-12-27 11:43:22 PM]  13 1 0 2 0 3 2 4 44 20 25 0 0 0 0 161 
[2020-12-27 11:43:22 PM]  13 1 0 2 0 3 2 4 44 20 25 0 0 0 0 161 
[2020-12-27 11:43:22 PM]  13 1 0 2 0 3 2 4 44 20 25 0 0 0 0 161 
[2020-12-27 11:43:22 PM]  13 1 0 2 0 3 2 4 44 20 25 0 0 0 0 161 
[2020-12-27 11:43:22 PM]  13 1 0 2 0 3 2 4 44 20 25 0 0 0 0 161 
[2020-12-27 11:43:22 PM]  13 1 0 2 0 3 2 4 44 20 25 0 0 0 0 161 
[2020-12-27 11:43:22 PM]  13 1 0 2 0 3 2 4 44 20 25 0 0 0 0 161 
[2020-12-27 11:43:22 PM]  13 1 0 2 0 3 2 4 44 20 25 0 0 0 0 161 
[2020-12-27 11:43:22 PM]  13 1 0 2 0 3 2 4 44 20 25 0 0 0 0 161 
[2020-12-27 11:43:22 PM]  13 1 0 2 0 3 2 4 44 20 25 0 0 0 0 161 
[2020-12-27 11:43:22 PM]  13 1 0 2 0 3 2 4 44 20 25 0 0 0 0 161 
[2020-12-27 11:43:22 PM]  13 1 0 2 0 3 2 4 44 20 25 0 0 0 0 161 
[2020-12-27 11:43:22 PM]  13 1 0 2 0 3 2 4 44 20 25 0 0 0 0 161 
[2020-12-27 11:43:22 PM]  13 1 0 2 0 3 2 4 44 20 25 0 0 0 0 161 
[2020-12-27 11:43:22 PM]  13 1 0 2 0 3 2 4 44 20 25 0 0 0 0 161 
[2020-12-27 11:43:22 PM]  13 1 0 2 0 3 2 4 44 20 25 0 0 0 0 161 
[2020-12-27 11:43:22 PM]  13 1 0 2 0 3 2 4 44 20 25 0 0 0 0 161 
[2020-12-27 11:43:22 PM]  13 1 0 2 0 3 2 4 44 20 25 0 0 0 0 161 
[2020-12-27 11:43:22 PM]  13 1 0 2 0 3 2 4 44 20 25 0 0 0 0 161 
[2020-12-27 11:43:22 PM]  13 1 0 2 0 3 2 4 44 20 25 0 0 0 0 161 
[2020-12-27 11:43:22 PM]  13 1 0 2 0 3 2 4 44 20 25 0 0 0 0 161 
[2020-12-27 11:43:22 PM]  13 1 0 2 0 3 2 4 44 20 25 0 0 0 0 161 
[2020-12-27 11:43:22 PM]  13 1 0 2 0 3 2 4 44 20 25 0 0 0 0 161 
[2020-12-27 11:43:22 PM]  13 1 0 2 0 3 2 4 44 20 25 0 0 0 0 161 
[2020-12-27 11:43:22 PM]  13 1 0 2 0 3 2 4 44 20 25 0 0 0 0 161 
[2020-12-27 11:43:22 PM]  13 1 0 2 0 3 2 4 44 20 25 0 0 0 0 161 
[2020-12-27 11:43:22 PM]  13 1 0 2 0 3 2 4 44 20 25 0 0 0 0 161 
[2020-12-27 11:43:22 PM]  13 1 0 2 0 3 2 4 44 20 25 0 0 0 0 161 
[2020-12-27 11:43:22 PM]  13 1 0 2 0 3 2 4 44 20 25 0 0 0 0 161 
[2020-12-27 11:43:22 PM]  13 1 0 2 0 3 2 4 44 20 25 0 0 0 0 161 
[2020-12-27 11:43:22 PM]  13 1 0 2 0 3 2 4 44 20 25 0 0 0 0 161 
[2020-12-27 11:43:22 PM]  13 1 0 2 0 3 2 4 44 20 25 0 0 0 0 161 
[2020-12-27 11:43:22 PM]  13 1 0 2 0 3 2 4 44 20 25 0 0 0 0 161 
[2020-12-27 11:43:22 PM]  13 1 0 2 0 3 2 4 44 20 25 0 0 0 0 161 
[2020-12-27 11:43:22 PM]  13 1 0 2 0 3 2 4 44 20 25 0 0 0 0 161 
[2020-12-27 11:43:22 PM]  13 1 0 2 0 3 2 4 44 20 25 0 0 0 0 161 
[2020-12-27 11:43:22 PM]  13 1 0 2 0 3 2 4 44 20 25 0 0 0 0 161 
[2020-12-27 11:43:22 PM]  13 1 0 2 0 3 2 4 44 20 25 0 0 0 0 161 
[2020-12-27 11:43:22 PM]  13 1 0 2 0 3 2 4 44 20 25 0 0 0 0 161 
[2020-12-27 11:43:22 PM]  13 1 0 2 0 3 2 4 44 20 25 0 0 0 0 161 
[2020-12-27 11:43:22 PM]  13 1 0 2 0 3 2 4 44 20 25 0 0 0 0 161 
[2020-12-27 11:43:22 PM]  13 1 0 2 0 3 2 4 44 20 25 0 0 0 0 161 
[2020-12-27 11:43:22 PM]  13 1 0 2 0 3 2 4 44 20 25 0 0 0 0 161 
[2020-12-27 11:43:22 PM]  13 1 0 2 0 3 2 4 44 20 25 0 0 0 0 161 
[2020-12-27 11:43:22 PM]  13 1 0 2 0 3 2 4 44 20 25 0 0 0 0 161 
[2020-12-27 11:43:22 PM]  13 1 0 2 0 3 2 4 44 20 25 0 0 0 0 161 
[2020-12-27 11:43:22 PM]  13 1 0 2 0 3 2 4 44 20 25 0 0 0 0 161 
[2020-12-27 11:43:22 PM]  13 1 0 2 0 3 2 4 44 20 25 0 0 0 0 161 
[2020-12-27 11:43:22 PM]  13 1 0 2 0 3 2 4 44 20 25 0 0 0 0 161 
[2020-12-27 11:43:22 PM]  13 1 0 2 0 3 2 4 44 20 25 0 0 0 0 161 
[2020-12-27 11:43:22 PM]  13 1 0 2 0 3 2 4 44 20 25 0 0 0 0 161 
[2020-12-27 11:43:22 PM]  13 1 0 2 0 3 2 4 44 20 25 0 0 0 0 161 
[2020-12-27 11:43:22 PM]  13 1 0 2 0 3 2 4 44 20 25 0 0 0 0 161 
[2020-12-27 11:43:22 PM]  13 1 0 2 0 3 2 4 44 20 25 0 0 0 0 161 
[2020-12-27 11:43:22 PM]  13 1 0 2 0 3 2 4 44 20 25 0 0 0 0 161 
[2020-12-27 11:43:22 PM]  13 1 0 2 0 3 2 4 44 20 25 0 0 0 0 161 
[2020-12-27 11:43:22 PM]  13 1 0 2 0 3 2 4 44 20 25 0 0 0 0 161 
[2020-12-27 11:43:22 PM]  13 1 0 2 0 3 2 4 44 20 25 0 0 0 0 161 
[2020-12-27 11:43:22 PM]  13 1 0 2 0 3 2 4 44 20 25 0 0 0 0 161 
[2020-12-27 11:43:22 PM]  13 1 0 2 0 3 2 4 44 20 25 0 0 0 0 161 
[2020-12-27 11:43:22 PM]  13 1 0 2 0 3 2 4 44 20 25 0 0 0 0 161 
[2020-12-27 11:43:22 PM]  13 1 0 2 0 3 2 4 44 20 25 0 0 0 0 161 
[2020-12-27 11:43:22 PM]  13 1 0 2 0 3 2 4 44 20 25 0 0 0 0 161 
[2020-12-27 11:43:22 PM]  13 1 0 2 0 3 2 4 44 20 25 0 0 0 0 161 
[2020-12-27 11:43:22 PM]  13 1 0 2 0 3 2 4 44 20 25 0 0 0 0 161 
[2020-12-27 11:43:22 PM]  13 1 0 2 0 3 2 4 44 20 25 0 0 0 0 161 
[2020-12-27 11:43:22 PM]  13 1 0 2 0 3 2 4 44 20 25 0 0 0 0 161 
[2020-12-27 11:43:22 PM]  13 1 0 2 0 3 2 4 44 20 25 0 0 0 0 161 
[2020-12-27 11:43:22 PM]  13 1 0 2 0 3 2 4 44 20 25 0 0 0 0 161 
[2020-12-27 11:43:22 PM]  13 1 0 2 0 3 2 4 44 20 25 0 0 0 0 161 
[2020-12-27 11:43:22 PM]  13 1 0 2 0 3 2 4 44 20 25 0 0 0 0 161 
[2020-12-27 11:43:22 PM]  13 1 0 2 0 3 2 4 44 20 25 0 0 0 0 161 
[2020-12-27 11:43:22 PM]  13 1 0 2 0 3 2 4 44 20 25 0 0 0 0 161 
[2020-12-27 11:43:22 PM]  13 1 0 2 0 3 2 4 44 20 25 0 0 0 0 161 
[2020-12-27 11:43:22 PM]  13 1 0 2 0 3 2 4 44 20 25 0 0 0 0 161 
[2020-12-27 11:43:22 PM]  13 1 0 2 0 3 2 4 44 20 25 0 0 0 0 161 
[2020-12-27 11:43:22 PM]  13 1 0 2 0 3 2 4 44 20 25 0 0 0 0 161 
[2020-12-27 11:43:22 PM]  13 1 0 2 0 3 2 4 44 20 25 0 0 0 0 161 
[2020-12-27 11:43:22 PM]  13 1 0 2 0 3 2 4 44 20 25 0 0 0 0 161 
[2020-12-27 11:43:22 PM]  13 1 0 2 0 3 2 4 44 20 25 0 0 0 0 161 
[2020-12-27 11:43:22 PM]  13 1 0 2 0 3 2 4 44 20 25 0 0 0 0 161 
[2020-12-27 11:43:22 PM]  13 1 0 2 0 3 2 4 44 20 25 0 0 0 0 161 
[2020-12-27 11:43:22 PM]  13 1 0 2 0 3 2 4 44 20 25 0 0 0 0 161 
[2020-12-27 11:43:22 PM]  13 1 0 2 0 3 2 4 44 20 25 0 0 0 0 161 
[2020-12-27 11:43:22 PM]  13 1 0 2 0 3 2 4 44 20 25 0 0 0 0 161 
[2020-12-27 11:43:22 PM]  13 1 0 2 0 3 2 4 44 20 25 0 0 0 0 161 
[2020-12-27 11:43:22 PM]  13 1 0 2 0 3 2 4 44 20 25 0 0 0 0 161 
[2020-12-27 11:43:22 PM]  13 1 0 2 0 3 2 4 44 20 25 0 0 0 0 161 
[2020-12-27 11:43:22 PM]  13 1 0 2 0 3 2 4 44 20 25 0 0 0 0 161 
[2020-12-27 11:43:22 PM]  13 1 0 2 0 3 2 4 44 20 25 0 0 0 0 161 
[2020-12-27 11:43:22 PM]  13 1 0 2 0 3 2 4 44 20 25 0 0 0 0 161 
[2020-12-27 11:43:22 PM]  13 1 0 2 0 3 2 4 44 20 25 0 0 0 0 161 
[2020-12-27 11:43:22 PM]  13 1 0 2 0 3 2 4 44 20 25 0 0 0 0 161 
[2020-12-27 11:43:22 PM]  13 1 0 2 0 3 2 4 44 20 25 0 0 0 0 161 
[2020-12-27 11:43:22 PM]  13 1 0 2 0 3 2 4 44 20 25 0 0 0 0 161 
[2020-12-27 11:43:22 PM]  13 1 0 2 0 3 2 4 44 20 25 0 0 0 0 161 
[2020-12-27 11:43:22 PM]  13 1 0 2 0 3 2 4 44 20 25 0 0 0 0 161 
[2020-12-27 11:43:22 PM]  13 1 0 2 0 3 2 4 44 20 25 0 0 0 0 161 
[2020-12-27 11:43:22 PM]  13 1 0 2 0 3 2 4 44 20 25 0 0 0 0 161 
[2020-12-27 11:43:22 PM]  13 1 0 2 0 3 2 4 44 20 25 0 0 0 0 161 
[2020-12-27 11:43:22 PM]  13 1 0 2 0 3 2 4 44 20 25 0 0 0 0 161 
[2020-12-27 11:43:22 PM]  13 1 0 2 0 3 2 4 44 20 25 0 0 0 0 161 
[2020-12-27 11:43:22 PM]  13 1 0 2 0 3 2 4 44 20 25 0 0 0 0 161 
[2020-12-27 11:43:22 PM]  13 1 0 2 0 3 2 4 44 20 25 0 0 0 0 161 
[2020-12-27 11:43:22 PM]  13 1 0 2 0 3 2 4 44 20 25 0 0 0 0 161 
[2020-12-27 11:43:22 PM]  13 1 0 2 0 3 2 4 44 20 25 0 0 0 0 161 
[2020-12-27 11:43:22 PM]  13 1 0 2 0 3 2 4 44 20 25 0 0 0 0 161 
[2020-12-27 11:43:22 PM]  13 1 0 2 0 3 2 4 44 20 25 0 0 0 0 161 
[2020-12-27 11:43:22 PM]  13 1 0 2 0 3 2 4 44 20 25 0 0 0 0 161 
[2020-12-27 11:43:22 PM]  13 1 0 2 0 3 2 4 44 20 25 0 0 0 0 161 
[2020-12-27 11:43:22 PM]  13 1 0 2 0 3 2 4 44 20 25 0 0 0 0 161 
[2020-12-27 11:43:22 PM]  13 1 0 2 0 3 2 4 44 20 25 0 0 0 0 161 
[2020-12-27 11:43:22 PM]  13 1 0 2 0 3 2 4 44 20 25 0 0 0 0 161 
[2020-12-27 11:43:22 PM]  13 1 0 2 0 3 2 4 44 20 25 0 0 0 0 161 
[2020-12-27 11:43:22 PM]  13 1 0 2 0 3 2 4 44 20 25 0 0 0 0 161 
[2020-12-27 11:43:22 PM]  13 1 0 2 0 3 2 4 44 20 25 0 0 0 0 161 
[2020-12-27 11:43:22 PM]  13 1 0 2 0 3 2 4 44 20 25 0 0 0 0 161 
[2020-12-27 11:43:22 PM]  13 1 0 2 0 3 2 4 44 20 25 0 0 0 0 161 
[2020-12-27 11:43:22 PM]  13 1 0 2 0 3 2 4 44 20 25 0 0 0 0 161 
[2020-12-27 11:43:22 PM]  13 1 0 2 0 3 2 4 44 20 25 0 0 0 0 161 
[2020-12-27 11:43:22 PM]  13 1 0 2 0 3 2 4 44 20 25 0 0 0 0 161 
[2020-12-27 11:43:22 PM]  13 1 0 2 0 3 2 4 44 20 25 0 0 0 0 161 
[2020-12-27 11:43:22 PM]  13 1 0 2 0 3 2 4 44 20 25 0 0 0 0 161 
[2020-12-27 11:43:22 PM]  13 1 0 2 0 3 2 4 44 20 25 0 0 0 0 161 
[2020-12-27 11:43:22 PM]  13 1 0 2 0 3 2 4 44 20 25 0 0 0 0 161 
[2020-12-27 11:43:22 PM]  13 1 0 2 0 3 2 4 44 20 25 0 0 0 0 161 
[2020-12-27 11:43:22 PM]  13 1 0 2 0 3 2 4 44 20 25 0 0 0 0 161 
[2020-12-27 11:43:22 PM]  13 1 0 2 0 3 2 4 44 20 25 0 0 0 0 161 
[2020-12-27 11:43:22 PM]  13 1 0 2 0 3 2 4 44 20 25 0 0 0 0 161 
[2020-12-27 11:43:22 PM]  13 1 0 2 0 3 2 4 44 20 25 0 0 0 0 161 
[2020-12-27 11:43:22 PM]  13 1 0 2 0 3 2 4 44 20 25 0 0 0 0 161 
[2020-12-27 11:43:22 PM]  13 1 0 2 0 3 2 4 44 20 25 0 0 0 0 161 
[2020-12-27 11:43:22 PM]  13 1 0 2 0 3 2 4 44 20 25 0 0 0 0 161 
[2020-12-27 11:43:22 PM]  13 1 0 2 0 3 2 4 44 20 25 0 0 0 0 161 
[2020-12-27 11:43:22 PM]  13 1 0 2 0 3 2 4 44 20 25 0 0 0 0 161 
[2020-12-27 11:43:22 PM]  13 1 0 2 0 3 2 4 44 20 25 0 0 0 0 161 
[2020-12-27 11:43:22 PM]  13 1 0 2 0 3 2 4 44 20 25 0 0 0 0 161 
[2020-12-27 11:43:22 PM]  13 1 0 2 0 3 2 4 44 20 25 0 0 0 0 161 
[2020-12-27 11:43:22 PM]  13 1 0 2 0 3 2 4 44 20 25 0 0 0 0 161 
[2020-12-27 11:43:22 PM]  13 1 0 2 0 3 2 4 44 20 25 0 0 0 0 161 
[2020-12-27 11:43:22 PM]  13 1 0 2 0 3 2 4 44 20 25 0 0 0 0 161 
[2020-12-27 11:43:22 PM]  13 1 0 2 0 3 2 4 44 20 25 0 0 0 0 161 
[2020-12-27 11:43:22 PM]  13 1 0 2 0 3 2 4 44 20 25 0 0 0 0 161 
[2020-12-27 11:43:22 PM]  13 1 0 2 0 3 2 4 44 20 25 0 0 0 0 161 
[2020-12-27 11:43:22 PM]  13 1 0 2 0 3 2 4 44 20 25 0 0 0 0 161 
[2020-12-27 11:43:22 PM]  13 1 0 2 0 3 2 4 44 20 25 0 0 0 0 161 
[2020-12-27 11:43:22 PM]  13 1 0 2 0 3 2 4 44 20 25 0 0 0 0 161 
[2020-12-27 11:43:22 PM]  13 1 0 2 0 3 2 4 44 20 25 0 0 0 0 161 
[2020-12-27 11:43:22 PM]  13 1 0 2 0 3 2 4 44 20 25 0 0 0 0 161 
[2020-12-27 11:43:22 PM]  13 1 0 2 0 3 2 4 44 20 25 0 0 0 0 161 
[2020-12-27 11:43:22 PM]  13 1 0 2 0 3 2 4 44 20 25 0 0 0 0 161 
[2020-12-27 11:43:22 PM]  13 1 0 2 0 3 2 4 44 20 25 0 0 0 0 161 
[2020-12-27 11:43:22 PM]  13 1 0 2 0 3 2 4 44 20 25 0 0 0 0 161 
[2020-12-27 11:43:22 PM]  13 1 0 2 0 3 2 4 44 20 25 0 0 0 0 161 
[2020-12-27 11:43:22 PM]  13 1 0 2 0 3 2 4 44 20 25 0 0 0 0 161 
[2020-12-27 11:43:22 PM]  13 1 0 2 0 3 2 4 44 20 25 0 0 0 0 161 
[2020-12-27 11:43:22 PM]  13 1 0 2 0 3 2 4 44 20 25 0 0 0 0 161 
[2020-12-27 11:43:22 PM]  13 1 0 2 0 3 2 4 44 20 25 0 0 0 0 161 
[2020-12-27 11:43:22 PM]  13 1 0 2 0 3 2 4 44 20 25 0 0 0 0 161 
[2020-12-27 11:43:22 PM]  13 1 0 2 0 3 2 4 44 20 25 0 0 0 0 161 
[2020-12-27 11:43:22 PM]  13 1 0 2 0 3 2 4 44 20 25 0 0 0 0 161 
[2020-12-27 11:43:22 PM]  13 1 0 2 0 3 2 4 44 20 25 0 0 0 0 161 
[2020-12-27 11:43:22 PM]  13 1 0 2 0 3 2 4 44 20 25 0 0 0 0 161 
[2020-12-27 11:43:22 PM]  13 1 0 2 0 3 2 4 44 20 25 0 0 0 0 161 
[2020-12-27 11:43:22 PM]  13 1 0 2 0 3 2 4 44 20 25 0 0 0 0 161 
[2020-12-27 11:43:22 PM]  13 1 0 2 0 3 2 4 44 20 25 0 0 0 0 161 
[2020-12-27 11:43:22 PM]  13 1 0 2 0 3 2 4 44 20 25 0 0 0 0 161 
[2020-12-27 11:43:22 PM]  13 1 0 2 0 3 2 4 44 20 25 0 0 0 0 161 
[2020-12-27 11:43:22 PM]  13 1 0 2 0 3 2 4 44 20 25 0 0 0 0 161 
[2020-12-27 11:43:22 PM]  13 1 0 2 0 3 2 4 44 20 25 0 0 0 0 161 
[2020-12-27 11:43:22 PM]  13 1 0 2 0 3 2 4 44 20 25 0 0 0 0 161 
[2020-12-27 11:43:22 PM]  13 1 0 2 0 3 2 4 44 20 25 0 0 0 0 161 
[2020-12-27 11:43:22 PM]  13 1 0 2 0 3 2 4 44 20 25 0 0 0 0 161 
[2020-12-27 11:43:22 PM]  13 1 0 2 0 3 2 4 44 20 25 0 0 0 0 161 
[2020-12-27 11:43:22 PM]  13 1 0 2 0 3 2 4 44 20 25 0 0 0 0 161 
[2020-12-27 11:43:22 PM]  13 1 0 2 0 3 2 4 44 20 25 0 0 0 0 161 
[2020-12-27 11:43:22 PM]  13 1 0 2 0 3 2 4 44 20 25 0 0 0 0 161 
[2020-12-27 11:43:22 PM]  13 1 0 2 0 3 2 4 44 20 25 0 0 0 0 161 
[2020-12-27 11:43:22 PM]  13 1 0 2 0 3 2 4 44 20 25 0 0 0 0 161 
[2020-12-27 11:43:22 PM]  13 1 0 2 0 3 2 4 44 20 25 0 0 0 0 161 
[2020-12-27 11:43:22 PM]  13 1 0 2 0 3 2 4 44 20 25 0 0 0 0 161 
[2020-12-27 11:43:22 PM]  13 1 0 2 0 3 2 4 44 20 25 0 0 0 0 161 
[2020-12-27 11:43:22 PM]  13 1 0 2 0 3 2 4 44 20 25 0 0 0 0 161 
[2020-12-27 11:43:22 PM]  13 1 0 2 0 3 2 4 44 20 25 0 0 0 0 161 
[2020-12-27 11:43:22 PM]  13 1 0 2 0 3 2 4 44 20 25 0 0 0 0 161 
[2020-12-27 11:43:22 PM]  13 1 0 2 0 3 2 4 44 20 25 0 0 0 0 161 
[2020-12-27 11:43:22 PM]  13 1 0 2 0 3 2 4 44 20 25 0 0 0 0 161 
[2020-12-27 11:43:22 PM]  13 1 0 2 0 3 2 4 44 20 25 0 0 0 0 161 
[2020-12-27 11:43:22 PM]  13 1 0 2 0 3 2 4 44 20 25 0 0 0 0 161 
[2020-12-27 11:43:22 PM]  13 1 0 2 0 3 2 4 44 20 25 0 0 0 0 161 
[2020-12-27 11:43:22 PM]  13 1 0 2 0 3 2 4 44 20 25 0 0 0 0 161 
[2020-12-27 11:43:22 PM]  13 1 0 2 0 3 2 4 44 20 25 0 0 0 0 161 
[2020-12-27 11:43:22 PM]  13 1 0 2 0 3 2 4 44 20 25 0 0 0 0 161 
[2020-12-27 11:43:22 PM]  13 1 0 2 0 3 2 4 44 20 25 0 0 0 0 161 
[2020-12-27 11:43:22 PM]  13 1 0 2 0 3 2 4 44 20 25 0 0 0 0 161 
[2020-12-27 11:43:22 PM]  13 1 0 2 0 3 2 4 44 20 25 0 0 0 0 161 
[2020-12-27 11:43:22 PM]  13 1 0 2 0 3 2 4 44 20 25 0 0 0 0 161 
[2020-12-27 11:43:22 PM]  13 1 0 2 0 3 2 4 44 20 25 0 0 0 0 161 
[2020-12-27 11:43:22 PM]  13 1 0 2 0 3 2 4 44 20 25 0 0 0 0 161 
[2020-12-27 11:43:22 PM]  13 1 0 2 0 3 2 4 44 20 25 0 0 0 0 161 
[2020-12-27 11:43:22 PM]  13 1 0 2 0 3 2 4 44 20 25 0 0 0 0 161 
[2020-12-27 11:43:22 PM]  13 1 0 2 0 3 2 4 44 20 25 0 0 0 0 161 
[2020-12-27 11:43:22 PM]  13 1 0 2 0 3 2 4 44 20 25 0 0 0 0 161 
[2020-12-27 11:43:22 PM]  13 1 0 2 0 3 2 4 44 20 25 0 0 0 0 161 
[2020-12-27 11:43:22 PM]  13 1 0 2 0 3 2 4 44 20 25 0 0 0 0 161 
[2020-12-27 11:43:22 PM]  13 1 0 2 0 3 2 4 44 20 25 0 0 0 0 161 
[2020-12-27 11:43:22 PM]  13 1 0 2 0 3 2 4 44 20 25 0 0 0 0 161 
[2020-12-27 11:43:22 PM]  13 1 0 2 0 3 2 4 44 20 25 0 0 0 0 161 
[2020-12-27 11:43:22 PM]  13 1 0 2 0 3 2 4 44 20 25 0 0 0 0 161 
[2020-12-27 11:43:22 PM]  13 1 0 2 0 3 2 4 44 20 25 0 0 0 0 161 
[2020-12-27 11:43:22 PM]  13 1 0 2 0 3 2 4 44 20 25 0 0 0 0 161 
[2020-12-27 11:43:22 PM]  13 1 0 2 0 3 2 4 44 20 25 0 0 0 0 161 
[2020-12-27 11:43:22 PM]  13 1 0 2 0 3 2 4 44 20 25 0 0 0 0 161 
[2020-12-27 11:43:22 PM]  13 1 0 2 0 3 2 4 44 20 25 0 0 0 0 161 
[2020-12-27 11:43:22 PM]  13 1 0 2 0 3 2 4 44 20 25 0 0 0 0 161 
[2020-12-27 11:43:22 PM]  13 1 0 2 0 3 2 4 44 20 25 0 0 0 0 161 
[2020-12-27 11:43:22 PM]  13 1 0 2 0 3 2 4 44 20 25 0 0 0 0 161 
[2020-12-27 11:43:22 PM]  13 1 0 2 0 3 2 4 44 20 25 0 0 0 0 161 
[2020-12-27 11:43:22 PM]  13 1 0 2 0 3 2 4 44 20 25 0 0 0 0 161 
[2020-12-27 11:43:22 PM]  13 1 0 2 0 3 2 4 44 20 25 0 0 0 0 161 
[2020-12-27 11:43:22 PM]  13 1 0 2 0 3 2 4 44 20 25 0 0 0 0 161 
[2020-12-27 11:43:22 PM]  13 1 0 2 0 3 2 4 44 20 25 0 0 0 0 161 
[2020-12-27 11:43:22 PM]  13 1 0 2 0 3 2 4 44 20 25 0 0 0 0 161 
[2020-12-27 11:43:22 PM]  13 1 0 2 0 3 2 4 44 20 25 0 0 0 0 161 
[2020-12-27 11:43:22 PM]  13 1 0 2 0 3 2 4 44 20 25 0 0 0 0 161 
[2020-12-27 11:43:22 PM]  13 1 0 2 0 3 2 4 44 20 25 0 0 0 0 161 
[2020-12-27 11:43:22 PM]  13 1 0 2 0 3 2 4 44 20 25 0 0 0 0 161 
[2020-12-27 11:43:22 PM]  13 1 0 2 0 3 2 4 44 20 25 0 0 0 0 161 
[2020-12-27 11:43:22 PM]  13 1 0 2 0 3 2 4 44 20 25 0 0 0 0 161 
[2020-12-27 11:43:22 PM]  13 1 0 2 0 3 2 4 44 20 25 0 0 0 0 161 
[2020-12-27 11:43:22 PM]  13 1 0 2 0 3 2 4 44 20 25 0 0 0 0 161 
[2020-12-27 11:43:22 PM]  13 1 0 2 0 3 2 4 44 20 25 0 0 0 0 161 
[2020-12-27 11:43:22 PM]  13 1 0 2 0 3 2 4 44 20 25 0 0 0 0 161 
[2020-12-27 11:43:22 PM]  13 1 0 2 0 3 2 4 44 20 25 0 0 0 0 161 
[2020-12-27 11:43:22 PM]  13 1 0 2 0 3 2 4 44 20 25 0 0 0 0 161 
[2020-12-27 11:43:22 PM]  13 1 0 2 0 3 2 4 44 20 25 0 0 0 0 161 
[2020-12-27 11:43:22 PM]  13 1 0 2 0 3 2 4 44 20 25 0 0 0 0 161 
[2020-12-27 11:43:22 PM]  13 1 0 2 0 3 2 4 44 20 25 0 0 0 0 161 
[2020-12-27 11:43:22 PM]  13 1 1 2 1 3 2 4 88 20 25 0 0 0 0 161 
[2020-12-27 11:43:22 PM]  13 1 1 2 1 3 2 4 88 20 25 0 0 0 0 161 
[2020-12-27 11:43:22 PM]  13 1 1 2 1 3 2 4 88 20 25 0 0 0 0 161 
[2020-12-27 11:43:22 PM]  13 1 1 2 1 3 2 4 88 20 25 0 0 0 0 161 
[2020-12-27 11:43:22 PM]  13 1 1 2 1 3 2 4 88 20 25 0 0 0 0 161 
[2020-12-27 11:43:22 PM]  13 1 1 2 1 3 2 4 88 20 25 0 0 0 0 161 
[2020-12-27 11:43:22 PM]  13 1 1 2 1 3 2 4 88 20 25 0 0 0 0 161 
[2020-12-27 11:43:22 PM]  13 1 1 2 1 3 2 4 88 20 25 0 0 0 0 161 
[2020-12-27 11:43:22 PM]  13 1 1 2 1 3 2 4 88 20 25 0 0 0 0 161 
[2020-12-27 11:43:22 PM]  13 1 1 2 1 3 2 4 88 20 25 0 0 0 0 161 
[2020-12-27 11:43:22 PM]  13 1 1 2 1 3 2 4 88 20 25 0 0 0 0 161 
[2020-12-27 11:43:22 PM]  13 1 1 2 1 3 2 4 88 20 25 0 0 0 0 161 
[2020-12-27 11:43:22 PM]  13 1 1 2 1 3 2 4 88 20 25 0 0 0 0 161 
[2020-12-27 11:43:22 PM]  13 1 1 2 1 3 2 4 88 20 25 0 0 0 0 161 
[2020-12-27 11:43:22 PM]  13 1 1 2 1 3 2 4 88 20 25 0 0 0 0 161 
[2020-12-27 11:43:22 PM]  13 1 1 2 1 3 2 4 88 20 25 0 0 0 0 161 
[2020-12-27 11:43:22 PM]  13 1 1 2 1 3 2 4 88 20 25 0 0 0 0 161 
[2020-12-27 11:43:22 PM]  13 1 1 2 1 3 2 4 88 20 25 0 0 0 0 161 
[2020-12-27 11:43:22 PM]  13 1 1 2 1 3 2 4 88 20 25 0 0 0 0 161 
[2020-12-27 11:43:22 PM]  13 1 1 2 1 3 2 4 88 20 25 0 0 0 0 161 
[2020-12-27 11:43:22 PM]  13 1 1 2 1 3 2 4 88 20 25 0 0 0 0 161 
[2020-12-27 11:43:22 PM]  13 1 1 2 1 3 2 4 88 20 25 0 0 0 0 161 
[2020-12-27 11:43:22 PM]  13 1 1 2 1 3 2 4 88 20 25 0 0 0 0 161 
[2020-12-27 11:43:22 PM]  13 1 1 2 1 3 2 4 88 20 25 0 0 0 0 161 
[2020-12-27 11:43:22 PM]  13 1 1 2 1 3 2 4 88 20 25 0 0 0 0 161 
[2020-12-27 11:43:22 PM]  13 1 1 2 1 3 2 4 88 20 25 0 0 0 0 161 
[2020-12-27 11:43:22 PM]  13 1 1 2 1 3 2 4 88 20 25 0 0 0 0 161 
[2020-12-27 11:43:22 PM]  13 1 1 2 1 3 2 4 88 20 25 0 0 0 0 161 
[2020-12-27 11:43:22 PM]  13 1 1 2 1 3 2 4 88 20 25 0 0 0 0 161 
[2020-12-27 11:43:22 PM]  13 1 1 2 1 3 2 4 88 20 25 0 0 0 0 161 
[2020-12-27 11:43:22 PM]  13 1 1 2 1 3 2 4 88 20 25 0 0 0 0 161 
[2020-12-27 11:43:22 PM]  13 1 1 2 1 3 2 4 88 20 25 0 0 0 0 161 
[2020-12-27 11:43:22 PM]  13 1 1 2 1 3 2 4 88 20 25 0 0 0 0 161 
[2020-12-27 11:43:22 PM]  13 1 1 2 1 3 2 4 88 20 25 0 0 0 0 161 
[2020-12-27 11:43:22 PM]  13 1 1 2 1 3 2 4 88 20 25 0 0 0 0 161 
[2020-12-27 11:43:22 PM]  13 1 1 2 1 3 2 4 88 20 25 0 0 0 0 161 
[2020-12-27 11:43:22 PM]  13 1 1 2 1 3 2 4 88 20 25 0 0 0 0 161 
[2020-12-27 11:43:22 PM]  13 1 1 2 1 3 2 4 88 20 25 0 0 0 0 161 
[2020-12-27 11:43:22 PM]  13 1 1 2 1 3 2 4 88 20 25 0 0 0 0 161 
[2020-12-27 11:43:22 PM]  13 1 1 2 1 3 2 4 88 20 25 0 0 0 0 161 
[2020-12-27 11:43:22 PM]  13 1 1 2 1 3 2 4 88 20 25 0 0 0 0 161 
[2020-12-27 11:43:22 PM]  13 1 0 2 0 3 2 4 44 20 25 0 0 0 0 161 
[2020-12-27 11:43:22 PM]  13 1 0 2 0 3 2 4 44 20 25 0 0 0 0 161 
[2020-12-27 11:43:22 PM]  13 1 0 2 0 3 2 4 44 20 25 0 0 0 0 161 
[2020-12-27 11:43:22 PM]  13 1 0 2 0 3 2 4 44 20 25 0 0 0 0 161 
[2020-12-27 11:43:22 PM]  13 1 0 2 0 3 2 4 44 20 25 0 0 0 0 161 
[2020-12-27 11:43:22 PM]  13 1 0 2 0 3 2 4 44 20 25 0 0 0 0 161 
[2020-12-27 11:43:22 PM]  13 1 0 2 0 3 2 4 44 20 25 0 0 0 0 161 
[2020-12-27 11:43:23 PM]  13 1 0 2 0 3 2 4 44 20 25 0 0 0 0 161 
[2020-12-27 11:43:25 PM]  13 1 0 2 0 3 2 4 44 20 25 0 0 0 0 161 
[2020-12-27 11:43:27 PM]  13 1 0 2 0 3 2 4 44 20 25 0 0 0 0 161 
[2020-12-27 11:43:29 PM]  13 1 0 2 0 3 2 4 44 20 25 0 0 0 0 161 
[2020-12-27 11:43:31 PM]  13 1 0 2 0 3 2 4 44 20 25 0 0 0 0 161 
[2020-12-27 11:43:33 PM]  13 1 0 2 0 3 2 4 44 20 25 0 0 0 0 161 
[2020-12-27 11:43:35 PM]  13 1 0 2 0 3 2 4 44 20 25 0 0 0 0 161 
[2020-12-27 11:43:37 PM]  13 1 0 2 0 3 2 4 44 20 25 0 0 0 0 161 
[2020-12-27 11:43:39 PM]  13 1 0 2 0 3 2 4 44 20 25 0 0 0 0 161 
[2020-12-27 11:43:41 PM]  13 1 0 2 0 3 2 4 44 20 25 0 0 0 0 161 
[2020-12-27 11:43:43 PM]  13 1 0 2 0 3 2 4 44 20 25 0 0 0 0 161 
[2020-12-27 11:43:45 PM]  13 1 0 2 0 3 2 4 44 20 25 0 0 0 0 161 
[2020-12-27 11:43:47 PM]  13 1 0 2 0 3 2 4 44 20 25 0 0 0 0 161 
[2020-12-27 11:43:49 PM]  13 1 0 2 0 3 2 4 44 20 25 0 0 0 0 161 
[2020-12-27 11:43:51 PM]  13 1 0 2 0 3 2 4 44 20 25 0 0 0 0 161 
[2020-12-27 11:43:53 PM]  13 1 0 2 0 3 2 4 44 20 25 0 0 0 0 161 
[2020-12-27 11:43:55 PM]  13 1 0 2 0 3 2 4 44 20 25 0 0 0 0 161 
[2020-12-27 11:43:57 PM]  13 1 0 2 0 3 2 4 44 20 25 0 0 0 0 161 
[2020-12-27 11:43:59 PM]  13 1 0 2 0 3 2 4 44 20 25 0 0 0 0 161 
[2020-12-27 11:44:01 PM]  13 1 0 2 0 3 2 4 44 20 25 0 0 0 0 161 
[2020-12-27 11:44:03 PM]  13 1 0 2 0 3 2 4 44 20 25 0 0 0 0 161 
[2020-12-27 11:44:05 PM]  13 1 0 2 0 3 2 4 44 20 25 0 0 0 0 161 
[2020-12-27 11:44:07 PM]  13 1 0 2 0 3 2 4 44 20 25 0 0 0 0 161 
