[2020-12-26 11:30:11 PM]  13 1 0 1 0 3 0 4 199 0 0 0 0 0 0 161 
[2020-12-26 11:30:13 PM]  13 1 0 1 0 3 0 4 198 22 23 0 0 0 0 161 
[2020-12-26 11:30:14 PM]  13 1 0 1 0 3 0 4 198 22 23 0 0 0 0 161 
[2020-12-26 11:30:15 PM]  13 1 0 1 0 3 0 4 198 22 23 0 0 0 0 161 
[2020-12-26 11:30:16 PM]  13 1 0 1 0 3 0 4 198 22 23 0 0 0 0 161 
[2020-12-26 11:30:17 PM]  13 1 0 1 0 3 0 4 190 22 23 0 0 0 0 161 
[2020-12-26 11:30:18 PM]  13 1 0 1 0 3 0 4 199 22 23 0 0 0 0 161 
[2020-12-26 11:30:20 PM]  13 1 0 1 0 3 0 4 190 22 23 0 0 0 0 161 
[2020-12-26 11:30:21 PM]  13 1 0 1 0 3 0 4 190 22 23 0 0 0 0 161 
[2020-12-26 11:30:22 PM]  13 1 0 1 0 3 0 4 189 22 23 0 0 0 0 161 
[2020-12-26 11:30:23 PM]  13 1 0 1 0 3 0 4 190 22 23 0 0 0 0 161 
[2020-12-26 11:30:24 PM]  13 1 0 1 0 3 0 4 192 22 23 0 0 0 0 161 
[2020-12-26 11:30:25 PM]  13 1 0 1 0 3 0 4 190 22 23 0 0 0 0 161 
[2020-12-26 11:30:27 PM]  13 1 0 1 0 3 0 4 190 22 23 0 0 0 0 161 
[2020-12-26 11:30:28 PM]  13 1 0 1 0 3 0 4 190 22 23 0 0 0 0 161 
[2020-12-26 11:30:29 PM]  13 1 1 2 1 3 3 4 98 0 0 0 0 0 0 161 
[2020-12-26 11:30:29 PM]  13 1 0 1 0 3 0 4 190 22 23 0 0 0 0 161 
[2020-12-26 11:30:30 PM]  13 1 0 1 0 3 0 4 190 22 23 0 0 0 0 161 
[2020-12-26 11:30:31 PM]  13 1 1 2 1 3 3 4 98 0 0 0 0 0 0 161 
[2020-12-26 11:30:31 PM]  13 1 0 1 0 3 0 4 190 22 23 0 0 0 0 161 
[2020-12-26 11:30:32 PM]  13 1 0 1 0 3 0 4 191 22 23 0 0 0 0 161 
[2020-12-26 11:30:33 PM]  13 1 1 2 1 3 3 4 98 0 0 0 0 0 0 161 
[2020-12-26 11:30:34 PM]  13 1 0 1 0 3 0 4 199 22 23 0 0 0 0 161 
[2020-12-26 11:30:35 PM]  13 1 0 1 0 3 0 4 199 22 23 0 0 0 0 161 
[2020-12-26 11:30:36 PM]  13 1 1 2 1 3 3 4 98 0 0 0 0 0 0 161 
[2020-12-26 11:30:36 PM]  13 1 0 1 0 3 0 4 200 22 23 0 0 0 0 161 
[2020-12-26 11:30:37 PM]  13 1 0 1 0 3 0 4 191 22 23 0 0 0 0 161 
[2020-12-26 11:30:38 PM]  13 1 1 2 1 3 3 4 98 0 0 0 0 0 0 161 
[2020-12-26 11:30:38 PM]  13 1 0 1 0 3 0 4 186 22 23 0 0 0 0 161 
[2020-12-26 11:30:39 PM]  13 1 0 1 0 3 0 4 144 22 23 0 0 0 0 161 
[2020-12-26 11:30:40 PM]  13 1 1 2 1 3 3 4 98 0 0 0 0 0 0 161 
[2020-12-26 11:30:41 PM]  13 1 0 1 0 3 0 4 199 22 23 0 0 0 0 161 
[2020-12-26 11:30:42 PM]  13 1 0 1 0 3 0 4 198 22 23 0 0 0 0 161 
[2020-12-26 11:30:42 PM]  13 1 1 2 1 3 3 4 98 0 0 0 0 0 0 161 
[2020-12-26 11:30:43 PM]  13 1 0 1 0 3 0 4 199 22 23 0 0 0 0 161 
[2020-12-26 11:30:44 PM]  13 1 0 1 0 3 0 4 198 22 23 0 0 0 0 161 
[2020-12-26 11:30:45 PM]  13 1 1 2 1 3 3 4 98 0 0 0 0 0 0 161 
[2020-12-26 11:30:45 PM]  13 1 0 1 0 3 0 4 198 22 23 0 0 0 0 161 
[2020-12-26 11:30:46 PM]  13 1 0 1 0 3 0 4 0 22 23 0 0 0 0 161 
[2020-12-26 11:30:47 PM]  13 1 1 2 1 3 3 4 98 0 0 0 0 0 0 161 
[2020-12-26 11:30:48 PM]  13 1 0 1 0 3 0 4 200 22 23 0 0 0 0 161 
[2020-12-26 11:30:49 PM]  13 1 0 1 0 3 0 4 200 22 23 0 0 0 0 161 
[2020-12-26 11:30:49 PM]  13 1 1 2 1 3 3 4 98 0 0 0 0 0 0 161 
[2020-12-26 11:30:50 PM]  13 1 0 1 0 3 0 4 76 22 23 0 0 0 0 161 
[2020-12-26 11:30:51 PM]  13 1 0 1 0 3 0 4 90 22 23 0 0 0 0 161 
[2020-12-26 11:30:51 PM]  13 1 1 2 1 3 3 4 98 0 0 0 0 0 0 161 
[2020-12-26 11:30:52 PM]  13 1 0 1 0 3 0 4 185 22 23 0 0 0 0 161 
[2020-12-26 11:30:53 PM]  13 1 0 1 0 3 0 4 199 22 23 0 0 0 0 161 
[2020-12-26 11:30:54 PM]  13 1 1 2 1 3 3 4 98 0 0 0 0 0 0 161 
[2020-12-26 11:30:55 PM]  13 1 0 1 0 3 0 4 199 22 23 0 0 0 0 161 
[2020-12-26 11:30:56 PM]  13 1 0 1 0 3 0 4 199 22 23 0 0 0 0 161 
[2020-12-26 11:30:57 PM]  13 1 0 1 0 3 0 4 199 22 24 0 0 0 0 161 
[2020-12-26 11:30:58 PM]  13 1 0 1 0 3 0 4 199 22 24 0 0 0 0 161 
[2020-12-26 11:30:59 PM]  13 1 0 1 0 3 0 4 199 22 24 0 0 0 0 161 
[2020-12-26 11:31:00 PM]  13 1 0 1 0 3 0 4 199 22 24 0 0 0 0 161 
[2020-12-26 11:31:02 PM]  13 1 0 1 0 3 0 4 199 22 24 0 0 0 0 161 
[2020-12-26 11:31:03 PM]  13 1 0 1 0 3 0 4 199 22 24 0 0 0 0 161 
[2020-12-26 11:31:04 PM]  13 1 0 1 0 3 0 4 199 22 24 0 0 0 0 161 
[2020-12-26 11:31:05 PM]  13 1 0 1 0 3 0 4 198 22 24 0 0 0 0 161 
[2020-12-26 11:31:06 PM]  13 1 0 1 0 3 0 4 198 22 24 0 0 0 0 161 
[2020-12-26 11:31:07 PM]  13 1 0 1 0 3 0 4 190 22 24 0 0 0 0 161 
[2020-12-26 11:31:09 PM]  13 1 0 1 0 3 0 4 199 22 24 0 0 0 0 161 
[2020-12-26 11:31:10 PM]  13 1 0 1 0 3 0 4 199 22 24 0 0 0 0 161 
[2020-12-26 11:31:11 PM]  13 1 0 1 0 3 0 4 189 22 24 0 0 0 0 161 
[2020-12-26 11:31:12 PM]  13 1 0 1 0 3 0 4 190 22 24 0 0 0 0 161 
[2020-12-26 11:31:13 PM]  13 1 0 1 0 3 0 4 190 22 24 0 0 0 0 161 
[2020-12-26 11:31:14 PM]  13 1 0 1 0 3 0 4 190 22 24 0 0 0 0 161 
[2020-12-26 11:31:16 PM]  13 1 0 1 0 3 0 4 190 22 24 0 0 0 0 161 
[2020-12-26 11:31:17 PM]  13 1 0 1 0 3 0 4 190 22 24 0 0 0 0 161 
[2020-12-26 11:31:18 PM]  13 1 0 1 0 3 0 4 190 22 24 0 0 0 0 161 
[2020-12-26 11:31:19 PM]  13 1 0 1 0 3 0 4 191 22 24 0 0 0 0 161 
[2020-12-26 11:31:20 PM]  13 1 0 1 0 3 0 4 193 22 24 0 0 0 0 161 
[2020-12-26 11:31:21 PM]  13 1 0 1 0 3 0 4 199 22 24 0 0 0 0 161 
[2020-12-26 11:31:23 PM]  13 1 0 1 0 3 0 4 190 22 24 0 0 0 0 161 
[2020-12-26 11:31:24 PM]  13 1 0 1 0 3 0 4 189 22 24 0 0 0 0 161 
[2020-12-26 11:31:25 PM]  13 1 0 1 0 3 0 4 191 22 24 0 0 0 0 161 
[2020-12-26 11:31:26 PM]  13 1 0 1 0 3 0 4 198 22 24 0 0 0 0 161 
[2020-12-26 11:31:27 PM]  13 1 0 1 0 3 0 4 191 22 24 0 0 0 0 161 
[2020-12-26 11:31:28 PM]  13 1 0 1 0 3 0 4 190 22 24 0 0 0 0 161 
[2020-12-26 11:31:30 PM]  13 1 0 1 0 3 0 4 199 22 24 0 0 0 0 161 
[2020-12-26 11:31:31 PM]  13 1 0 1 0 3 0 4 190 22 24 0 0 0 0 161 
[2020-12-26 11:31:32 PM]  13 1 0 1 0 3 0 4 198 22 24 0 0 0 0 161 
[2020-12-26 11:31:33 PM]  13 1 0 1 0 3 0 4 192 22 24 0 0 0 0 161 
[2020-12-26 11:31:34 PM]  13 1 0 1 0 3 0 4 199 21 23 0 0 0 0 161 
[2020-12-26 11:31:35 PM]  13 1 1 2 1 3 2 4 88 20 25 0 0 0 0 161 
[2020-12-26 11:31:35 PM]  13 1 0 1 0 3 0 4 198 21 23 0 0 0 0 161 
[2020-12-26 11:31:37 PM]  13 1 0 1 0 3 0 4 199 21 23 0 0 0 0 161 
[2020-12-26 11:31:37 PM]  13 1 1 2 1 3 2 4 88 20 25 0 0 0 0 161 
[2020-12-26 11:31:38 PM]  13 1 0 1 0 3 0 4 198 21 23 0 0 0 0 161 
[2020-12-26 11:31:39 PM]  13 1 1 2 1 3 2 4 88 20 25 0 0 0 0 161 
[2020-12-26 11:31:39 PM]  13 1 0 1 0 3 0 4 199 21 23 0 0 0 0 161 
[2020-12-26 11:31:40 PM]  13 1 0 1 0 3 0 4 198 21 23 0 0 0 0 161 
[2020-12-26 11:31:41 PM]  13 1 1 2 1 3 2 4 88 20 25 0 0 0 0 161 
[2020-12-26 11:31:41 PM]  13 1 0 1 0 3 0 4 199 21 23 0 0 0 0 161 
[2020-12-26 11:31:42 PM]  13 1 0 1 0 3 0 4 199 21 23 0 0 0 0 161 
[2020-12-26 11:31:43 PM]  13 1 1 2 1 3 2 4 88 20 25 0 0 0 0 161 
[2020-12-26 11:31:44 PM]  13 1 0 1 0 3 0 4 199 21 23 0 0 0 0 161 
[2020-12-26 11:31:45 PM]  13 1 0 1 0 3 0 4 200 21 23 0 0 0 0 161 
[2020-12-26 11:31:45 PM]  13 1 1 2 1 3 2 4 88 20 25 0 0 0 0 161 
[2020-12-26 11:31:46 PM]  13 1 0 1 0 3 0 4 198 21 23 0 0 0 0 161 
[2020-12-26 11:31:47 PM]  13 1 1 2 1 3 2 4 88 20 25 0 0 0 0 161 
[2020-12-26 11:31:47 PM]  13 1 0 1 0 3 0 4 191 21 23 0 0 0 0 161 
[2020-12-26 11:31:48 PM]  13 1 0 1 0 3 0 4 191 21 23 0 0 0 0 161 
[2020-12-26 11:31:49 PM]  13 1 1 2 1 3 2 4 88 20 25 0 0 0 0 161 
[2020-12-26 11:31:49 PM]  13 1 0 1 0 3 0 4 190 21 23 0 0 0 0 161 
[2020-12-26 11:31:51 PM]  13 1 0 1 0 3 0 4 198 21 23 0 0 0 0 161 
[2020-12-26 11:31:51 PM]  13 1 1 2 1 3 2 4 88 20 25 0 0 0 0 161 
[2020-12-26 11:31:52 PM]  13 1 0 1 0 3 0 4 198 21 23 0 0 0 0 161 
[2020-12-26 11:31:53 PM]  13 1 1 2 1 3 2 4 88 20 25 0 0 0 0 161 
[2020-12-26 11:31:55 PM]  13 1 1 2 1 3 2 4 88 20 25 0 0 0 0 161 
[2020-12-26 11:31:57 PM]  13 1 1 2 1 3 2 4 88 20 25 0 0 0 0 161 
[2020-12-26 11:31:59 PM]  13 1 1 2 1 3 2 4 88 20 25 0 0 0 0 161 
[2020-12-26 11:32:06 PM]  13 1 1 2 1 3 2 4 88 20 25 0 0 0 0 161 
[2020-12-26 11:32:06 PM]  13 1 0 2 0 3 2 4 44 20 25 0 0 0 0 161 
[2020-12-26 11:32:06 PM]  13 1 0 2 0 3 2 4 44 20 25 0 0 0 0 161 
[2020-12-26 11:32:07 PM]  13 1 0 2 0 3 2 4 44 20 25 0 0 0 0 161 
[2020-12-26 11:32:09 PM]  13 1 0 2 0 3 2 4 44 20 25 0 0 0 0 161 
[2020-12-26 11:32:11 PM]  13 1 0 2 0 3 2 4 44 20 25 0 0 0 0 161 
[2020-12-26 11:32:13 PM]  13 1 0 2 0 3 2 4 44 20 25 0 0 0 0 161 
[2020-12-26 11:32:15 PM]  13 1 0 2 0 3 2 4 44 20 25 0 0 0 0 161 
[2020-12-26 11:32:17 PM]  13 1 0 2 0 3 2 4 44 20 25 0 0 0 0 161 
[2020-12-26 11:32:19 PM]  13 1 0 2 0 3 2 4 44 20 25 0 0 0 0 161 
[2020-12-26 11:32:21 PM]  13 1 0 2 0 3 2 4 44 20 25 0 0 0 0 161 
[2020-12-26 11:32:23 PM]  13 1 0 2 0 3 2 4 44 20 25 0 0 0 0 161 
[2020-12-26 11:32:25 PM]  13 1 0 2 0 3 2 4 44 20 25 0 0 0 0 161 
[2020-12-26 11:32:27 PM]  13 1 0 2 0 3 2 4 44 20 25 0 0 0 0 161 
[2020-12-26 11:32:29 PM]  13 1 0 2 0 3 2 4 44 20 25 0 0 0 0 161 
[2020-12-26 11:32:31 PM]  13 1 0 2 0 3 2 4 44 20 25 0 0 0 0 161 
[2020-12-26 11:32:33 PM]  13 1 0 2 0 3 2 4 44 20 25 0 0 0 0 161 
[2020-12-26 11:32:35 PM]  13 1 0 2 0 3 2 4 44 20 25 0 0 0 0 161 
[2020-12-26 11:32:37 PM]  13 1 0 2 0 3 2 4 44 20 25 0 0 0 0 161 
[2020-12-26 11:32:39 PM]  13 1 0 2 0 3 2 4 44 20 25 0 0 0 0 161 
[2020-12-26 11:32:41 PM]  13 1 0 2 0 3 2 4 44 20 25 0 0 0 0 161 
[2020-12-26 11:32:43 PM]  13 1 0 2 0 3 2 4 44 20 25 0 0 0 0 161 
[2020-12-26 11:32:45 PM]  13 1 0 2 0 3 2 4 44 20 25 0 0 0 0 161 
[2020-12-26 11:32:47 PM]  13 1 0 2 0 3 2 4 44 20 25 0 0 0 0 161 
[2020-12-26 11:32:49 PM]  13 1 0 2 0 3 2 4 44 20 25 0 0 0 0 161 
[2020-12-26 11:32:51 PM]  13 1 0 2 0 3 2 4 44 20 25 0 0 0 0 161 
[2020-12-26 11:32:53 PM]  13 1 0 2 0 3 2 4 44 20 25 0 0 0 0 161 
[2020-12-26 11:32:55 PM]  13 1 0 2 0 3 2 4 44 20 25 0 0 0 0 161 
[2020-12-26 11:32:57 PM]  13 1 0 2 0 3 2 4 44 20 25 0 0 0 0 161 
[2020-12-26 11:32:59 PM]  13 1 0 2 0 3 2 4 44 20 25 0 0 0 0 161 
[2020-12-26 11:33:01 PM]  13 1 0 2 0 3 2 4 44 20 25 0 0 0 0 161 
[2020-12-26 11:33:03 PM]  13 1 0 2 0 3 2 4 44 20 25 0 0 0 0 161 
[2020-12-26 11:33:05 PM]  13 1 0 2 0 3 2 4 44 20 25 0 0 0 0 161 
[2020-12-26 11:33:07 PM]  13 1 0 2 0 3 2 4 44 20 25 0 0 0 0 161 
[2020-12-26 11:33:09 PM]  13 1 0 2 0 3 2 4 44 20 25 0 0 0 0 161 
[2020-12-26 11:33:11 PM]  13 1 0 2 0 3 2 4 44 20 25 0 0 0 0 161 
[2020-12-26 11:33:13 PM]  13 1 0 2 0 3 2 4 44 20 25 0 0 0 0 161 
[2020-12-26 11:31:53 PM]  13 1 0 1 0 3 0 4 198 21 23 0 0 0 0 161 
[2020-12-26 11:33:14 PM]  13 1 0 1 0 3 0 4 190 21 23 0 0 0 0 161 
[2020-12-26 11:33:14 PM]  13 1 0 1 0 3 0 4 190 21 23 0 0 0 0 161 
[2020-12-26 11:33:14 PM]  13 1 0 1 0 3 0 4 191 21 23 0 0 0 0 161 
[2020-12-26 11:33:14 PM]  13 1 0 1 0 3 0 4 190 21 23 0 0 0 0 161 
[2020-12-26 11:33:14 PM]  13 1 0 1 0 3 0 4 198 21 23 0 0 0 0 161 
[2020-12-26 11:33:14 PM]  13 1 0 1 0 3 0 4 199 21 23 0 0 0 0 161 
[2020-12-26 11:33:14 PM]  13 1 0 1 0 3 0 4 199 21 23 0 0 0 0 161 
[2020-12-26 11:33:14 PM]  13 1 0 1 0 3 0 4 192 21 23 0 0 0 0 161 
[2020-12-26 11:33:14 PM]  13 1 0 1 0 3 0 4 198 21 23 0 0 0 0 161 
[2020-12-26 11:33:14 PM]  13 1 0 1 0 3 0 4 191 21 23 0 0 0 0 161 
[2020-12-26 11:33:14 PM]  13 1 0 1 0 3 0 4 190 21 23 0 0 0 0 161 
[2020-12-26 11:33:14 PM]  13 1 0 1 0 3 0 4 198 21 23 0 0 0 0 161 
[2020-12-26 11:33:14 PM]  13 1 0 1 0 3 0 4 190 21 23 0 0 0 0 161 
[2020-12-26 11:33:14 PM]  13 1 0 1 0 3 0 4 0 21 24 0 0 0 0 161 
[2020-12-26 11:33:14 PM]  13 1 0 1 0 3 0 4 191 21 24 0 0 0 0 161 
[2020-12-26 11:33:14 PM]  13 1 0 1 0 3 0 4 191 21 23 0 0 0 0 161 
[2020-12-26 11:33:14 PM]  13 1 0 1 0 3 0 4 199 21 23 0 0 0 0 161 
[2020-12-26 11:33:14 PM]  13 1 0 1 0 3 0 4 199 21 24 0 0 0 0 161 
[2020-12-26 11:33:14 PM]  13 1 0 1 0 3 0 4 190 21 24 0 0 0 0 161 
[2020-12-26 11:33:14 PM]  13 1 0 1 0 3 0 4 190 21 23 0 0 0 0 161 
[2020-12-26 11:33:14 PM]  13 1 0 1 0 3 0 4 190 21 23 0 0 0 0 161 
[2020-12-26 11:33:14 PM]  13 1 0 1 0 3 0 4 190 21 24 0 0 0 0 161 
[2020-12-26 11:33:14 PM]  13 1 0 1 0 3 0 4 191 21 24 0 0 0 0 161 
[2020-12-26 11:33:14 PM]  13 1 0 1 0 3 0 4 190 21 24 0 0 0 0 161 
[2020-12-26 11:33:14 PM]  13 1 0 1 0 3 0 4 190 21 24 0 0 0 0 161 
[2020-12-26 11:33:14 PM]  13 1 0 1 0 3 0 4 189 21 24 0 0 0 0 161 
[2020-12-26 11:33:14 PM]  13 1 0 1 0 3 0 4 189 21 24 0 0 0 0 161 
[2020-12-26 11:33:14 PM]  13 1 0 1 0 3 0 4 190 21 24 0 0 0 0 161 
[2020-12-26 11:33:14 PM]  13 1 0 1 0 3 0 4 189 21 24 0 0 0 0 161 
[2020-12-26 11:33:14 PM]  13 1 0 1 0 3 0 4 189 21 24 0 0 0 0 161 
[2020-12-26 11:33:14 PM]  13 1 0 1 0 3 0 4 192 21 24 0 0 0 0 161 
[2020-12-26 11:33:14 PM]  13 1 0 1 0 3 0 4 190 21 24 0 0 0 0 161 
[2020-12-26 11:33:14 PM]  13 1 0 1 0 3 0 4 190 21 24 0 0 0 0 161 
[2020-12-26 11:33:14 PM]  13 1 0 1 0 3 0 4 190 21 24 0 0 0 0 161 
[2020-12-26 11:33:14 PM]  13 1 0 1 0 3 0 4 190 21 24 0 0 0 0 161 
[2020-12-26 11:33:14 PM]  13 1 0 1 0 3 0 4 192 21 24 0 0 0 0 161 
[2020-12-26 11:33:14 PM]  13 1 0 1 0 3 0 4 198 21 24 0 0 0 0 161 
[2020-12-26 11:33:14 PM]  13 1 0 1 0 3 0 4 199 21 24 0 0 0 0 161 
[2020-12-26 11:33:14 PM]  13 1 0 1 0 3 0 4 198 21 24 0 0 0 0 161 
[2020-12-26 11:33:14 PM]  13 1 0 1 0 3 0 4 198 21 24 0 0 0 0 161 
[2020-12-26 11:33:14 PM]  13 1 0 1 0 3 0 4 191 21 24 0 0 0 0 161 
[2020-12-26 11:33:14 PM]  13 1 0 1 0 3 0 4 199 21 24 0 0 0 0 161 
[2020-12-26 11:33:14 PM]  13 1 0 1 0 3 0 4 191 21 24 0 0 0 0 161 
[2020-12-26 11:33:14 PM]  13 1 0 1 0 3 0 4 191 21 24 0 0 0 0 161 
[2020-12-26 11:33:14 PM]  13 1 0 1 0 3 0 4 189 21 24 0 0 0 0 161 
[2020-12-26 11:33:14 PM]  13 1 0 1 0 3 0 4 190 21 24 0 0 0 0 161 
[2020-12-26 11:33:14 PM]  13 1 0 1 0 3 0 4 190 21 24 0 0 0 0 161 
[2020-12-26 11:33:14 PM]  13 1 0 1 0 3 0 4 191 21 24 0 0 0 0 161 
[2020-12-26 11:33:14 PM]  13 1 0 1 0 3 0 4 198 21 24 0 0 0 0 161 
[2020-12-26 11:33:14 PM]  13 1 0 1 0 3 0 4 199 21 24 0 0 0 0 161 
[2020-12-26 11:33:14 PM]  13 1 0 1 0 3 0 4 199 21 24 0 0 0 0 161 
[2020-12-26 11:33:14 PM]  13 1 0 1 0 3 0 4 95 21 24 0 0 0 0 161 
[2020-12-26 11:33:14 PM]  13 1 0 1 0 3 0 4 199 21 24 0 0 0 0 161 
[2020-12-26 11:33:14 PM]  13 1 0 1 0 3 0 4 191 21 24 0 0 0 0 161 
[2020-12-26 11:33:14 PM]  13 1 0 1 0 3 0 4 191 21 24 0 0 0 0 161 
[2020-12-26 11:33:14 PM]  13 1 0 1 0 3 33 4 156 21 24 0 0 0 0 161 
[2020-12-26 11:33:14 PM]  13 1 0 1 0 3 32 4 142 21 24 0 0 0 0 161 
[2020-12-26 11:33:14 PM]  13 1 0 1 0 3 184 4 105 21 24 0 0 0 0 161 
[2020-12-26 11:33:14 PM]  13 1 0 1 0 3 151 4 141 21 24 0 0 0 0 161 
[2020-12-26 11:33:14 PM]  13 1 0 1 0 3 152 4 139 21 24 0 0 0 0 161 
[2020-12-26 11:33:14 PM]  13 1 0 1 0 3 0 4 189 21 24 0 0 0 0 161 
[2020-12-26 11:33:14 PM]  13 1 0 1 0 3 36 4 190 21 25 0 0 0 0 161 
[2020-12-26 11:33:14 PM]  13 1 0 1 0 3 40 4 188 21 25 0 0 0 0 161 
[2020-12-26 11:33:14 PM]  13 1 0 1 0 3 39 4 188 21 24 0 0 0 0 161 
[2020-12-26 11:33:14 PM]  13 1 0 1 0 3 34 4 191 21 24 0 0 0 0 161 
[2020-12-26 11:33:14 PM]  13 1 0 1 0 3 34 4 189 21 24 0 0 0 0 161 
[2020-12-26 11:33:14 PM]  13 1 0 1 0 3 34 4 143 21 24 0 0 0 0 161 
[2020-12-26 11:33:14 PM]  13 1 0 1 0 3 33 4 196 21 24 0 0 0 0 161 
[2020-12-26 11:33:14 PM]  13 1 0 1 0 3 0 4 190 21 24 0 0 0 0 161 
[2020-12-26 11:33:14 PM]  13 1 0 1 0 3 32 4 145 21 24 0 0 0 0 161 
[2020-12-26 11:33:15 PM]  13 1 0 2 0 3 2 4 44 20 25 0 0 0 0 161 
[2020-12-26 11:33:15 PM]  13 1 0 1 0 3 0 4 191 21 24 0 0 0 0 161 
[2020-12-26 11:33:17 PM]  13 1 0 1 0 3 0 4 85 21 24 0 0 0 0 161 
[2020-12-26 11:33:17 PM]  13 1 0 2 0 3 2 4 44 20 25 0 0 0 0 161 
[2020-12-26 11:33:18 PM]  13 1 0 1 0 3 0 4 199 21 24 0 0 0 0 161 
[2020-12-26 11:33:19 PM]  13 1 0 2 0 3 2 4 44 20 25 0 0 0 0 161 
[2020-12-26 11:33:19 PM]  13 1 0 1 0 3 0 4 199 21 24 0 0 0 0 161 
[2020-12-26 11:33:20 PM]  13 1 0 1 0 3 0 4 200 21 24 0 0 0 0 161 
[2020-12-26 11:33:21 PM]  13 1 0 2 0 3 2 4 44 20 25 0 0 0 0 161 
[2020-12-26 11:33:21 PM]  13 1 0 1 0 3 0 4 200 21 24 0 0 0 0 161 
[2020-12-26 11:33:22 PM]  13 1 0 1 0 3 32 4 147 21 24 0 0 0 0 161 
[2020-12-26 11:33:23 PM]  13 1 0 2 0 3 2 4 44 20 25 0 0 0 0 161 
[2020-12-26 11:33:24 PM]  13 1 0 1 0 3 32 4 148 21 24 0 0 0 0 161 
[2020-12-26 11:33:25 PM]  13 1 0 2 0 3 2 4 44 20 25 0 0 0 0 161 
[2020-12-26 11:33:27 PM]  13 1 0 2 0 3 2 4 44 20 25 0 0 0 0 161 
[2020-12-26 11:33:25 PM]  13 1 0 1 0 3 32 4 193 21 24 0 0 0 0 161 
[2020-12-26 11:33:27 PM]  13 1 0 1 0 3 0 4 198 21 25 0 0 0 0 161 
[2020-12-26 11:33:27 PM]  13 1 0 1 0 3 32 4 149 21 25 0 0 0 0 161 
[2020-12-26 11:33:28 PM]  13 1 0 1 0 3 32 4 149 21 25 0 0 0 0 161 
[2020-12-26 11:33:29 PM]  13 1 0 2 0 3 2 4 44 20 25 0 0 0 0 161 
[2020-12-26 11:33:29 PM]  13 1 1 1 0 3 32 4 145 21 25 0 0 0 0 161 
[2020-12-26 11:33:30 PM]  13 1 0 1 0 3 32 4 145 21 25 0 0 0 0 161 
[2020-12-26 11:33:31 PM]  13 1 1 1 0 3 32 4 147 21 25 0 0 0 0 161 
[2020-12-26 11:33:31 PM]  13 1 0 2 0 3 2 4 44 20 25 0 0 0 0 161 
[2020-12-26 11:33:33 PM]  13 1 1 1 0 3 32 4 147 21 25 0 0 0 0 161 
[2020-12-26 11:33:34 PM]  13 1 1 1 0 3 32 4 148 21 25 0 0 0 0 161 
[2020-12-26 11:33:35 PM]  13 1 1 1 0 3 0 4 199 21 25 0 0 0 0 161 
[2020-12-26 11:33:36 PM]  13 1 0 1 0 3 0 4 194 21 25 0 0 0 0 161 
[2020-12-26 11:33:37 PM]  13 1 1 1 0 3 0 4 190 21 25 0 0 0 0 161 
[2020-12-26 11:33:38 PM]  13 1 0 1 0 3 0 4 198 21 25 0 0 0 0 161 
[2020-12-26 11:33:40 PM]  13 1 0 1 0 3 32 4 198 21 25 0 0 0 0 161 
[2020-12-26 11:33:41 PM]  13 1 0 1 0 3 0 4 199 21 25 0 0 0 0 161 
[2020-12-26 11:33:42 PM]  13 1 0 1 0 3 0 4 189 21 25 0 0 0 0 161 
[2020-12-26 11:33:43 PM]  13 1 0 1 0 3 0 4 200 21 25 0 0 0 0 161 
[2020-12-26 11:33:44 PM]  13 1 0 1 0 3 0 4 0 21 25 0 0 0 0 161 
[2020-12-26 11:33:49 PM]  13 1 0 1 0 3 0 4 199 21 25 0 0 0 0 161 
[2020-12-26 11:33:49 PM]  13 1 0 1 0 3 0 4 191 21 25 0 0 0 0 161 
[2020-12-26 11:33:49 PM]  13 1 0 1 0 3 0 4 190 21 25 0 0 0 0 161 
[2020-12-26 11:33:49 PM]  13 1 0 1 0 3 0 4 190 21 25 0 0 0 0 161 
[2020-12-26 11:33:50 PM]  13 1 0 1 0 3 0 4 191 21 25 0 0 0 0 161 
[2020-12-26 11:33:51 PM]  13 1 0 1 0 3 0 4 190 21 25 0 0 0 0 161 
[2020-12-26 11:33:52 PM]  13 1 0 1 0 3 0 4 191 21 25 0 0 0 0 161 
[2020-12-26 11:33:54 PM]  13 1 0 1 0 3 0 4 190 21 25 0 0 0 0 161 
[2020-12-26 11:33:55 PM]  13 1 0 1 0 3 0 4 191 21 25 0 0 0 0 161 
[2020-12-26 11:33:56 PM]  13 1 0 1 0 3 0 4 190 21 25 0 0 0 0 161 
[2020-12-26 11:33:57 PM]  13 1 0 1 0 3 0 4 0 21 25 0 0 0 0 161 
[2020-12-26 11:33:58 PM]  13 1 0 1 0 3 0 4 199 21 25 0 0 0 0 161 
[2020-12-26 11:33:59 PM]  13 1 0 1 0 3 0 4 190 21 25 0 0 0 0 161 
[2020-12-26 11:34:01 PM]  13 1 0 1 0 3 0 4 192 21 25 0 0 0 0 161 
[2020-12-26 11:34:02 PM]  13 1 0 1 0 3 0 4 190 21 25 0 0 0 0 161 
[2020-12-26 11:34:03 PM]  13 1 0 1 0 3 0 4 190 21 24 0 0 0 0 161 
[2020-12-26 11:34:04 PM]  13 1 0 1 0 3 0 4 190 21 24 0 0 0 0 161 
[2020-12-26 11:34:05 PM]  13 1 0 1 0 3 162 4 190 21 25 0 0 0 0 161 
[2020-12-26 11:34:06 PM]  13 1 0 1 0 3 183 4 193 21 25 0 0 0 0 161 
[2020-12-26 11:34:08 PM]  13 1 0 1 0 3 182 4 187 21 25 0 0 0 0 161 
[2020-12-26 11:34:09 PM]  13 1 0 1 0 3 183 4 187 21 25 0 0 0 0 161 
[2020-12-26 11:34:10 PM]  13 1 0 1 0 3 183 4 189 21 25 0 0 0 0 161 
[2020-12-26 11:34:11 PM]  13 1 0 1 0 3 183 4 185 21 25 0 0 0 0 161 
[2020-12-26 11:34:12 PM]  13 1 0 1 0 3 183 4 193 21 25 0 0 0 0 161 
[2020-12-26 11:34:13 PM]  13 1 0 1 0 3 184 4 108 21 25 0 0 0 0 161 
[2020-12-26 11:34:15 PM]  13 1 0 1 0 3 0 4 198 21 25 0 0 0 0 161 
[2020-12-26 11:34:16 PM]  13 1 0 1 0 3 0 4 190 21 25 0 0 0 0 161 
[2020-12-26 11:34:17 PM]  13 1 0 1 0 3 184 4 107 21 25 0 0 0 0 161 
[2020-12-26 11:34:18 PM]  13 1 0 1 0 3 0 4 199 21 25 0 0 0 0 161 
[2020-12-26 11:34:19 PM]  13 1 0 1 0 3 184 4 108 0 0 0 0 0 0 161 
[2020-12-26 11:34:20 PM]  13 1 0 1 0 3 184 4 108 0 0 0 0 0 0 161 
[2020-12-26 11:34:22 PM]  13 1 0 1 0 3 184 4 107 0 0 0 0 0 0 161 
[2020-12-26 11:34:23 PM]  13 1 0 1 0 3 184 4 109 0 0 0 0 0 0 161 
[2020-12-26 11:34:24 PM]  13 1 0 1 0 3 0 4 190 21 25 0 0 0 0 161 
[2020-12-26 11:34:25 PM]  13 1 0 1 0 3 0 4 190 21 25 0 0 0 0 161 
[2020-12-26 11:34:26 PM]  13 1 0 1 0 3 0 4 199 21 24 0 0 0 0 161 
[2020-12-26 11:34:27 PM]  13 1 0 1 0 3 0 4 191 21 24 0 0 0 0 161 
[2020-12-26 11:34:29 PM]  13 1 0 1 0 3 0 4 198 21 25 0 0 0 0 161 
[2020-12-26 11:34:30 PM]  13 1 0 1 0 3 0 4 193 21 25 0 0 0 0 161 
[2020-12-26 11:34:31 PM]  13 1 0 1 0 3 0 4 191 21 25 0 0 0 0 161 
[2020-12-26 11:34:32 PM]  13 1 0 1 0 3 0 4 191 21 25 0 0 0 0 161 
[2020-12-26 11:34:33 PM]  13 1 0 1 0 3 0 4 191 21 25 0 0 0 0 161 
[2020-12-26 11:34:34 PM]  13 1 0 1 0 3 0 4 198 21 25 0 0 0 0 161 
[2020-12-26 11:34:36 PM]  13 1 0 1 0 3 0 4 198 21 25 0 0 0 0 161 
[2020-12-26 11:34:37 PM]  13 1 0 1 0 3 0 4 198 21 25 0 0 0 0 161 
[2020-12-26 11:34:38 PM]  13 1 0 1 0 3 0 4 191 21 25 0 0 0 0 161 
[2020-12-26 11:34:39 PM]  13 1 0 1 0 3 0 4 190 21 25 0 0 0 0 161 
[2020-12-26 11:34:40 PM]  13 1 0 1 0 3 0 4 191 21 25 0 0 0 0 161 
[2020-12-26 11:34:41 PM]  13 1 0 1 0 3 0 4 190 21 25 0 0 0 0 161 
[2020-12-26 11:34:43 PM]  13 1 0 1 0 3 0 4 192 21 25 0 0 0 0 161 
[2020-12-26 11:34:44 PM]  13 1 0 1 0 3 0 4 189 21 25 0 0 0 0 161 
[2020-12-26 11:34:45 PM]  13 1 0 1 0 3 0 4 190 21 25 0 0 0 0 161 
[2020-12-26 11:34:46 PM]  13 1 0 1 0 3 0 4 191 21 25 0 0 0 0 161 
[2020-12-26 11:34:47 PM]  13 1 0 1 0 3 0 4 199 21 25 0 0 0 0 161 
[2020-12-26 11:34:48 PM]  13 1 0 1 0 3 0 4 198 21 25 0 0 0 0 161 
[2020-12-26 11:34:50 PM]  13 1 0 1 0 3 185 4 188 21 25 0 0 0 0 161 
[2020-12-26 11:34:51 PM]  13 1 0 1 0 3 183 4 109 21 25 0 0 0 0 161 
[2020-12-26 11:34:52 PM]  13 1 0 1 0 3 183 4 108 0 0 0 0 0 0 161 
[2020-12-26 11:34:53 PM]  13 1 0 1 0 3 163 4 190 0 0 0 0 0 0 161 
[2020-12-26 11:34:54 PM]  13 1 0 1 0 3 186 4 190 0 0 0 0 0 0 161 
[2020-12-26 11:34:55 PM]  13 1 0 1 0 3 0 4 198 0 0 0 0 0 0 161 
[2020-12-26 11:34:56 PM]  13 1 0 1 0 3 0 4 190 21 25 0 0 0 0 161 
[2020-12-26 11:34:58 PM]  13 1 0 1 0 3 0 4 198 21 25 0 0 0 0 161 
[2020-12-26 11:34:59 PM]  13 1 0 1 0 3 0 4 198 21 25 0 0 0 0 161 
[2020-12-26 11:35:00 PM]  13 1 0 1 0 3 0 4 144 21 25 0 0 0 0 161 
[2020-12-26 11:35:01 PM]  13 1 0 1 0 3 0 4 178 21 25 0 0 0 0 161 
[2020-12-26 11:35:02 PM]  13 1 0 1 0 3 0 4 181 21 25 0 0 0 0 161 
[2020-12-26 11:35:03 PM]  13 1 0 1 0 3 0 4 180 21 25 0 0 0 0 161 
[2020-12-26 11:35:05 PM]  13 1 0 1 0 3 0 4 180 21 25 0 0 0 0 161 
[2020-12-26 11:35:06 PM]  13 1 0 1 0 3 0 4 180 21 25 0 0 0 0 161 
[2020-12-26 11:35:07 PM]  13 1 0 1 0 3 0 4 197 21 25 0 0 0 0 161 
[2020-12-26 11:35:08 PM]  13 1 0 1 0 3 0 4 191 21 25 0 0 0 0 161 
[2020-12-26 11:35:09 PM]  13 1 0 1 0 3 0 4 198 21 25 0 0 0 0 161 
[2020-12-26 11:35:10 PM]  13 1 0 1 0 3 0 4 190 21 25 0 0 0 0 161 
[2020-12-26 11:35:12 PM]  13 1 0 1 0 3 0 4 199 21 25 0 0 0 0 161 
[2020-12-26 11:35:13 PM]  13 1 0 1 0 3 0 4 200 21 25 0 0 0 0 161 
[2020-12-26 11:35:14 PM]  13 1 0 1 0 3 0 4 199 21 25 0 0 0 0 161 
[2020-12-26 11:35:15 PM]  13 1 0 1 0 3 0 4 162 21 25 0 0 0 0 161 
[2020-12-26 11:35:16 PM]  13 1 0 1 0 3 0 4 162 21 25 0 0 0 0 161 
[2020-12-26 11:35:17 PM]  13 1 0 1 0 3 0 4 153 21 25 0 0 0 0 161 
[2020-12-26 11:35:18 PM]  13 1 0 1 0 3 0 4 100 21 25 0 0 0 0 161 
[2020-12-26 11:35:20 PM]  13 1 0 1 0 3 0 4 98 21 25 0 0 0 0 161 
[2020-12-26 11:35:21 PM]  13 1 0 1 0 3 0 4 64 21 25 0 0 0 0 161 
[2020-12-26 11:35:22 PM]  13 1 0 1 0 3 0 4 55 21 25 0 0 0 0 161 
[2020-12-26 11:35:23 PM]  13 1 0 1 0 3 0 4 55 21 25 0 0 0 0 161 
[2020-12-26 11:35:24 PM]  13 1 0 1 0 3 0 4 13 21 25 0 0 0 0 161 
[2020-12-26 11:35:25 PM]  13 1 0 1 0 3 0 4 11 21 25 0 0 0 0 161 
[2020-12-26 11:35:27 PM]  13 1 0 1 0 3 0 4 12 21 25 0 0 0 0 161 
[2020-12-26 11:35:28 PM]  13 1 0 1 0 3 0 4 21 21 25 0 0 0 0 161 
[2020-12-26 11:35:29 PM]  13 1 0 1 0 3 0 4 0 21 25 0 0 0 0 161 
[2020-12-26 11:35:30 PM]  13 1 0 1 0 3 0 4 19 21 25 0 0 0 0 161 
[2020-12-26 11:35:31 PM]  13 1 0 1 0 3 0 4 21 21 25 0 0 0 0 161 
[2020-12-26 11:35:32 PM]  13 1 0 1 0 3 0 4 18 21 25 0 0 0 0 161 
[2020-12-26 11:35:34 PM]  13 1 0 1 0 3 0 4 0 21 25 0 0 0 0 161 
[2020-12-26 11:35:35 PM]  13 1 0 1 0 3 0 4 21 21 25 0 0 0 0 161 
[2020-12-26 11:35:36 PM]  13 1 0 1 0 3 0 4 126 21 25 0 0 0 0 161 
[2020-12-26 11:35:37 PM]  13 1 0 1 0 3 0 4 191 21 25 0 0 0 0 161 
[2020-12-26 11:35:38 PM]  13 1 0 1 0 3 0 4 191 21 25 0 0 0 0 161 
[2020-12-26 11:35:39 PM]  13 1 0 1 0 3 0 4 190 21 25 0 0 0 0 161 
[2020-12-26 11:35:41 PM]  13 1 0 1 0 3 0 4 190 21 25 0 0 0 0 161 
[2020-12-26 11:35:42 PM]  13 1 0 1 0 3 0 4 198 21 25 0 0 0 0 161 
[2020-12-26 11:35:43 PM]  13 1 0 1 0 3 0 4 190 21 25 0 0 0 0 161 
[2020-12-26 11:35:44 PM]  13 1 0 1 0 3 0 4 191 21 25 0 0 0 0 161 
[2020-12-26 11:35:45 PM]  13 1 0 1 0 3 0 4 190 21 25 0 0 0 0 161 
[2020-12-26 11:35:46 PM]  13 1 0 1 0 3 0 4 190 21 25 0 0 0 0 161 
[2020-12-26 11:35:48 PM]  13 1 0 1 0 3 0 4 190 21 25 0 0 0 0 161 
[2020-12-26 11:35:49 PM]  13 1 0 1 0 3 0 4 189 21 25 0 0 0 0 161 
[2020-12-26 11:35:50 PM]  13 1 0 1 0 3 0 4 190 21 25 0 0 0 0 161 
[2020-12-26 11:35:51 PM]  13 1 0 1 0 3 0 4 190 21 25 0 0 0 0 161 
[2020-12-26 11:35:52 PM]  13 1 0 1 0 3 0 4 193 21 25 0 0 0 0 161 
[2020-12-26 11:35:53 PM]  13 1 0 1 0 3 0 4 168 21 25 0 0 0 0 161 
[2020-12-26 11:35:55 PM]  13 1 0 1 0 3 0 4 92 21 25 0 0 0 0 161 
[2020-12-26 11:35:56 PM]  13 1 0 1 0 3 0 4 190 21 25 0 0 0 0 161 
[2020-12-26 11:35:57 PM]  13 1 0 1 0 3 0 4 190 21 25 0 0 0 0 161 
[2020-12-26 11:35:58 PM]  13 1 0 1 0 3 0 4 190 21 25 0 0 0 0 161 
